#
# There is insufficient memory for the Java Runtime Environment to continue.
# Native memory allocation (mmap) failed to map 146800640 bytes. Error detail: G1 virtual space
# Possible reasons:
#   The system is out of physical RAM or swap space
#   This process is running with CompressedOops enabled, and the Java Heap may be blocking the growth of the native heap
# Possible solutions:
#   Reduce memory load on the system
#   Increase physical memory or swap space
#   Check if swap backing store is full
#   Decrease Java heap size (-Xmx/-Xms)
#   Decrease number of Java threads
#   Decrease Java thread stack sizes (-Xss)
#   Set larger code cache with -XX:ReservedCodeCacheSize=
#   JVM is running with Zero Based Compressed Oops mode in which the Java heap is
#     placed in the first 32GB address space. The Java Heap base address is the
#     maximum limit for the native heap growth. Please use -XX:HeapBaseMinAddress
#     to set the Java Heap base and to place the Java Heap above 32GB virtual address.
# This output file may be truncated or incomplete.
#
#  Out of Memory Error (os_windows.cpp:3898), pid=11768, tid=9948
#
# JRE version: OpenJDK Runtime Environment (21.0.6) (build 21.0.6+-13355223-b631.42)
# Java VM: OpenJDK 64-Bit Server VM (21.0.6+-13355223-b631.42, mixed mode, tiered, compressed oops, compressed class ptrs, g1 gc, windows-amd64)
# No core dump will be written. Minidumps are not enabled by default on client versions of Windows
#

---------------  S U M M A R Y ------------

Command Line: org.jetbrains.kotlin.cli.jvm.K2JVMCompiler @E:\Android\Tannithea\app\build\20250504_5077269585463710941.compiler.options

Host: 11th Gen Intel(R) Core(TM) i5-1135G7 @ 2.40GHz, 8 cores, 15G,  Windows 11 , 64 bit Build 26100 (10.0.26100.3912)
Time: Sun May  4 13:51:56 2025 Egypt Daylight Time elapsed time: 9.432905 seconds (0d 0h 0m 9s)

---------------  T H R E A D  ---------------

Current thread (0x00000214fd14aad0):  VMThread "VM Thread"          [id=9948, stack(0x000000a05dd00000,0x000000a05de00000) (1024K)]

Stack: [0x000000a05dd00000,0x000000a05de00000]
Native frames: (J=compiled Java code, j=interpreted, Vv=VM code, C=native code)
V  [jvm.dll+0x6d05a9]
V  [jvm.dll+0x85ea73]
V  [jvm.dll+0x860fce]
V  [jvm.dll+0x8616b3]
V  [jvm.dll+0x27e6e6]
V  [jvm.dll+0x6ccf45]
V  [jvm.dll+0x6c09fa]
V  [jvm.dll+0x35535b]
V  [jvm.dll+0x35cfb6]
V  [jvm.dll+0x3aef46]
V  [jvm.dll+0x3af218]
V  [jvm.dll+0x327a2c]
V  [jvm.dll+0x327ab7]
V  [jvm.dll+0x36d90c]
V  [jvm.dll+0x36c0be]
V  [jvm.dll+0x327181]
V  [jvm.dll+0x36b7d0]
V  [jvm.dll+0x867438]
V  [jvm.dll+0x8687b4]
V  [jvm.dll+0x868cf0]
V  [jvm.dll+0x868f83]
V  [jvm.dll+0x806e48]
V  [jvm.dll+0x6cee7d]
C  [ucrtbase.dll+0x37b0]
C  [KERNEL32.DLL+0x2e8d7]
C  [ntdll.dll+0x9c5dc]

VM_Operation (0x000000a05d6f9350): G1CollectForAllocation, mode: safepoint, requested by thread 0x00000214f03f2d60


---------------  P R O C E S S  ---------------

Threads class SMR info:
_java_thread_list=0x00000214ff054830, length=13, elements={
0x00000214f03f2d60, 0x00000214fd655a60, 0x00000214fd662610, 0x00000214fd66c700,
0x00000214fd66d880, 0x00000214fd66e3c0, 0x00000214fd66fe20, 0x00000214fd670ba0,
0x00000214fd681640, 0x00000214fd836c80, 0x00000214fd8494c0, 0x00000214fd8aa250,
0x000002149326e2d0
}

Java Threads: ( => current thread )
  0x00000214f03f2d60 JavaThread "main"                              [_thread_blocked, id=15504, stack(0x000000a05d600000,0x000000a05d700000) (1024K)]
  0x00000214fd655a60 JavaThread "Reference Handler"          daemon [_thread_blocked, id=19600, stack(0x000000a05de00000,0x000000a05df00000) (1024K)]
  0x00000214fd662610 JavaThread "Finalizer"                  daemon [_thread_blocked, id=4596, stack(0x000000a05df00000,0x000000a05e000000) (1024K)]
  0x00000214fd66c700 JavaThread "Signal Dispatcher"          daemon [_thread_blocked, id=1080, stack(0x000000a05e000000,0x000000a05e100000) (1024K)]
  0x00000214fd66d880 JavaThread "Attach Listener"            daemon [_thread_blocked, id=15016, stack(0x000000a05e100000,0x000000a05e200000) (1024K)]
  0x00000214fd66e3c0 JavaThread "Service Thread"             daemon [_thread_blocked, id=21316, stack(0x000000a05e200000,0x000000a05e300000) (1024K)]
  0x00000214fd66fe20 JavaThread "Monitor Deflation Thread"   daemon [_thread_blocked, id=22864, stack(0x000000a05e300000,0x000000a05e400000) (1024K)]
  0x00000214fd670ba0 JavaThread "C2 CompilerThread0"         daemon [_thread_blocked, id=11148, stack(0x000000a05e400000,0x000000a05e500000) (1024K)]
  0x00000214fd681640 JavaThread "C1 CompilerThread0"         daemon [_thread_blocked, id=23024, stack(0x000000a05e500000,0x000000a05e600000) (1024K)]
  0x00000214fd836c80 JavaThread "Notification Thread"        daemon [_thread_blocked, id=18092, stack(0x000000a05e600000,0x000000a05e700000) (1024K)]
  0x00000214fd8494c0 JavaThread "Common-Cleaner"             daemon [_thread_blocked, id=2644, stack(0x000000a05e700000,0x000000a05e800000) (1024K)]
  0x00000214fd8aa250 JavaThread "C2 CompilerThread1"         daemon [_thread_blocked, id=21604, stack(0x000000a05e800000,0x000000a05e900000) (1024K)]
  0x000002149326e2d0 JavaThread "C2 CompilerThread2"         daemon [_thread_blocked, id=17220, stack(0x000000a05f100000,0x000000a05f200000) (1024K)]
Total: 13

Other Threads:
=>0x00000214fd14aad0 VMThread "VM Thread"                           [id=9948, stack(0x000000a05dd00000,0x000000a05de00000) (1024K)]
  0x00000214fd10cc60 WatcherThread "VM Periodic Task Thread"        [id=19192, stack(0x000000a05dc00000,0x000000a05dd00000) (1024K)]
  0x00000214f272d9b0 WorkerThread "GC Thread#0"                     [id=16924, stack(0x000000a05d700000,0x000000a05d800000) (1024K)]
  0x00000214fdfa3f00 WorkerThread "GC Thread#1"                     [id=22816, stack(0x000000a05e900000,0x000000a05ea00000) (1024K)]
  0x00000214fdfb2aa0 WorkerThread "GC Thread#2"                     [id=11132, stack(0x000000a05ea00000,0x000000a05eb00000) (1024K)]
  0x00000214fdfb2e40 WorkerThread "GC Thread#3"                     [id=9764, stack(0x000000a05eb00000,0x000000a05ec00000) (1024K)]
  0x00000214fdfb31e0 WorkerThread "GC Thread#4"                     [id=8208, stack(0x000000a05ec00000,0x000000a05ed00000) (1024K)]
  0x00000214fdfb3580 WorkerThread "GC Thread#5"                     [id=6260, stack(0x000000a05ed00000,0x000000a05ee00000) (1024K)]
  0x00000214fe3861c0 WorkerThread "GC Thread#6"                     [id=17696, stack(0x000000a05ee00000,0x000000a05ef00000) (1024K)]
  0x00000214fe385e20 WorkerThread "GC Thread#7"                     [id=11432, stack(0x000000a05ef00000,0x000000a05f000000) (1024K)]
  0x00000214f273e550 ConcurrentGCThread "G1 Main Marker"            [id=17556, stack(0x000000a05d800000,0x000000a05d900000) (1024K)]
  0x00000214f273f050 WorkerThread "G1 Conc#0"                       [id=20488, stack(0x000000a05d900000,0x000000a05da00000) (1024K)]
  0x00000214fe386ca0 WorkerThread "G1 Conc#1"                       [id=16824, stack(0x000000a05f000000,0x000000a05f100000) (1024K)]
  0x00000214f278e810 ConcurrentGCThread "G1 Refine#0"               [id=16152, stack(0x000000a05da00000,0x000000a05db00000) (1024K)]
  0x00000214fcfde820 ConcurrentGCThread "G1 Service"                [id=17076, stack(0x000000a05db00000,0x000000a05dc00000) (1024K)]
Total: 15

Threads with active compile tasks:
C2 CompilerThread0  9444 8269       4       org.jetbrains.kotlin.fir.resolve.calls.tower.TowerResolveManager$SuspendedResolverTask::compareTo (9 bytes)
C1 CompilerThread0  9444 8321       3       org.jetbrains.kotlin.fir.resolve.dfa.LogicSystem::copyStatements (820 bytes)
C2 CompilerThread1  9444 8259       4       org.jetbrains.kotlin.fir.resolve.dfa.FirDataFlowAnalyzer::buildDefaultFlow (299 bytes)
C2 CompilerThread2  9444 8260       4       org.jetbrains.kotlin.fir.resolve.dfa.LogicSystem::joinFlow (263 bytes)
Total: 4

VM state: at safepoint (normal execution)

VM Mutex/Monitor currently owned by a thread:  ([mutex/lock_event])
[0x00007ffffff0e3a0] Threads_lock - owner thread: 0x00000214fd14aad0
[0x00007ffffff0e4a0] Heap_lock - owner thread: 0x00000214f03f2d60

Heap address: 0x0000000704400000, size: 4028 MB, Compressed Oops mode: Zero based, Oop shift amount: 3

CDS archive(s) not mapped
Compressed class space mapped at: 0x0000000800000000-0x0000000840000000, reserved size: 1073741824
Narrow klass base: 0x0000000800000000, Narrow klass shift: 0, Narrow klass range: 0x40000000

GC Precious Log:
 CardTable entry size: 512
 Card Set container configuration: InlinePtr #cards 4 size 8 Array Of Cards #cards 16 size 48 Howl #buckets 8 coarsen threshold 3686 Howl Bitmap #cards 512 size 80 coarsen threshold 460 Card regions per heap region 1 cards per card region 4096
 CPUs: 8 total, 8 available
 Memory: 16106M
 Large Page Support: Disabled
 NUMA Support: Disabled
 Compressed Oops: Enabled (Zero based)
 Heap Region Size: 2M
 Heap Min Capacity: 8M
 Heap Initial Capacity: 252M
 Heap Max Capacity: 4028M
 Pre-touch: Disabled
 Parallel Workers: 8
 Concurrent Workers: 2
 Concurrent Refinement Workers: 8
 Periodic GC: Disabled

Heap:
 garbage-first heap   total 266240K, used 143793K [0x0000000704400000, 0x0000000800000000)
  region size 2048K, 4 young (8192K), 4 survivors (8192K)
 Metaspace       used 58165K, committed 58560K, reserved 1114112K
  class space    used 6487K, committed 6656K, reserved 1048576K

Heap Regions: E=young(eden), S=young(survivor), O=old, HS=humongous(starts), HC=humongous(continues), CS=collection set, F=free, TAMS=top-at-mark-start, PB=parsable bottom
|   0|0x0000000704400000, 0x0000000704600000, 0x0000000704600000|100%|HS|  |TAMS 0x0000000704400000| PB 0x0000000704400000| Complete 
|   1|0x0000000704600000, 0x0000000704800000, 0x0000000704800000|100%|HC|  |TAMS 0x0000000704600000| PB 0x0000000704600000| Complete 
|   2|0x0000000704800000, 0x0000000704a00000, 0x0000000704a00000|100%| O|  |TAMS 0x0000000704800000| PB 0x0000000704800000| Untracked 
|   3|0x0000000704a00000, 0x0000000704c00000, 0x0000000704c00000|100%| O|  |TAMS 0x0000000704a00000| PB 0x0000000704a00000| Untracked 
|   4|0x0000000704c00000, 0x0000000704e00000, 0x0000000704e00000|100%| O|  |TAMS 0x0000000704c00000| PB 0x0000000704c00000| Untracked 
|   5|0x0000000704e00000, 0x0000000705000000, 0x0000000705000000|100%| O|  |TAMS 0x0000000704e00000| PB 0x0000000704e00000| Untracked 
|   6|0x0000000705000000, 0x0000000705200000, 0x0000000705200000|100%| O|  |TAMS 0x0000000705000000| PB 0x0000000705000000| Untracked 
|   7|0x0000000705200000, 0x0000000705400000, 0x0000000705400000|100%| O|  |TAMS 0x0000000705200000| PB 0x0000000705200000| Untracked 
|   8|0x0000000705400000, 0x0000000705600000, 0x0000000705600000|100%| O|  |TAMS 0x0000000705400000| PB 0x0000000705400000| Untracked 
|   9|0x0000000705600000, 0x0000000705800000, 0x0000000705800000|100%| O|  |TAMS 0x0000000705600000| PB 0x0000000705600000| Untracked 
|  10|0x0000000705800000, 0x0000000705a00000, 0x0000000705a00000|100%| O|  |TAMS 0x0000000705800000| PB 0x0000000705800000| Untracked 
|  11|0x0000000705a00000, 0x0000000705c00000, 0x0000000705c00000|100%| O|  |TAMS 0x0000000705a00000| PB 0x0000000705a00000| Untracked 
|  12|0x0000000705c00000, 0x0000000705e00000, 0x0000000705e00000|100%| O|  |TAMS 0x0000000705c00000| PB 0x0000000705c00000| Untracked 
|  13|0x0000000705e00000, 0x0000000706000000, 0x0000000706000000|100%| O|  |TAMS 0x0000000705e00000| PB 0x0000000705e00000| Untracked 
|  14|0x0000000706000000, 0x0000000706200000, 0x0000000706200000|100%| O|  |TAMS 0x0000000706000000| PB 0x0000000706000000| Untracked 
|  15|0x0000000706200000, 0x0000000706400000, 0x0000000706400000|100%| O|  |TAMS 0x0000000706200000| PB 0x0000000706200000| Untracked 
|  16|0x0000000706400000, 0x0000000706600000, 0x0000000706600000|100%| O|  |TAMS 0x0000000706400000| PB 0x0000000706400000| Untracked 
|  17|0x0000000706600000, 0x0000000706800000, 0x0000000706800000|100%| O|  |TAMS 0x0000000706600000| PB 0x0000000706600000| Untracked 
|  18|0x0000000706800000, 0x0000000706a00000, 0x0000000706a00000|100%| O|  |TAMS 0x0000000706800000| PB 0x0000000706800000| Untracked 
|  19|0x0000000706a00000, 0x0000000706c00000, 0x0000000706c00000|100%| O|  |TAMS 0x0000000706a00000| PB 0x0000000706a00000| Untracked 
|  20|0x0000000706c00000, 0x0000000706e00000, 0x0000000706e00000|100%| O|  |TAMS 0x0000000706c00000| PB 0x0000000706c00000| Untracked 
|  21|0x0000000706e00000, 0x0000000707000000, 0x0000000707000000|100%| O|  |TAMS 0x0000000706e00000| PB 0x0000000706e00000| Untracked 
|  22|0x0000000707000000, 0x0000000707200000, 0x0000000707200000|100%| O|  |TAMS 0x0000000707000000| PB 0x0000000707000000| Untracked 
|  23|0x0000000707200000, 0x0000000707400000, 0x0000000707400000|100%| O|  |TAMS 0x0000000707200000| PB 0x0000000707200000| Untracked 
|  24|0x0000000707400000, 0x0000000707600000, 0x0000000707600000|100%| O|  |TAMS 0x0000000707400000| PB 0x0000000707400000| Untracked 
|  25|0x0000000707600000, 0x0000000707800000, 0x0000000707800000|100%| O|  |TAMS 0x0000000707600000| PB 0x0000000707600000| Untracked 
|  26|0x0000000707800000, 0x0000000707800000, 0x0000000707a00000|  0%| F|  |TAMS 0x0000000707800000| PB 0x0000000707800000| Untracked 
|  27|0x0000000707a00000, 0x0000000707c00000, 0x0000000707c00000|100%| O|  |TAMS 0x0000000707a00000| PB 0x0000000707a00000| Untracked 
|  28|0x0000000707c00000, 0x0000000707e00000, 0x0000000707e00000|100%| O|  |TAMS 0x0000000707c00000| PB 0x0000000707c00000| Untracked 
|  29|0x0000000707e00000, 0x0000000708000000, 0x0000000708000000|100%| O|  |TAMS 0x0000000707e00000| PB 0x0000000707e00000| Untracked 
|  30|0x0000000708000000, 0x0000000708200000, 0x0000000708200000|100%| O|  |TAMS 0x0000000708000000| PB 0x0000000708000000| Untracked 
|  31|0x0000000708200000, 0x0000000708400000, 0x0000000708400000|100%| O|  |TAMS 0x0000000708200000| PB 0x0000000708200000| Untracked 
|  32|0x0000000708400000, 0x0000000708600000, 0x0000000708600000|100%| O|  |TAMS 0x0000000708400000| PB 0x0000000708400000| Untracked 
|  33|0x0000000708600000, 0x0000000708800000, 0x0000000708800000|100%| O|  |TAMS 0x0000000708600000| PB 0x0000000708600000| Untracked 
|  34|0x0000000708800000, 0x0000000708a00000, 0x0000000708a00000|100%| O|  |TAMS 0x0000000708800000| PB 0x0000000708800000| Untracked 
|  35|0x0000000708a00000, 0x0000000708a00000, 0x0000000708c00000|  0%| F|  |TAMS 0x0000000708a00000| PB 0x0000000708a00000| Untracked 
|  36|0x0000000708c00000, 0x0000000708e00000, 0x0000000708e00000|100%| O|  |TAMS 0x0000000708c00000| PB 0x0000000708c00000| Untracked 
|  37|0x0000000708e00000, 0x0000000709000000, 0x0000000709000000|100%| O|  |TAMS 0x0000000708e00000| PB 0x0000000708e00000| Untracked 
|  38|0x0000000709000000, 0x0000000709200000, 0x0000000709200000|100%| O|  |TAMS 0x0000000709000000| PB 0x0000000709000000| Untracked 
|  39|0x0000000709200000, 0x0000000709400000, 0x0000000709400000|100%| O|  |TAMS 0x0000000709200000| PB 0x0000000709200000| Untracked 
|  40|0x0000000709400000, 0x0000000709600000, 0x0000000709600000|100%| O|  |TAMS 0x0000000709400000| PB 0x0000000709400000| Untracked 
|  41|0x0000000709600000, 0x0000000709800000, 0x0000000709800000|100%| O|  |TAMS 0x0000000709600000| PB 0x0000000709600000| Untracked 
|  42|0x0000000709800000, 0x0000000709a00000, 0x0000000709a00000|100%| O|  |TAMS 0x0000000709800000| PB 0x0000000709800000| Untracked 
|  43|0x0000000709a00000, 0x0000000709c00000, 0x0000000709c00000|100%| O|  |TAMS 0x0000000709a00000| PB 0x0000000709a00000| Untracked 
|  44|0x0000000709c00000, 0x0000000709e00000, 0x0000000709e00000|100%| O|  |TAMS 0x0000000709c00000| PB 0x0000000709c00000| Untracked 
|  45|0x0000000709e00000, 0x000000070a000000, 0x000000070a000000|100%| O|  |TAMS 0x0000000709e00000| PB 0x0000000709e00000| Untracked 
|  46|0x000000070a000000, 0x000000070a200000, 0x000000070a200000|100%| O|  |TAMS 0x000000070a000000| PB 0x000000070a000000| Untracked 
|  47|0x000000070a200000, 0x000000070a400000, 0x000000070a400000|100%| O|  |TAMS 0x000000070a200000| PB 0x000000070a200000| Untracked 
|  48|0x000000070a400000, 0x000000070a600000, 0x000000070a600000|100%| O|  |TAMS 0x000000070a400000| PB 0x000000070a400000| Untracked 
|  49|0x000000070a600000, 0x000000070a800000, 0x000000070a800000|100%| O|  |TAMS 0x000000070a600000| PB 0x000000070a600000| Untracked 
|  50|0x000000070a800000, 0x000000070aa00000, 0x000000070aa00000|100%| O|  |TAMS 0x000000070a800000| PB 0x000000070a800000| Untracked 
|  51|0x000000070aa00000, 0x000000070ac00000, 0x000000070ac00000|100%| O|  |TAMS 0x000000070aa00000| PB 0x000000070aa00000| Untracked 
|  52|0x000000070ac00000, 0x000000070ae00000, 0x000000070ae00000|100%| O|  |TAMS 0x000000070ac00000| PB 0x000000070ac00000| Untracked 
|  53|0x000000070ae00000, 0x000000070b000000, 0x000000070b000000|100%| O|  |TAMS 0x000000070ae00000| PB 0x000000070ae00000| Untracked 
|  54|0x000000070b000000, 0x000000070b200000, 0x000000070b200000|100%| O|  |TAMS 0x000000070b000000| PB 0x000000070b000000| Untracked 
|  55|0x000000070b200000, 0x000000070b400000, 0x000000070b400000|100%| O|  |TAMS 0x000000070b200000| PB 0x000000070b200000| Untracked 
|  56|0x000000070b400000, 0x000000070b600000, 0x000000070b600000|100%| O|  |TAMS 0x000000070b400000| PB 0x000000070b400000| Untracked 
|  57|0x000000070b600000, 0x000000070b800000, 0x000000070b800000|100%| O|  |TAMS 0x000000070b600000| PB 0x000000070b600000| Untracked 
|  58|0x000000070b800000, 0x000000070ba00000, 0x000000070ba00000|100%| O|  |TAMS 0x000000070b800000| PB 0x000000070b800000| Untracked 
|  59|0x000000070ba00000, 0x000000070bc00000, 0x000000070bc00000|100%| O|  |TAMS 0x000000070ba00000| PB 0x000000070ba00000| Untracked 
|  60|0x000000070bc00000, 0x000000070be00000, 0x000000070be00000|100%| O|  |TAMS 0x000000070bc00000| PB 0x000000070bc00000| Untracked 
|  61|0x000000070be00000, 0x000000070c000000, 0x000000070c000000|100%| O|  |TAMS 0x000000070be00000| PB 0x000000070be00000| Untracked 
|  62|0x000000070c000000, 0x000000070c200000, 0x000000070c200000|100%| O|  |TAMS 0x000000070c000000| PB 0x000000070c000000| Untracked 
|  63|0x000000070c200000, 0x000000070c400000, 0x000000070c400000|100%| O|  |TAMS 0x000000070c200000| PB 0x000000070c200000| Untracked 
|  64|0x000000070c400000, 0x000000070c46c608, 0x000000070c600000| 21%| O|  |TAMS 0x000000070c400000| PB 0x000000070c400000| Untracked 
|  65|0x000000070c600000, 0x000000070c600000, 0x000000070c800000|  0%| F|  |TAMS 0x000000070c600000| PB 0x000000070c600000| Untracked 
|  66|0x000000070c800000, 0x000000070c800000, 0x000000070ca00000|  0%| F|  |TAMS 0x000000070c800000| PB 0x000000070c800000| Untracked 
|  67|0x000000070ca00000, 0x000000070ca00000, 0x000000070cc00000|  0%| F|  |TAMS 0x000000070ca00000| PB 0x000000070ca00000| Untracked 
|  68|0x000000070cc00000, 0x000000070cc00000, 0x000000070ce00000|  0%| F|  |TAMS 0x000000070cc00000| PB 0x000000070cc00000| Untracked 
|  69|0x000000070ce00000, 0x000000070ce00000, 0x000000070d000000|  0%| F|  |TAMS 0x000000070ce00000| PB 0x000000070ce00000| Untracked 
|  70|0x000000070d000000, 0x000000070d200000, 0x000000070d200000|100%| S|CS|TAMS 0x000000070d000000| PB 0x000000070d000000| Complete 
|  71|0x000000070d200000, 0x000000070d400000, 0x000000070d400000|100%| S|CS|TAMS 0x000000070d200000| PB 0x000000070d200000| Complete 
|  72|0x000000070d400000, 0x000000070d600000, 0x000000070d600000|100%| S|CS|TAMS 0x000000070d400000| PB 0x000000070d400000| Complete 
|  73|0x000000070d600000, 0x000000070d800000, 0x000000070d800000|100%| S|CS|TAMS 0x000000070d600000| PB 0x000000070d600000| Complete 
|  74|0x000000070d800000, 0x000000070d800000, 0x000000070da00000|  0%| F|  |TAMS 0x000000070d800000| PB 0x000000070d800000| Untracked 
|  75|0x000000070da00000, 0x000000070da00000, 0x000000070dc00000|  0%| F|  |TAMS 0x000000070da00000| PB 0x000000070da00000| Untracked 
|  76|0x000000070dc00000, 0x000000070dc00000, 0x000000070de00000|  0%| F|  |TAMS 0x000000070dc00000| PB 0x000000070dc00000| Untracked 
|  77|0x000000070de00000, 0x000000070de00000, 0x000000070e000000|  0%| F|  |TAMS 0x000000070de00000| PB 0x000000070de00000| Untracked 
|  78|0x000000070e000000, 0x000000070e000000, 0x000000070e200000|  0%| F|  |TAMS 0x000000070e000000| PB 0x000000070e000000| Untracked 
|  79|0x000000070e200000, 0x000000070e200000, 0x000000070e400000|  0%| F|  |TAMS 0x000000070e200000| PB 0x000000070e200000| Untracked 
|  80|0x000000070e400000, 0x000000070e400000, 0x000000070e600000|  0%| F|  |TAMS 0x000000070e400000| PB 0x000000070e400000| Untracked 
|  81|0x000000070e600000, 0x000000070e600000, 0x000000070e800000|  0%| F|  |TAMS 0x000000070e600000| PB 0x000000070e600000| Untracked 
|  82|0x000000070e800000, 0x000000070e800000, 0x000000070ea00000|  0%| F|  |TAMS 0x000000070e800000| PB 0x000000070e800000| Untracked 
|  83|0x000000070ea00000, 0x000000070ea00000, 0x000000070ec00000|  0%| F|  |TAMS 0x000000070ea00000| PB 0x000000070ea00000| Untracked 
|  84|0x000000070ec00000, 0x000000070ec00000, 0x000000070ee00000|  0%| F|  |TAMS 0x000000070ec00000| PB 0x000000070ec00000| Untracked 
|  85|0x000000070ee00000, 0x000000070ee00000, 0x000000070f000000|  0%| F|  |TAMS 0x000000070ee00000| PB 0x000000070ee00000| Untracked 
|  86|0x000000070f000000, 0x000000070f000000, 0x000000070f200000|  0%| F|  |TAMS 0x000000070f000000| PB 0x000000070f000000| Untracked 
|  87|0x000000070f200000, 0x000000070f200000, 0x000000070f400000|  0%| F|  |TAMS 0x000000070f200000| PB 0x000000070f200000| Untracked 
|  88|0x000000070f400000, 0x000000070f400000, 0x000000070f600000|  0%| F|  |TAMS 0x000000070f400000| PB 0x000000070f400000| Untracked 
|  89|0x000000070f600000, 0x000000070f600000, 0x000000070f800000|  0%| F|  |TAMS 0x000000070f600000| PB 0x000000070f600000| Untracked 
|  90|0x000000070f800000, 0x000000070f800000, 0x000000070fa00000|  0%| F|  |TAMS 0x000000070f800000| PB 0x000000070f800000| Untracked 
|  91|0x000000070fa00000, 0x000000070fa00000, 0x000000070fc00000|  0%| F|  |TAMS 0x000000070fa00000| PB 0x000000070fa00000| Untracked 
|  92|0x000000070fc00000, 0x000000070fc00000, 0x000000070fe00000|  0%| F|  |TAMS 0x000000070fc00000| PB 0x000000070fc00000| Untracked 
|  93|0x000000070fe00000, 0x000000070fe00000, 0x0000000710000000|  0%| F|  |TAMS 0x000000070fe00000| PB 0x000000070fe00000| Untracked 
|  94|0x0000000710000000, 0x0000000710000000, 0x0000000710200000|  0%| F|  |TAMS 0x0000000710000000| PB 0x0000000710000000| Untracked 
|  95|0x0000000710200000, 0x0000000710200000, 0x0000000710400000|  0%| F|  |TAMS 0x0000000710200000| PB 0x0000000710200000| Untracked 
|  96|0x0000000710400000, 0x0000000710400000, 0x0000000710600000|  0%| F|  |TAMS 0x0000000710400000| PB 0x0000000710400000| Untracked 
|  97|0x0000000710600000, 0x0000000710600000, 0x0000000710800000|  0%| F|  |TAMS 0x0000000710600000| PB 0x0000000710600000| Untracked 
|  98|0x0000000710800000, 0x0000000710800000, 0x0000000710a00000|  0%| F|  |TAMS 0x0000000710800000| PB 0x0000000710800000| Untracked 
|  99|0x0000000710a00000, 0x0000000710a00000, 0x0000000710c00000|  0%| F|  |TAMS 0x0000000710a00000| PB 0x0000000710a00000| Untracked 
| 100|0x0000000710c00000, 0x0000000710c00000, 0x0000000710e00000|  0%| F|  |TAMS 0x0000000710c00000| PB 0x0000000710c00000| Untracked 
| 101|0x0000000710e00000, 0x0000000710e00000, 0x0000000711000000|  0%| F|  |TAMS 0x0000000710e00000| PB 0x0000000710e00000| Untracked 
| 102|0x0000000711000000, 0x0000000711000000, 0x0000000711200000|  0%| F|  |TAMS 0x0000000711000000| PB 0x0000000711000000| Untracked 
| 103|0x0000000711200000, 0x0000000711200000, 0x0000000711400000|  0%| F|  |TAMS 0x0000000711200000| PB 0x0000000711200000| Untracked 
| 104|0x0000000711400000, 0x0000000711400000, 0x0000000711600000|  0%| F|  |TAMS 0x0000000711400000| PB 0x0000000711400000| Untracked 
| 105|0x0000000711600000, 0x0000000711600000, 0x0000000711800000|  0%| F|  |TAMS 0x0000000711600000| PB 0x0000000711600000| Untracked 
| 106|0x0000000711800000, 0x0000000711800000, 0x0000000711a00000|  0%| F|  |TAMS 0x0000000711800000| PB 0x0000000711800000| Untracked 
| 107|0x0000000711a00000, 0x0000000711a00000, 0x0000000711c00000|  0%| F|  |TAMS 0x0000000711a00000| PB 0x0000000711a00000| Untracked 
| 108|0x0000000711c00000, 0x0000000711c00000, 0x0000000711e00000|  0%| F|  |TAMS 0x0000000711c00000| PB 0x0000000711c00000| Untracked 
| 109|0x0000000711e00000, 0x0000000711e00000, 0x0000000712000000|  0%| F|  |TAMS 0x0000000711e00000| PB 0x0000000711e00000| Untracked 
| 110|0x0000000712000000, 0x0000000712000000, 0x0000000712200000|  0%| F|  |TAMS 0x0000000712000000| PB 0x0000000712000000| Untracked 
| 111|0x0000000712200000, 0x0000000712200000, 0x0000000712400000|  0%| F|  |TAMS 0x0000000712200000| PB 0x0000000712200000| Untracked 
| 112|0x0000000712400000, 0x0000000712400000, 0x0000000712600000|  0%| F|  |TAMS 0x0000000712400000| PB 0x0000000712400000| Untracked 
| 113|0x0000000712600000, 0x0000000712600000, 0x0000000712800000|  0%| F|  |TAMS 0x0000000712600000| PB 0x0000000712600000| Untracked 
| 114|0x0000000712800000, 0x0000000712800000, 0x0000000712a00000|  0%| F|  |TAMS 0x0000000712800000| PB 0x0000000712800000| Untracked 
| 115|0x0000000712a00000, 0x0000000712a00000, 0x0000000712c00000|  0%| F|  |TAMS 0x0000000712a00000| PB 0x0000000712a00000| Untracked 
| 116|0x0000000712c00000, 0x0000000712c00000, 0x0000000712e00000|  0%| F|  |TAMS 0x0000000712c00000| PB 0x0000000712c00000| Untracked 
| 117|0x0000000712e00000, 0x0000000712e00000, 0x0000000713000000|  0%| F|  |TAMS 0x0000000712e00000| PB 0x0000000712e00000| Untracked 
| 118|0x0000000713000000, 0x0000000713000000, 0x0000000713200000|  0%| F|  |TAMS 0x0000000713000000| PB 0x0000000713000000| Untracked 
| 119|0x0000000713200000, 0x0000000713200000, 0x0000000713400000|  0%| F|  |TAMS 0x0000000713200000| PB 0x0000000713200000| Untracked 
| 120|0x0000000713400000, 0x0000000713400000, 0x0000000713600000|  0%| F|  |TAMS 0x0000000713400000| PB 0x0000000713400000| Untracked 
| 121|0x0000000713600000, 0x0000000713600000, 0x0000000713800000|  0%| F|  |TAMS 0x0000000713600000| PB 0x0000000713600000| Untracked 
| 122|0x0000000713800000, 0x0000000713800000, 0x0000000713a00000|  0%| F|  |TAMS 0x0000000713800000| PB 0x0000000713800000| Untracked 
| 123|0x0000000713a00000, 0x0000000713a00000, 0x0000000713c00000|  0%| F|  |TAMS 0x0000000713a00000| PB 0x0000000713a00000| Untracked 
| 124|0x0000000713c00000, 0x0000000713c00000, 0x0000000713e00000|  0%| F|  |TAMS 0x0000000713c00000| PB 0x0000000713c00000| Untracked 
| 125|0x0000000713e00000, 0x0000000713e00000, 0x0000000714000000|  0%| F|  |TAMS 0x0000000713e00000| PB 0x0000000713e00000| Untracked 
|2010|0x00000007ff800000, 0x00000007ffa00000, 0x00000007ffa00000|100%| O|  |TAMS 0x00000007ff800000| PB 0x00000007ff800000| Untracked 
|2011|0x00000007ffa00000, 0x00000007ffc00000, 0x00000007ffc00000|100%| O|  |TAMS 0x00000007ffa00000| PB 0x00000007ffa00000| Untracked 
|2012|0x00000007ffc00000, 0x00000007ffe00000, 0x00000007ffe00000|100%| O|  |TAMS 0x00000007ffc00000| PB 0x00000007ffc00000| Untracked 
|2013|0x00000007ffe00000, 0x0000000800000000, 0x0000000800000000|100%| O|  |TAMS 0x00000007ffe00000| PB 0x00000007ffe00000| Untracked 

Card table byte_map: [0x00000214f6330000,0x00000214f6b10000] _byte_map_base: 0x00000214f2b0e000

Marking Bits: (CMBitMap*) 0x00000214f272e0b0
 Bits: [0x00000214f6b10000, 0x00000214faa00000)

Polling page: 0x00000214f03b0000

Metaspace:

Usage:
  Non-class:     50.47 MB used.
      Class:      6.34 MB used.
       Both:     56.80 MB used.

Virtual space:
  Non-class space:       64.00 MB reserved,      50.69 MB ( 79%) committed,  1 nodes.
      Class space:        1.00 GB reserved,       6.50 MB ( <1%) committed,  1 nodes.
             Both:        1.06 GB reserved,      57.19 MB (  5%) committed. 

Chunk freelists:
   Non-Class:  13.23 MB
       Class:  9.35 MB
        Both:  22.58 MB

MaxMetaspaceSize: unlimited
CompressedClassSpaceSize: 1.00 GB
Initial GC threshold: 21.00 MB
Current GC threshold: 94.38 MB
CDS: off
 - commit_granule_bytes: 65536.
 - commit_granule_words: 8192.
 - virtual_space_node_default_size: 8388608.
 - enlarge_chunks_in_place: 1.
 - use_allocation_guard: 0.


Internal statistics:

num_allocs_failed_limit: 6.
num_arena_births: 320.
num_arena_deaths: 0.
num_vsnodes_births: 2.
num_vsnodes_deaths: 0.
num_space_committed: 913.
num_space_uncommitted: 0.
num_chunks_returned_to_freelist: 6.
num_chunks_taken_from_freelist: 2095.
num_chunk_merges: 6.
num_chunk_splits: 1688.
num_chunks_enlarged: 1514.
num_inconsistent_stats: 0.

CodeHeap 'non-profiled nmethods': size=120000Kb used=4850Kb max_used=4927Kb free=115149Kb
 bounds [0x0000021487ad0000, 0x0000021487fd0000, 0x000002148f000000]
CodeHeap 'profiled nmethods': size=120000Kb used=23950Kb max_used=23950Kb free=96049Kb
 bounds [0x0000021480000000, 0x0000021481770000, 0x0000021487530000]
CodeHeap 'non-nmethods': size=5760Kb used=1825Kb max_used=1890Kb free=3934Kb
 bounds [0x0000021487530000, 0x00000214877a0000, 0x0000021487ad0000]
 total_blobs=8097 nmethods=7420 adapters=580
 compilation: enabled
              stopped_count=0, restarted_count=0
 full_count=0

Compilation events (20 events):
Event: 8.321 Thread 0x00000214fd681640 nmethod 8317 0x0000021481763890 code [0x0000021481763b40, 0x00000214817647e8]
Event: 8.321 Thread 0x00000214fd681640 8318       3       kotlin.collections.ReversedList::<init> (16 bytes)
Event: 8.321 Thread 0x00000214fd681640 nmethod 8318 0x0000021481764c90 code [0x0000021481764ee0, 0x0000021481765670]
Event: 8.321 Thread 0x00000214fd681640 8315       3       org.jetbrains.kotlin.fir.types.FirFunctionTypeKindServiceImpl::extractSingleSpecialKindForFunction (71 bytes)
Event: 8.323 Thread 0x00000214fd681640 nmethod 8315 0x0000021481765990 code [0x0000021481765d00, 0x00000214817671e0]
Event: 8.323 Thread 0x00000214fd681640 8316       1       org.jetbrains.kotlin.fir.declarations.impl.FirFileImpl::getSource (5 bytes)
Event: 8.323 Thread 0x00000214fd681640 nmethod 8316 0x0000021487bd8a10 code [0x0000021487bd8ba0, 0x0000021487bd8c70]
Event: 8.325 Thread 0x00000214fd670ba0 nmethod 8212 0x0000021487fc7690 code [0x0000021487fc7e40, 0x0000021487fcc790]
Event: 8.325 Thread 0x00000214fd670ba0 8290       4       org.jetbrains.kotlin.fir.resolve.calls.tower.TowerResolveManager::resumeTask (43 bytes)
Event: 8.327 Thread 0x00000214fd681640 8319       3       org.jetbrains.kotlin.fir.declarations.FirAnonymousFunction::transform (22 bytes)
Event: 8.327 Thread 0x00000214fd681640 nmethod 8319 0x0000021481767890 code [0x0000021481767b40, 0x0000021481768728]
Event: 8.329 Thread 0x00000214fd670ba0 nmethod 8290 0x0000021487bd8310 code [0x0000021487bd84e0, 0x0000021487bd86f8]
Event: 8.329 Thread 0x00000214fd681640 8320       3       org.jetbrains.kotlin.fir.resolve.dfa.LogicSystem::mergeAssignments (274 bytes)
Event: 8.329 Thread 0x00000214fd670ba0 8274       4       org.jetbrains.kotlin.fir.declarations.impl.FirDeclarationStatusImpl::<init> (31 bytes)
Event: 8.331 Thread 0x00000214fd670ba0 nmethod 8274 0x0000021487bd7d90 code [0x0000021487bd7f20, 0x0000021487bd81c0]
Event: 8.331 Thread 0x00000214fd681640 nmethod 8320 0x0000021481768b10 code [0x0000021481768fc0, 0x000002148176b828]
Event: 8.331 Thread 0x00000214fd670ba0 8284       4       org.jetbrains.kotlin.fir.types.ConeKotlinTypeProjectionIn::getKind (4 bytes)
Event: 8.331 Thread 0x00000214fd681640 8321       3       org.jetbrains.kotlin.fir.resolve.dfa.LogicSystem::copyStatements (820 bytes)
Event: 8.331 Thread 0x00000214fd670ba0 nmethod 8284 0x0000021487c3de90 code [0x0000021487c3e020, 0x0000021487c3e0b0]
Event: 8.331 Thread 0x00000214fd670ba0 8269       4       org.jetbrains.kotlin.fir.resolve.calls.tower.TowerResolveManager$SuspendedResolverTask::compareTo (9 bytes)

GC Heap History (20 events):
Event: 2.484 GC heap after
{Heap after GC invocations=10 (full 0):
 garbage-first heap   total 155648K, used 28173K [0x0000000704400000, 0x0000000800000000)
  region size 2048K, 1 young (2048K), 1 survivors (2048K)
 Metaspace       used 39479K, committed 39744K, reserved 1114112K
  class space    used 4631K, committed 4800K, reserved 1048576K
}
Event: 3.736 GC heap before
{Heap before GC invocations=10 (full 0):
 garbage-first heap   total 155648K, used 116237K [0x0000000704400000, 0x0000000800000000)
  region size 2048K, 45 young (92160K), 1 survivors (2048K)
 Metaspace       used 47284K, committed 47552K, reserved 1114112K
  class space    used 5362K, committed 5504K, reserved 1048576K
}
Event: 3.761 GC heap after
{Heap after GC invocations=11 (full 0):
 garbage-first heap   total 155648K, used 49585K [0x0000000704400000, 0x0000000800000000)
  region size 2048K, 6 young (12288K), 6 survivors (12288K)
 Metaspace       used 47284K, committed 47552K, reserved 1114112K
  class space    used 5362K, committed 5504K, reserved 1048576K
}
Event: 4.707 GC heap before
{Heap before GC invocations=11 (full 0):
 garbage-first heap   total 155648K, used 100785K [0x0000000704400000, 0x0000000800000000)
  region size 2048K, 31 young (63488K), 6 survivors (12288K)
 Metaspace       used 51949K, committed 52288K, reserved 1114112K
  class space    used 5851K, committed 6016K, reserved 1048576K
}
Event: 4.731 GC heap after
{Heap after GC invocations=12 (full 0):
 garbage-first heap   total 155648K, used 61342K [0x0000000704400000, 0x0000000800000000)
  region size 2048K, 4 young (8192K), 4 survivors (8192K)
 Metaspace       used 51949K, committed 52288K, reserved 1114112K
  class space    used 5851K, committed 6016K, reserved 1048576K
}
Event: 5.450 GC heap before
{Heap before GC invocations=12 (full 0):
 garbage-first heap   total 155648K, used 87966K [0x0000000704400000, 0x0000000800000000)
  region size 2048K, 18 young (36864K), 4 survivors (8192K)
 Metaspace       used 55505K, committed 55808K, reserved 1114112K
  class space    used 6249K, committed 6400K, reserved 1048576K
}
Event: 5.463 GC heap after
{Heap after GC invocations=13 (full 0):
 garbage-first heap   total 155648K, used 66368K [0x0000000704400000, 0x0000000800000000)
  region size 2048K, 2 young (4096K), 2 survivors (4096K)
 Metaspace       used 55505K, committed 55808K, reserved 1114112K
  class space    used 6249K, committed 6400K, reserved 1048576K
}
Event: 6.194 GC heap before
{Heap before GC invocations=14 (full 0):
 garbage-first heap   total 155648K, used 119616K [0x0000000704400000, 0x0000000800000000)
  region size 2048K, 28 young (57344K), 2 survivors (4096K)
 Metaspace       used 56462K, committed 56768K, reserved 1114112K
  class space    used 6370K, committed 6528K, reserved 1048576K
}
Event: 6.210 GC heap after
{Heap after GC invocations=15 (full 0):
 garbage-first heap   total 155648K, used 77824K [0x0000000704400000, 0x0000000800000000)
  region size 2048K, 4 young (8192K), 4 survivors (8192K)
 Metaspace       used 56462K, committed 56768K, reserved 1114112K
  class space    used 6370K, committed 6528K, reserved 1048576K
}
Event: 6.289 GC heap before
{Heap before GC invocations=15 (full 0):
 garbage-first heap   total 155648K, used 126976K [0x0000000704400000, 0x0000000800000000)
  region size 2048K, 28 young (57344K), 4 survivors (8192K)
 Metaspace       used 56462K, committed 56768K, reserved 1114112K
  class space    used 6370K, committed 6528K, reserved 1048576K
}
Event: 6.305 GC heap after
{Heap after GC invocations=16 (full 0):
 garbage-first heap   total 188416K, used 88574K [0x0000000704400000, 0x0000000800000000)
  region size 2048K, 4 young (8192K), 4 survivors (8192K)
 Metaspace       used 56462K, committed 56768K, reserved 1114112K
  class space    used 6370K, committed 6528K, reserved 1048576K
}
Event: 6.842 GC heap before
{Heap before GC invocations=16 (full 0):
 garbage-first heap   total 188416K, used 152062K [0x0000000704400000, 0x0000000800000000)
  region size 2048K, 35 young (71680K), 4 survivors (8192K)
 Metaspace       used 57189K, committed 57536K, reserved 1114112K
  class space    used 6417K, committed 6592K, reserved 1048576K
}
Event: 6.852 GC heap after
{Heap after GC invocations=17 (full 0):
 garbage-first heap   total 188416K, used 102941K [0x0000000704400000, 0x0000000800000000)
  region size 2048K, 5 young (10240K), 5 survivors (10240K)
 Metaspace       used 57189K, committed 57536K, reserved 1114112K
  class space    used 6417K, committed 6592K, reserved 1048576K
}
Event: 7.323 GC heap before
{Heap before GC invocations=17 (full 0):
 garbage-first heap   total 188416K, used 156189K [0x0000000704400000, 0x0000000800000000)
  region size 2048K, 31 young (63488K), 5 survivors (10240K)
 Metaspace       used 57723K, committed 57984K, reserved 1114112K
  class space    used 6464K, committed 6592K, reserved 1048576K
}
Event: 7.335 GC heap after
{Heap after GC invocations=18 (full 0):
 garbage-first heap   total 188416K, used 114349K [0x0000000704400000, 0x0000000800000000)
  region size 2048K, 4 young (8192K), 4 survivors (8192K)
 Metaspace       used 57723K, committed 57984K, reserved 1114112K
  class space    used 6464K, committed 6592K, reserved 1048576K
}
Event: 7.431 GC heap before
{Heap before GC invocations=18 (full 0):
 garbage-first heap   total 188416K, used 161453K [0x0000000704400000, 0x0000000800000000)
  region size 2048K, 27 young (55296K), 4 survivors (8192K)
 Metaspace       used 57723K, committed 57984K, reserved 1114112K
  class space    used 6464K, committed 6592K, reserved 1048576K
}
Event: 7.442 GC heap after
{Heap after GC invocations=19 (full 0):
 garbage-first heap   total 188416K, used 126173K [0x0000000704400000, 0x0000000800000000)
  region size 2048K, 4 young (8192K), 4 survivors (8192K)
 Metaspace       used 57723K, committed 57984K, reserved 1114112K
  class space    used 6464K, committed 6592K, reserved 1048576K
}
Event: 7.561 GC heap before
{Heap before GC invocations=20 (full 0):
 garbage-first heap   total 212992K, used 165085K [0x0000000704400000, 0x0000000800000000)
  region size 2048K, 23 young (47104K), 4 survivors (8192K)
 Metaspace       used 57723K, committed 57984K, reserved 1114112K
  class space    used 6464K, committed 6592K, reserved 1048576K
}
Event: 7.566 GC heap after
{Heap after GC invocations=21 (full 0):
 garbage-first heap   total 212992K, used 136033K [0x0000000704400000, 0x0000000800000000)
  region size 2048K, 3 young (6144K), 3 survivors (6144K)
 Metaspace       used 57723K, committed 57984K, reserved 1114112K
  class space    used 6464K, committed 6592K, reserved 1048576K
}
Event: 8.332 GC heap before
{Heap before GC invocations=21 (full 0):
 garbage-first heap   total 212992K, used 183137K [0x0000000704400000, 0x0000000800000000)
  region size 2048K, 26 young (53248K), 3 survivors (6144K)
 Metaspace       used 58165K, committed 58560K, reserved 1114112K
  class space    used 6487K, committed 6656K, reserved 1048576K
}

Dll operation events (3 events):
Event: 0.008 Loaded shared library C:\Program Files\Android\Android Studio\jbr\bin\java.dll
Event: 0.013 Loaded shared library C:\Program Files\Android\Android Studio\jbr\bin\zip.dll
Event: 1.124 Loaded shared library C:\Program Files\Android\Android Studio\jbr\bin\verify.dll

Deoptimization events (20 events):
Event: 7.869 Thread 0x00000214f03f2d60 Uncommon trap: trap_request=0xffffffbe fr.pc=0x0000021487fa4ee4 relative=0x0000000000004a24
Event: 7.869 Thread 0x00000214f03f2d60 Uncommon trap: reason=profile_predicate action=maybe_recompile pc=0x0000021487fa4ee4 method=org.jetbrains.org.objectweb.asm.ClassReader.readMethod(Lorg/jetbrains/org/objectweb/asm/ClassVisitor;Lorg/jetbrains/org/objectweb/asm/Context;I)I @ 714 c2
Event: 7.869 Thread 0x00000214f03f2d60 DEOPT PACKING pc=0x0000021487fa4ee4 sp=0x000000a05d6f7ab0
Event: 7.869 Thread 0x00000214f03f2d60 DEOPT UNPACKING pc=0x0000021487587da2 sp=0x000000a05d6f7a58 mode 2
Event: 7.944 Thread 0x00000214f03f2d60 Uncommon trap: trap_request=0xffffffc6 fr.pc=0x0000021487ed9734 relative=0x0000000000000694
Event: 7.944 Thread 0x00000214f03f2d60 Uncommon trap: reason=bimorphic_or_optimized_type_check action=maybe_recompile pc=0x0000021487ed9734 method=kotlin.jvm.internal.CollectionToArray.toArray(Ljava/util/Collection;)[Ljava/lang/Object; @ 160 c2
Event: 7.944 Thread 0x00000214f03f2d60 DEOPT PACKING pc=0x0000021487ed9734 sp=0x000000a05d6f6020
Event: 7.944 Thread 0x00000214f03f2d60 DEOPT UNPACKING pc=0x0000021487587da2 sp=0x000000a05d6f5fb8 mode 2
Event: 8.084 Thread 0x00000214f03f2d60 Uncommon trap: trap_request=0xffffff45 fr.pc=0x0000021487d8acc4 relative=0x0000000000002ae4
Event: 8.084 Thread 0x00000214f03f2d60 Uncommon trap: reason=unstable_if action=reinterpret pc=0x0000021487d8acc4 method=org.jetbrains.kotlin.fir.resolve.calls.tower.ProcessResult.plus(Lorg/jetbrains/kotlin/fir/resolve/calls/tower/ProcessResult;)Lorg/jetbrains/kotlin/fir/resolve/calls/tower/Pr
Event: 8.084 Thread 0x00000214f03f2d60 DEOPT PACKING pc=0x0000021487d8acc4 sp=0x000000a05d6f2a70
Event: 8.084 Thread 0x00000214f03f2d60 DEOPT UNPACKING pc=0x0000021487587da2 sp=0x000000a05d6f28b8 mode 2
Event: 8.099 Thread 0x00000214f03f2d60 Uncommon trap: trap_request=0xffffff45 fr.pc=0x0000021487d618dc relative=0x0000000000002afc
Event: 8.099 Thread 0x00000214f03f2d60 Uncommon trap: reason=unstable_if action=reinterpret pc=0x0000021487d618dc method=org.jetbrains.kotlin.fir.resolve.calls.tower.ProcessResult.plus(Lorg/jetbrains/kotlin/fir/resolve/calls/tower/ProcessResult;)Lorg/jetbrains/kotlin/fir/resolve/calls/tower/Pr
Event: 8.099 Thread 0x00000214f03f2d60 DEOPT PACKING pc=0x0000021487d618dc sp=0x000000a05d6f4190
Event: 8.099 Thread 0x00000214f03f2d60 DEOPT UNPACKING pc=0x0000021487587da2 sp=0x000000a05d6f4090 mode 2
Event: 8.155 Thread 0x00000214f03f2d60 Uncommon trap: trap_request=0xffffffc6 fr.pc=0x0000021487ed9734 relative=0x0000000000000694
Event: 8.155 Thread 0x00000214f03f2d60 Uncommon trap: reason=bimorphic_or_optimized_type_check action=maybe_recompile pc=0x0000021487ed9734 method=kotlin.jvm.internal.CollectionToArray.toArray(Ljava/util/Collection;)[Ljava/lang/Object; @ 160 c2
Event: 8.155 Thread 0x00000214f03f2d60 DEOPT PACKING pc=0x0000021487ed9734 sp=0x000000a05d6f3ae0
Event: 8.155 Thread 0x00000214f03f2d60 DEOPT UNPACKING pc=0x0000021487587da2 sp=0x000000a05d6f3a78 mode 2

Classes loaded (20 events):
Event: 3.172 Loading class java/text/StringCharacterIterator
Event: 3.172 Loading class java/text/CharacterIterator
Event: 3.172 Loading class java/text/CharacterIterator done
Event: 3.172 Loading class java/text/StringCharacterIterator done
Event: 3.398 Loading class java/util/ArrayList$SubList$1
Event: 3.398 Loading class java/util/ArrayList$SubList$1 done
Event: 3.486 Loading class java/util/AbstractList$ListItr
Event: 3.487 Loading class java/util/AbstractList$ListItr done
Event: 4.267 Loading class java/util/AbstractList$SubList$1
Event: 4.267 Loading class java/util/AbstractList$SubList$1 done
Event: 5.162 Loading class java/util/function/UnaryOperator
Event: 5.162 Loading class java/util/function/UnaryOperator done
Event: 5.309 Loading class java/util/function/ToIntFunction
Event: 5.309 Loading class java/util/function/ToIntFunction done
Event: 5.350 Loading class java/util/regex/Pattern$StartS
Event: 5.350 Loading class java/util/regex/Pattern$StartS done
Event: 5.669 Loading class java/util/AbstractMap$SimpleImmutableEntry
Event: 5.670 Loading class java/util/AbstractMap$SimpleImmutableEntry done
Event: 6.436 Loading class java/lang/Byte$ByteCache
Event: 6.436 Loading class java/lang/Byte$ByteCache done

Classes unloaded (0 events):
No events

Classes redefined (0 events):
No events

Internal exceptions (20 events):
Event: 3.949 Thread 0x00000214f03f2d60 Exception <a 'java/lang/NoSuchMethodError'{0x000000070b8c8b08}: 'java.lang.Object java.lang.invoke.DirectMethodHandle$Holder.invokeStaticInit(java.lang.Object, java.lang.Object, java.lang.Object, java.lang.Object)'> (0x000000070b8c8b08) 
thrown [s\src\hotspot\share\interpreter\linkResolver.cpp, line 784]
Event: 4.015 Thread 0x00000214f03f2d60 Exception <a 'java/lang/NoSuchMethodError'{0x000000070b472c18}: 'java.lang.Object java.lang.invoke.DirectMethodHandle$Holder.newInvokeSpecial(java.lang.Object, java.lang.Object, java.lang.Object, java.lang.Object, int, java.lang.Object, java.lang.Object)'> (0x000000070b472c18) 
thrown [s\src\hotspot\share\interpreter\linkResolver.cpp, line 784]
Event: 4.139 Thread 0x00000214f03f2d60 Exception <a 'java/lang/NoSuchMethodError'{0x000000070ac315d8}: 'java.lang.Object java.lang.invoke.DirectMethodHandle$Holder.newInvokeSpecial(java.lang.Object, java.lang.Object, java.lang.Object, java.lang.Object, int)'> (0x000000070ac315d8) 
thrown [s\src\hotspot\share\interpreter\linkResolver.cpp, line 784]
Event: 4.140 Thread 0x00000214f03f2d60 Exception <a 'java/lang/NoSuchMethodError'{0x000000070ac35a20}: 'java.lang.Object java.lang.invoke.DirectMethodHandle$Holder.invokeSpecial(java.lang.Object, java.lang.Object, java.lang.Object, java.lang.Object, java.lang.Object, int)'> (0x000000070ac35a20) 
thrown [s\src\hotspot\share\interpreter\linkResolver.cpp, line 784]
Event: 4.140 Thread 0x00000214f03f2d60 Exception <a 'java/lang/NoSuchMethodError'{0x000000070ac39760}: 'java.lang.Object java.lang.invoke.Invokers$Holder.linkToTargetMethod(java.lang.Object, java.lang.Object, java.lang.Object, int, java.lang.Object)'> (0x000000070ac39760) 
thrown [s\src\hotspot\share\interpreter\linkResolver.cpp, line 784]
Event: 4.185 Thread 0x00000214f03f2d60 Exception <a 'java/lang/NoSuchMethodError'{0x000000070adf89c8}: 'java.lang.Object java.lang.invoke.DirectMethodHandle$Holder.newInvokeSpecial(java.lang.Object, java.lang.Object, java.lang.Object, int)'> (0x000000070adf89c8) 
thrown [s\src\hotspot\share\interpreter\linkResolver.cpp, line 784]
Event: 4.186 Thread 0x00000214f03f2d60 Exception <a 'java/lang/NoSuchMethodError'{0x000000070adfcaf8}: 'java.lang.Object java.lang.invoke.DirectMethodHandle$Holder.invokeSpecial(java.lang.Object, java.lang.Object, java.lang.Object, java.lang.Object, int)'> (0x000000070adfcaf8) 
thrown [s\src\hotspot\share\interpreter\linkResolver.cpp, line 784]
Event: 4.186 Thread 0x00000214f03f2d60 Exception <a 'java/lang/NoSuchMethodError'{0x000000070aa007b0}: 'java.lang.Object java.lang.invoke.Invokers$Holder.linkToTargetMethod(java.lang.Object, java.lang.Object, int, java.lang.Object)'> (0x000000070aa007b0) 
thrown [s\src\hotspot\share\interpreter\linkResolver.cpp, line 784]
Event: 4.189 Thread 0x00000214f03f2d60 Exception <a 'java/lang/NoSuchMethodError'{0x000000070aa21d50}: 'java.lang.Object java.lang.invoke.DirectMethodHandle$Holder.newInvokeSpecial(java.lang.Object, int, java.lang.Object)'> (0x000000070aa21d50) 
thrown [s\src\hotspot\share\interpreter\linkResolver.cpp, line 784]
Event: 5.112 Thread 0x00000214f03f2d60 Exception <a 'java/lang/NoSuchMethodError'{0x000000070c566488}: 'java.lang.Object java.lang.invoke.DirectMethodHandle$Holder.invokeStatic(java.lang.Object, int, java.lang.Object, java.lang.Object)'> (0x000000070c566488) 
thrown [s\src\hotspot\share\interpreter\linkResolver.cpp, line 784]
Event: 5.532 Thread 0x00000214f03f2d60 Exception <a 'java/lang/NoSuchMethodError'{0x0000000713eda8a8}: 'java.lang.Object java.lang.invoke.DirectMethodHandle$Holder.newInvokeSpecial(java.lang.Object, java.lang.Object, java.lang.Object, java.lang.Object, java.lang.Object, java.lang.Object, java.lang.Object, java.lang.Object, java.lang.Object)'> (0x0000000713eda8a8) 
thrown [s\src\hotspot\share\interpreter\linkResolver.cpp, line 784]
Event: 5.619 Thread 0x00000214f03f2d60 Exception <a 'java/lang/NoSuchMethodError'{0x00000007123675a8}: 'java.lang.Object java.lang.invoke.DirectMethodHandle$Holder.invokeStatic(java.lang.Object, java.lang.Object, java.lang.Object, int, java.lang.Object, java.lang.Object)'> (0x00000007123675a8) 
thrown [s\src\hotspot\share\interpreter\linkResolver.cpp, line 784]
Event: 5.789 Thread 0x00000214f03f2d60 Exception <a 'java/lang/NoSuchMethodError'{0x000000070cb0a348}: 'java.lang.Object java.lang.invoke.DirectMethodHandle$Holder.invokeStatic(java.lang.Object, int, java.lang.Object, java.lang.Object, java.lang.Object, java.lang.Object, java.lang.Object)'> (0x000000070cb0a348) 
thrown [s\src\hotspot\share\interpreter\linkResolver.cpp, line 784]
Event: 5.790 Thread 0x00000214f03f2d60 Exception <a 'java/lang/NoSuchMethodError'{0x000000070cb14268}: 'java.lang.Object java.lang.invoke.DirectMethodHandle$Holder.newInvokeSpecial(java.lang.Object, int, java.lang.Object, java.lang.Object, java.lang.Object)'> (0x000000070cb14268) 
thrown [s\src\hotspot\share\interpreter\linkResolver.cpp, line 784]
Event: 5.791 Thread 0x00000214f03f2d60 Exception <a 'java/lang/NoSuchMethodError'{0x000000070cb1c688}: 'java.lang.Object java.lang.invoke.Invokers$Holder.linkToTargetMethod(int, java.lang.Object, java.lang.Object, java.lang.Object, java.lang.Object)'> (0x000000070cb1c688) 
thrown [s\src\hotspot\share\interpreter\linkResolver.cpp, line 784]
Event: 6.490 Thread 0x00000214f03f2d60 Exception <a 'java/lang/NoSuchMethodError'{0x000000070c4d6468}: 'java.lang.Object java.lang.invoke.DirectMethodHandle$Holder.newInvokeSpecial(java.lang.Object, java.lang.Object, java.lang.Object, java.lang.Object, java.lang.Object, int)'> (0x000000070c4d6468) 
thrown [s\src\hotspot\share\interpreter\linkResolver.cpp, line 784]
Event: 6.490 Thread 0x00000214f03f2d60 Exception <a 'java/lang/NoSuchMethodError'{0x000000070c4dabe0}: 'java.lang.Object java.lang.invoke.DirectMethodHandle$Holder.invokeSpecial(java.lang.Object, java.lang.Object, java.lang.Object, java.lang.Object, java.lang.Object, java.lang.Object, int)'> (0x000000070c4dabe0) 
thrown [s\src\hotspot\share\interpreter\linkResolver.cpp, line 784]
Event: 6.887 Thread 0x00000214f03f2d60 Exception <a 'java/lang/NoSuchMethodError'{0x0000000713fcd038}: 'java.lang.Object java.lang.invoke.DirectMethodHandle$Holder.invokeStatic(java.lang.Object, java.lang.Object, java.lang.Object, int, int, java.lang.Object)'> (0x0000000713fcd038) 
thrown [s\src\hotspot\share\interpreter\linkResolver.cpp, line 784]
Event: 6.888 Thread 0x00000214f03f2d60 Exception <a 'java/lang/NoSuchMethodError'{0x0000000713fd5870}: 'java.lang.Object java.lang.invoke.DirectMethodHandle$Holder.newInvokeSpecial(java.lang.Object, java.lang.Object, java.lang.Object, int, int)'> (0x0000000713fd5870) 
thrown [s\src\hotspot\share\interpreter\linkResolver.cpp, line 784]
Event: 6.889 Thread 0x00000214f03f2d60 Exception <a 'java/lang/NoSuchMethodError'{0x0000000713fd96f0}: 'java.lang.Object java.lang.invoke.DirectMethodHandle$Holder.invokeSpecial(java.lang.Object, java.lang.Object, java.lang.Object, java.lang.Object, int, int)'> (0x0000000713fd96f0) 
thrown [s\src\hotspot\share\interpreter\linkResolver.cpp, line 784]

ZGC Phase Switch (0 events):
No events

VM Operations (20 events):
Event: 7.278 Executing VM operation: HandshakeAllThreads (Deoptimize) done
Event: 7.322 Executing VM operation: G1CollectForAllocation (G1 Evacuation Pause)
Event: 7.335 Executing VM operation: G1CollectForAllocation (G1 Evacuation Pause) done
Event: 7.431 Executing VM operation: G1CollectForAllocation (G1 Evacuation Pause)
Event: 7.442 Executing VM operation: G1CollectForAllocation (G1 Evacuation Pause) done
Event: 7.444 Executing VM operation: G1PauseRemark
Event: 7.452 Executing VM operation: G1PauseRemark done
Event: 7.516 Executing VM operation: G1PauseCleanup
Event: 7.517 Executing VM operation: G1PauseCleanup done
Event: 7.561 Executing VM operation: G1CollectForAllocation (G1 Evacuation Pause)
Event: 7.566 Executing VM operation: G1CollectForAllocation (G1 Evacuation Pause) done
Event: 7.680 Executing VM operation: HandshakeAllThreads (Deoptimize)
Event: 7.680 Executing VM operation: HandshakeAllThreads (Deoptimize) done
Event: 7.682 Executing VM operation: HandshakeAllThreads (Deoptimize)
Event: 7.682 Executing VM operation: HandshakeAllThreads (Deoptimize) done
Event: 7.879 Executing VM operation: ICBufferFull
Event: 7.879 Executing VM operation: ICBufferFull done
Event: 8.193 Executing VM operation: ICBufferFull
Event: 8.193 Executing VM operation: ICBufferFull done
Event: 8.332 Executing VM operation: G1CollectForAllocation (G1 Evacuation Pause)

Memory protections (0 events):
No events

Nmethod flushes (20 events):
Event: 7.451 Thread 0x00000214fd14aad0 flushing  nmethod 0x00000214807c9090
Event: 7.451 Thread 0x00000214fd14aad0 flushing  nmethod 0x00000214807cb490
Event: 7.451 Thread 0x00000214fd14aad0 flushing  nmethod 0x0000021480809990
Event: 7.451 Thread 0x00000214fd14aad0 flushing  nmethod 0x0000021480812790
Event: 7.451 Thread 0x00000214fd14aad0 flushing  nmethod 0x0000021480817090
Event: 7.451 Thread 0x00000214fd14aad0 flushing  nmethod 0x000002148083e310
Event: 7.451 Thread 0x00000214fd14aad0 flushing  nmethod 0x00000214808fb390
Event: 7.451 Thread 0x00000214fd14aad0 flushing  nmethod 0x0000021480930c10
Event: 7.451 Thread 0x00000214fd14aad0 flushing  nmethod 0x0000021480948210
Event: 7.451 Thread 0x00000214fd14aad0 flushing  nmethod 0x00000214809a2b90
Event: 7.451 Thread 0x00000214fd14aad0 flushing  nmethod 0x0000021480a21210
Event: 7.451 Thread 0x00000214fd14aad0 flushing  nmethod 0x0000021480a22610
Event: 7.451 Thread 0x00000214fd14aad0 flushing  nmethod 0x0000021480a8fe10
Event: 7.451 Thread 0x00000214fd14aad0 flushing  nmethod 0x0000021480a91710
Event: 7.451 Thread 0x00000214fd14aad0 flushing  nmethod 0x0000021480a97710
Event: 7.451 Thread 0x00000214fd14aad0 flushing  nmethod 0x0000021480a97d10
Event: 7.451 Thread 0x00000214fd14aad0 flushing  nmethod 0x0000021480ad1210
Event: 7.451 Thread 0x00000214fd14aad0 flushing  nmethod 0x0000021480ad1a90
Event: 7.451 Thread 0x00000214fd14aad0 flushing  nmethod 0x0000021480b1f390
Event: 7.451 Thread 0x00000214fd14aad0 flushing  nmethod 0x0000021480cb4990

Events (20 events):
Event: 0.079 Thread 0x00000214f03f2d60 Thread added: 0x00000214fd655a60
Event: 0.079 Thread 0x00000214f03f2d60 Thread added: 0x00000214fd662610
Event: 0.080 Thread 0x00000214f03f2d60 Thread added: 0x00000214fd66c700
Event: 0.080 Thread 0x00000214f03f2d60 Thread added: 0x00000214fd66d880
Event: 0.081 Thread 0x00000214f03f2d60 Thread added: 0x00000214fd66e3c0
Event: 0.081 Thread 0x00000214f03f2d60 Thread added: 0x00000214fd66fe20
Event: 0.081 Thread 0x00000214f03f2d60 Thread added: 0x00000214fd670ba0
Event: 0.081 Thread 0x00000214f03f2d60 Thread added: 0x00000214fd681640
Event: 0.128 Thread 0x00000214f03f2d60 Thread added: 0x00000214fd836c80
Event: 0.133 Thread 0x00000214f03f2d60 Thread added: 0x00000214fd8494c0
Event: 0.140 Loaded shared library C:\Program Files\Android\Android Studio\jbr\bin\net.dll
Event: 0.141 Loaded shared library C:\Program Files\Android\Android Studio\jbr\bin\nio.dll
Event: 0.163 Thread 0x00000214fd670ba0 Thread added: 0x00000214fd8aa250
Event: 0.176 Loaded shared library C:\Program Files\Android\Android Studio\jbr\bin\zip.dll
Event: 0.209 Loaded shared library C:\Program Files\Android\Android Studio\jbr\bin\jimage.dll
Event: 0.315 Thread 0x00000214fd8aa250 Thread added: 0x00000214fdab1380
Event: 0.520 Thread 0x00000214fdab1380 Thread exited: 0x00000214fdab1380
Event: 1.222 Thread 0x00000214fd670ba0 Thread added: 0x00000214fe487f90
Event: 1.818 Thread 0x00000214fe487f90 Thread exited: 0x00000214fe487f90
Event: 2.322 Thread 0x00000214fd670ba0 Thread added: 0x000002149326e2d0


Dynamic libraries:
0x00007ff72fd90000 - 0x00007ff72fd9a000 	C:\Program Files\Android\Android Studio\jbr\bin\java.exe
0x00007ff8a3620000 - 0x00007ff8a3886000 	C:\WINDOWS\SYSTEM32\ntdll.dll
0x00007ff8a24a0000 - 0x00007ff8a2569000 	C:\WINDOWS\System32\KERNEL32.DLL
0x00007ff8a0a40000 - 0x00007ff8a0e0c000 	C:\WINDOWS\System32\KERNELBASE.dll
0x00007ff8a0e40000 - 0x00007ff8a0f8b000 	C:\WINDOWS\System32\ucrtbase.dll
0x00007ff89aa90000 - 0x00007ff89aaa8000 	C:\Program Files\Android\Android Studio\jbr\bin\jli.dll
0x00007ff888970000 - 0x00007ff88898b000 	C:\Program Files\Android\Android Studio\jbr\bin\VCRUNTIME140.dll
0x00007ff8a28a0000 - 0x00007ff8a2a6a000 	C:\WINDOWS\System32\USER32.dll
0x00007ff8848f0000 - 0x00007ff884b8a000 	C:\WINDOWS\WinSxS\amd64_microsoft.windows.common-controls_6595b64144ccf1df_6.0.26100.3912_none_3e07963ce335137e\COMCTL32.dll
0x00007ff8a0e10000 - 0x00007ff8a0e37000 	C:\WINDOWS\System32\win32u.dll
0x00007ff8a2310000 - 0x00007ff8a23b9000 	C:\WINDOWS\System32\msvcrt.dll
0x00007ff8a2470000 - 0x00007ff8a249b000 	C:\WINDOWS\System32\GDI32.dll
0x00007ff8a0870000 - 0x00007ff8a09a2000 	C:\WINDOWS\System32\gdi32full.dll
0x00007ff8a1330000 - 0x00007ff8a13d3000 	C:\WINDOWS\System32\msvcp_win.dll
0x00007ff8a1520000 - 0x00007ff8a1550000 	C:\WINDOWS\System32\IMM32.DLL
0x00007ff8987d0000 - 0x00007ff8987dc000 	C:\Program Files\Android\Android Studio\jbr\bin\vcruntime140_1.dll
0x00007ff86b280000 - 0x00007ff86b30d000 	C:\Program Files\Android\Android Studio\jbr\bin\msvcp140.dll
0x00007fffff360000 - 0x00007ffffffeb000 	C:\Program Files\Android\Android Studio\jbr\bin\server\jvm.dll
0x00007ff8a13e0000 - 0x00007ff8a1492000 	C:\WINDOWS\System32\ADVAPI32.dll
0x00007ff8a1ed0000 - 0x00007ff8a1f76000 	C:\WINDOWS\System32\sechost.dll
0x00007ff8a1a00000 - 0x00007ff8a1b16000 	C:\WINDOWS\System32\RPCRT4.dll
0x00007ff8a14a0000 - 0x00007ff8a1514000 	C:\WINDOWS\System32\WS2_32.dll
0x00007ff89f400000 - 0x00007ff89f45e000 	C:\WINDOWS\SYSTEM32\POWRPROF.dll
0x00007ff895b50000 - 0x00007ff895b5b000 	C:\WINDOWS\SYSTEM32\VERSION.dll
0x00007ff8937c0000 - 0x00007ff8937f6000 	C:\WINDOWS\SYSTEM32\WINMM.dll
0x00007ff89f3e0000 - 0x00007ff89f3f4000 	C:\WINDOWS\SYSTEM32\UMPDC.dll
0x00007ff89f690000 - 0x00007ff89f6aa000 	C:\WINDOWS\SYSTEM32\kernel.appcore.dll
0x00007ff896b40000 - 0x00007ff896b4a000 	C:\Program Files\Android\Android Studio\jbr\bin\jimage.dll
0x00007ff89d9a0000 - 0x00007ff89dbe1000 	C:\WINDOWS\SYSTEM32\DBGHELP.DLL
0x00007ff8a1b20000 - 0x00007ff8a1ea4000 	C:\WINDOWS\System32\combase.dll
0x00007ff8a34e0000 - 0x00007ff8a35c0000 	C:\WINDOWS\System32\OLEAUT32.dll
0x00007ff86f8d0000 - 0x00007ff86f909000 	C:\WINDOWS\SYSTEM32\dbgcore.DLL
0x00007ff8a1290000 - 0x00007ff8a1329000 	C:\WINDOWS\System32\bcryptPrimitives.dll
0x00007ff885930000 - 0x00007ff885950000 	C:\Program Files\Android\Android Studio\jbr\bin\java.dll
0x00007ff8858e0000 - 0x00007ff8858f8000 	C:\Program Files\Android\Android Studio\jbr\bin\zip.dll
0x00007ff8a2c30000 - 0x00007ff8a335d000 	C:\WINDOWS\System32\SHELL32.dll
0x00007ff8a1110000 - 0x00007ff8a1284000 	C:\WINDOWS\System32\wintypes.dll
0x00007ff89e460000 - 0x00007ff89ecb6000 	C:\WINDOWS\SYSTEM32\windows.storage.dll
0x00007ff8a2570000 - 0x00007ff8a265f000 	C:\WINDOWS\System32\SHCORE.dll
0x00007ff8a2830000 - 0x00007ff8a2899000 	C:\WINDOWS\System32\shlwapi.dll
0x00007ff8a06c0000 - 0x00007ff8a06ef000 	C:\WINDOWS\SYSTEM32\profapi.dll
0x00007ff8968c0000 - 0x00007ff8968d0000 	C:\Program Files\Android\Android Studio\jbr\bin\net.dll
0x00007ff8973b0000 - 0x00007ff8974ce000 	C:\WINDOWS\SYSTEM32\WINHTTP.dll
0x00007ff89fc00000 - 0x00007ff89fc6a000 	C:\WINDOWS\system32\mswsock.dll
0x00007ff8858c0000 - 0x00007ff8858d6000 	C:\Program Files\Android\Android Studio\jbr\bin\nio.dll
0x00007ff895dc0000 - 0x00007ff895dd0000 	C:\Program Files\Android\Android Studio\jbr\bin\verify.dll

dbghelp: loaded successfully - version: 4.0.5 - missing functions: none
symbol engine: initialized successfully - sym options: 0x614 - pdb path: .;C:\Program Files\Android\Android Studio\jbr\bin;C:\WINDOWS\SYSTEM32;C:\WINDOWS\WinSxS\amd64_microsoft.windows.common-controls_6595b64144ccf1df_6.0.26100.3912_none_3e07963ce335137e;C:\Program Files\Android\Android Studio\jbr\bin\server

VM Arguments:
java_command: org.jetbrains.kotlin.cli.jvm.K2JVMCompiler @E:\Android\Tannithea\app\build\20250504_5077269585463710941.compiler.options
java_class_path (initial): C:\Users\Administrator\.gradle\caches\modules-2\files-2.1\org.jetbrains.kotlin\kotlin-compiler-embeddable\2.0.0\1de310de3446414381282ffc46c3ed3919a4d1da\kotlin-compiler-embeddable-2.0.0.jar;C:\Users\Administrator\.gradle\caches\modules-2\files-2.1\org.jetbrains.kotlin\kotlin-stdlib\2.0.0\b48df2c4aede9586cc931ead433bc02d6fd7879e\kotlin-stdlib-2.0.0.jar;C:\Users\Administrator\.gradle\caches\modules-2\files-2.1\org.jetbrains.kotlin\kotlin-script-runtime\2.0.0\fdc27dd047d592fa41d2dfa21e7621287a361612\kotlin-script-runtime-2.0.0.jar;C:\Users\Administrator\.gradle\caches\modules-2\files-2.1\org.jetbrains.kotlin\kotlin-reflect\1.6.10\1cbe9c92c12a94eea200d23c2bbaedaf3daf5132\kotlin-reflect-1.6.10.jar;C:\Users\Administrator\.gradle\caches\modules-2\files-2.1\org.jetbrains.kotlin\kotlin-daemon-embeddable\2.0.0\b39c612768614c4428c96ee9c65477181fffe9d\kotlin-daemon-embeddable-2.0.0.jar;C:\Users\Administrator\.gradle\caches\modules-2\files-2.1\org.jetbrains.intellij.deps\trove4j\1.0.20200330\3afb14d5f9ceb459d724e907a21145e8ff394f02\trove4j-1.0.20200330.jar;C:\Users\Administrator\.gradle\caches\modules-2\files-2.1\org.jetbrains\annotations\13.0\919f0dfe192fb4e063e7dacadee7f8bb9a2672a9\annotations-13.0.jar
Launcher Type: SUN_STANDARD

[Global flags]
     intx CICompilerCount                          = 4                                         {product} {ergonomic}
     uint ConcGCThreads                            = 2                                         {product} {ergonomic}
     uint G1ConcRefinementThreads                  = 8                                         {product} {ergonomic}
   size_t G1HeapRegionSize                         = 2097152                                   {product} {ergonomic}
    uintx GCDrainStackTargetSize                   = 64                                        {product} {ergonomic}
   size_t InitialHeapSize                          = 264241152                                 {product} {ergonomic}
   size_t MarkStackSize                            = 4194304                                   {product} {ergonomic}
   size_t MaxHeapSize                              = 4223664128                                {product} {ergonomic}
   size_t MaxNewSize                               = 2533359616                                {product} {ergonomic}
   size_t MinHeapDeltaBytes                        = 2097152                                   {product} {ergonomic}
   size_t MinHeapSize                              = 8388608                                   {product} {ergonomic}
    uintx NonNMethodCodeHeapSize                   = 5839372                                {pd product} {ergonomic}
    uintx NonProfiledCodeHeapSize                  = 122909434                              {pd product} {ergonomic}
    uintx ProfiledCodeHeapSize                     = 122909434                              {pd product} {ergonomic}
    uintx ReservedCodeCacheSize                    = 251658240                              {pd product} {ergonomic}
     bool SegmentedCodeCache                       = true                                      {product} {ergonomic}
   size_t SoftMaxHeapSize                          = 4223664128                             {manageable} {ergonomic}
     bool UseCompressedOops                        = true                           {product lp64_product} {ergonomic}
     bool UseG1GC                                  = true                                      {product} {ergonomic}
     bool UseLargePagesIndividualAllocation        = false                                  {pd product} {ergonomic}

Logging:
Log output configuration:
 #0: stdout all=warning uptime,level,tags foldmultilines=false
 #1: stderr all=off uptime,level,tags foldmultilines=false

Environment Variables:
PATH=C:\Program Files (x86)\Common Files\Oracle\Java\javapath;C:\WINDOWS\system32;C:\WINDOWS;C:\WINDOWS\System32\Wbem;C:\WINDOWS\System32\WindowsPowerShell\v1.0\;C:\WINDOWS\System32\OpenSSH\;C:\Program Files\Git\cmd;C:\Program Files\dotnet\;C:\ProgramData\chocolatey\bin;C:\Program Files\Cloudflare\Cloudflare WARP\;C:\Users\Administrator\.local\bin;C:\Users\Administrator\AppData\Local\Microsoft\WindowsApps;C:\Users\Administrator\AppData\Local\Programs\Microsoft VS Code\bin;C:\ffmpeg;C:\Users\Administrator\ffmpeg;C:\Users\Administrator\AppData\Local\Programs\cursor\resources\app\bin
USERNAME=Administrator
OS=Windows_NT
PROCESSOR_IDENTIFIER=Intel64 Family 6 Model 140 Stepping 1, GenuineIntel
TMP=C:\Users\ADMINI~1\AppData\Local\Temp
TEMP=C:\Users\ADMINI~1\AppData\Local\Temp




Periodic native trim disabled

JNI global refs:
JNI global refs: 14, weak refs: 4

JNI global refs memory usage: 835, weak refs: 833

Process memory usage:
Resident Set Size: 457568K (2% of 16493352K total physical memory with 1797160K free physical memory)

OOME stack traces (most recent first):
Classloader memory used:
Loader jdk.internal.loader.ClassLoaders$AppClassLoader                                 : 46809K
Loader bootstrap                                                                       : 11021K
Loader java.net.URLClassLoader                                                         : 333K

---------------  S Y S T E M  ---------------

OS:
 Windows 11 , 64 bit Build 26100 (10.0.26100.3912)
OS uptime: 0 days 3:41 hours

CPU: total 8 (initial active 8) (4 cores per cpu, 2 threads per core) family 6 model 140 stepping 1 microcode 0xbc, cx8, cmov, fxsr, ht, mmx, 3dnowpref, sse, sse2, sse3, ssse3, sse4.1, sse4.2, popcnt, lzcnt, tsc, tscinvbit, avx, avx2, aes, erms, clmul, bmi1, bmi2, adx, avx512f, avx512dq, avx512cd, avx512bw, avx512vl, sha, fma, vzeroupper, avx512_vpopcntdq, avx512_vpclmulqdq, avx512_vaes, avx512_vnni, clflush, clflushopt, clwb, avx512_vbmi2, avx512_vbmi, rdtscp, rdpid, fsrm, gfni, avx512_bitalg, f16c, pku, cet_ibt, cet_ss, avx512_ifma
Processor Information for the first 8 processors :
  Max Mhz: 2419, Current Mhz: 2419, Mhz Limit: 2419

Memory: 4k page, system-wide physical 16106M (1755M free)
TotalPageFile size 20202M (AvailPageFile size 197M)
current process WorkingSet (physical memory assigned to process): 447M, peak: 458M
current process commit charge ("private bytes"): 493M, peak: 634M

vm_info: OpenJDK 64-Bit Server VM (21.0.6+-13355223-b631.42) for windows-amd64 JRE (21.0.6+-13355223-b631.42), built on 2025-04-14T18:21:23Z by "builder" with MS VC++ 16.10 / 16.11 (VS2019)

END.
