#
# There is insufficient memory for the Java Runtime Environment to continue.
# Native memory allocation (malloc) failed to allocate 1245920 bytes. Error detail: Chunk::new
# Possible reasons:
#   The system is out of physical RAM or swap space
#   This process is running with CompressedOops enabled, and the Java Heap may be blocking the growth of the native heap
# Possible solutions:
#   Reduce memory load on the system
#   Increase physical memory or swap space
#   Check if swap backing store is full
#   Decrease Java heap size (-Xmx/-Xms)
#   Decrease number of Java threads
#   Decrease Java thread stack sizes (-Xss)
#   Set larger code cache with -XX:ReservedCodeCacheSize=
#   JVM is running with Zero Based Compressed Oops mode in which the Java heap is
#     placed in the first 32GB address space. The Java Heap base address is the
#     maximum limit for the native heap growth. Please use -XX:HeapBaseMinAddress
#     to set the Java Heap base and to place the Java Heap above 32GB virtual address.
# This output file may be truncated or incomplete.
#
#  Out of Memory Error (arena.cpp:168), pid=14896, tid=4752
#
# JRE version: OpenJDK Runtime Environment (21.0.6) (build 21.0.6+-13355223-b631.42)
# Java VM: OpenJDK 64-Bit Server VM (21.0.6+-13355223-b631.42, mixed mode, tiered, compressed oops, compressed class ptrs, g1 gc, windows-amd64)
# No core dump will be written. Minidumps are not enabled by default on client versions of Windows
#

---------------  S U M M A R Y ------------

Command Line: externalApp.nativessh.NativeSshAskPassApp The authenticity of host 'github.com (140.82.121.3)' can't be established.
ED25519 key fingerprint is SHA256:+DiY3wvvV6TuJJhbpZisF/zLDA0zPMSvHdkr4UvCOqU.
This key is not known by any other names.
Are you sure you want to continue connecting (yes/no/[fingerprint])? 

Host: 11th Gen Intel(R) Core(TM) i5-1135G7 @ 2.40GHz, 8 cores, 15G,  Windows 11 , 64 bit Build 26100 (10.0.26100.3912)
Time: Sun May  4 14:04:53 2025 Egypt Daylight Time elapsed time: 2.825924 seconds (0d 0h 0m 2s)

---------------  T H R E A D  ---------------

Current thread (0x000002d8da423b50):  JavaThread "C2 CompilerThread2" daemon [_thread_in_native, id=4752, stack(0x000000e667000000,0x000000e667100000) (1024K)]


Current CompileTask:
C2:2826 1088       4       sun.security.ec.ECOperations::setDouble (463 bytes)

Stack: [0x000000e667000000,0x000000e667100000]
Native frames: (J=compiled Java code, j=interpreted, Vv=VM code, C=native code)
V  [jvm.dll+0x6d05a9]
V  [jvm.dll+0x85ea73]
V  [jvm.dll+0x860fce]
V  [jvm.dll+0x8616b3]
V  [jvm.dll+0x27e6e6]
V  [jvm.dll+0xbff6d]
V  [jvm.dll+0xc04a3]
V  [jvm.dll+0x3b616b]
V  [jvm.dll+0x382097]
V  [jvm.dll+0x38150a]
V  [jvm.dll+0x247c82]
V  [jvm.dll+0x247251]
V  [jvm.dll+0x1c5f04]
V  [jvm.dll+0x2569ac]
V  [jvm.dll+0x254ef6]
V  [jvm.dll+0x3f0e56]
V  [jvm.dll+0x806e48]
V  [jvm.dll+0x6cee7d]
C  [ucrtbase.dll+0x37b0]
C  [KERNEL32.DLL+0x2e8d7]
C  [ntdll.dll+0x9c5dc]


---------------  P R O C E S S  ---------------

Threads class SMR info:
_java_thread_list=0x000002d8da3e8b70, length=16, elements={
0x000002d8bb7af8f0, 0x000002d8d5709430, 0x000002d8d5741420, 0x000002d8d5749f90,
0x000002d8d574b9d0, 0x000002d8d574c030, 0x000002d8d574c690, 0x000002d8d574d020,
0x000002d8d5779840, 0x000002d8d590bab0, 0x000002d8d5914be0, 0x000002d8da3a21b0,
0x000002d8da453710, 0x000002d8da448d00, 0x000002d8da3a8fa0, 0x000002d8da423b50
}

Java Threads: ( => current thread )
  0x000002d8bb7af8f0 JavaThread "main"                              [_thread_blocked, id=17244, stack(0x000000e665900000,0x000000e665a00000) (1024K)]
  0x000002d8d5709430 JavaThread "Reference Handler"          daemon [_thread_blocked, id=20008, stack(0x000000e666100000,0x000000e666200000) (1024K)]
  0x000002d8d5741420 JavaThread "Finalizer"                  daemon [_thread_blocked, id=20152, stack(0x000000e666200000,0x000000e666300000) (1024K)]
  0x000002d8d5749f90 JavaThread "Signal Dispatcher"          daemon [_thread_blocked, id=14208, stack(0x000000e666300000,0x000000e666400000) (1024K)]
  0x000002d8d574b9d0 JavaThread "Attach Listener"            daemon [_thread_blocked, id=21808, stack(0x000000e666400000,0x000000e666500000) (1024K)]
  0x000002d8d574c030 JavaThread "Service Thread"             daemon [_thread_blocked, id=18916, stack(0x000000e666500000,0x000000e666600000) (1024K)]
  0x000002d8d574c690 JavaThread "Monitor Deflation Thread"   daemon [_thread_blocked, id=9752, stack(0x000000e666600000,0x000000e666700000) (1024K)]
  0x000002d8d574d020 JavaThread "C2 CompilerThread0"         daemon [_thread_blocked, id=11212, stack(0x000000e666700000,0x000000e666800000) (1024K)]
  0x000002d8d5779840 JavaThread "C1 CompilerThread0"         daemon [_thread_blocked, id=8656, stack(0x000000e666800000,0x000000e666900000) (1024K)]
  0x000002d8d590bab0 JavaThread "Notification Thread"        daemon [_thread_blocked, id=19476, stack(0x000000e666900000,0x000000e666a00000) (1024K)]
  0x000002d8d5914be0 JavaThread "Common-Cleaner"             daemon [_thread_blocked, id=7236, stack(0x000000e666a00000,0x000000e666b00000) (1024K)]
  0x000002d8da3a21b0 JavaThread "HttpClient-1-SelectorManager" daemon [_thread_in_native, id=16324, stack(0x000000e666b00000,0x000000e666c00000) (1024K)]
  0x000002d8da453710 JavaThread "HttpClient-1-Worker-0"      daemon [_thread_blocked, id=20500, stack(0x000000e666d00000,0x000000e666e00000) (1024K)]
  0x000002d8da448d00 JavaThread "HttpClient-1-Worker-1"      daemon [_thread_blocked, id=19280, stack(0x000000e666e00000,0x000000e666f00000) (1024K)]
  0x000002d8da3a8fa0 JavaThread "C2 CompilerThread1"         daemon [_thread_blocked, id=18940, stack(0x000000e666f00000,0x000000e667000000) (1024K)]
=>0x000002d8da423b50 JavaThread "C2 CompilerThread2"         daemon [_thread_in_native, id=4752, stack(0x000000e667000000,0x000000e667100000) (1024K)]
Total: 16

Other Threads:
  0x000002d8d56de980 VMThread "VM Thread"                           [id=5980, stack(0x000000e666000000,0x000000e666100000) (1024K)]
  0x000002d8d50d74a0 WatcherThread "VM Periodic Task Thread"        [id=16900, stack(0x000000e665f00000,0x000000e666000000) (1024K)]
  0x000002d8bb80ed40 WorkerThread "GC Thread#0"                     [id=17708, stack(0x000000e665a00000,0x000000e665b00000) (1024K)]
  0x000002d8bb81fbb0 ConcurrentGCThread "G1 Main Marker"            [id=17052, stack(0x000000e665b00000,0x000000e665c00000) (1024K)]
  0x000002d8bb8220e0 WorkerThread "G1 Conc#0"                       [id=14628, stack(0x000000e665c00000,0x000000e665d00000) (1024K)]
  0x000002d8d4fa3850 ConcurrentGCThread "G1 Refine#0"               [id=4960, stack(0x000000e665d00000,0x000000e665e00000) (1024K)]
  0x000002d8d4fa3c80 ConcurrentGCThread "G1 Service"                [id=8628, stack(0x000000e665e00000,0x000000e665f00000) (1024K)]
Total: 7

Threads with active compile tasks:
C2 CompilerThread2  2836 1088       4       sun.security.ec.ECOperations::setDouble (463 bytes)
Total: 1

VM state: not at safepoint (normal execution)

VM Mutex/Monitor currently owned by a thread: None

Heap address: 0x0000000704400000, size: 4028 MB, Compressed Oops mode: Zero based, Oop shift amount: 3

CDS archive(s) not mapped
Compressed class space mapped at: 0x0000000800000000-0x0000000840000000, reserved size: 1073741824
Narrow klass base: 0x0000000800000000, Narrow klass shift: 0, Narrow klass range: 0x40000000

GC Precious Log:
 CardTable entry size: 512
 Card Set container configuration: InlinePtr #cards 4 size 8 Array Of Cards #cards 16 size 48 Howl #buckets 8 coarsen threshold 3686 Howl Bitmap #cards 512 size 80 coarsen threshold 460 Card regions per heap region 1 cards per card region 4096
 CPUs: 8 total, 8 available
 Memory: 16106M
 Large Page Support: Disabled
 NUMA Support: Disabled
 Compressed Oops: Enabled (Zero based)
 Heap Region Size: 2M
 Heap Min Capacity: 8M
 Heap Initial Capacity: 252M
 Heap Max Capacity: 4028M
 Pre-touch: Disabled
 Parallel Workers: 8
 Concurrent Workers: 2
 Concurrent Refinement Workers: 8
 Periodic GC: Disabled

Heap:
 garbage-first heap   total 258048K, used 14336K [0x0000000704400000, 0x0000000800000000)
  region size 2048K, 8 young (16384K), 0 survivors (0K)
 Metaspace       used 16876K, committed 17152K, reserved 1114112K
  class space    used 1791K, committed 1920K, reserved 1048576K

Heap Regions: E=young(eden), S=young(survivor), O=old, HS=humongous(starts), HC=humongous(continues), CS=collection set, F=free, TAMS=top-at-mark-start, PB=parsable bottom
|   0|0x0000000704400000, 0x0000000704400000, 0x0000000704600000|  0%| F|  |TAMS 0x0000000704400000| PB 0x0000000704400000| Untracked 
|   1|0x0000000704600000, 0x0000000704600000, 0x0000000704800000|  0%| F|  |TAMS 0x0000000704600000| PB 0x0000000704600000| Untracked 
|   2|0x0000000704800000, 0x0000000704800000, 0x0000000704a00000|  0%| F|  |TAMS 0x0000000704800000| PB 0x0000000704800000| Untracked 
|   3|0x0000000704a00000, 0x0000000704a00000, 0x0000000704c00000|  0%| F|  |TAMS 0x0000000704a00000| PB 0x0000000704a00000| Untracked 
|   4|0x0000000704c00000, 0x0000000704c00000, 0x0000000704e00000|  0%| F|  |TAMS 0x0000000704c00000| PB 0x0000000704c00000| Untracked 
|   5|0x0000000704e00000, 0x0000000704e00000, 0x0000000705000000|  0%| F|  |TAMS 0x0000000704e00000| PB 0x0000000704e00000| Untracked 
|   6|0x0000000705000000, 0x0000000705000000, 0x0000000705200000|  0%| F|  |TAMS 0x0000000705000000| PB 0x0000000705000000| Untracked 
|   7|0x0000000705200000, 0x0000000705200000, 0x0000000705400000|  0%| F|  |TAMS 0x0000000705200000| PB 0x0000000705200000| Untracked 
|   8|0x0000000705400000, 0x0000000705400000, 0x0000000705600000|  0%| F|  |TAMS 0x0000000705400000| PB 0x0000000705400000| Untracked 
|   9|0x0000000705600000, 0x0000000705600000, 0x0000000705800000|  0%| F|  |TAMS 0x0000000705600000| PB 0x0000000705600000| Untracked 
|  10|0x0000000705800000, 0x0000000705800000, 0x0000000705a00000|  0%| F|  |TAMS 0x0000000705800000| PB 0x0000000705800000| Untracked 
|  11|0x0000000705a00000, 0x0000000705a00000, 0x0000000705c00000|  0%| F|  |TAMS 0x0000000705a00000| PB 0x0000000705a00000| Untracked 
|  12|0x0000000705c00000, 0x0000000705c00000, 0x0000000705e00000|  0%| F|  |TAMS 0x0000000705c00000| PB 0x0000000705c00000| Untracked 
|  13|0x0000000705e00000, 0x0000000705e00000, 0x0000000706000000|  0%| F|  |TAMS 0x0000000705e00000| PB 0x0000000705e00000| Untracked 
|  14|0x0000000706000000, 0x0000000706000000, 0x0000000706200000|  0%| F|  |TAMS 0x0000000706000000| PB 0x0000000706000000| Untracked 
|  15|0x0000000706200000, 0x0000000706200000, 0x0000000706400000|  0%| F|  |TAMS 0x0000000706200000| PB 0x0000000706200000| Untracked 
|  16|0x0000000706400000, 0x0000000706400000, 0x0000000706600000|  0%| F|  |TAMS 0x0000000706400000| PB 0x0000000706400000| Untracked 
|  17|0x0000000706600000, 0x0000000706600000, 0x0000000706800000|  0%| F|  |TAMS 0x0000000706600000| PB 0x0000000706600000| Untracked 
|  18|0x0000000706800000, 0x0000000706800000, 0x0000000706a00000|  0%| F|  |TAMS 0x0000000706800000| PB 0x0000000706800000| Untracked 
|  19|0x0000000706a00000, 0x0000000706a00000, 0x0000000706c00000|  0%| F|  |TAMS 0x0000000706a00000| PB 0x0000000706a00000| Untracked 
|  20|0x0000000706c00000, 0x0000000706c00000, 0x0000000706e00000|  0%| F|  |TAMS 0x0000000706c00000| PB 0x0000000706c00000| Untracked 
|  21|0x0000000706e00000, 0x0000000706e00000, 0x0000000707000000|  0%| F|  |TAMS 0x0000000706e00000| PB 0x0000000706e00000| Untracked 
|  22|0x0000000707000000, 0x0000000707000000, 0x0000000707200000|  0%| F|  |TAMS 0x0000000707000000| PB 0x0000000707000000| Untracked 
|  23|0x0000000707200000, 0x0000000707200000, 0x0000000707400000|  0%| F|  |TAMS 0x0000000707200000| PB 0x0000000707200000| Untracked 
|  24|0x0000000707400000, 0x0000000707400000, 0x0000000707600000|  0%| F|  |TAMS 0x0000000707400000| PB 0x0000000707400000| Untracked 
|  25|0x0000000707600000, 0x0000000707600000, 0x0000000707800000|  0%| F|  |TAMS 0x0000000707600000| PB 0x0000000707600000| Untracked 
|  26|0x0000000707800000, 0x0000000707800000, 0x0000000707a00000|  0%| F|  |TAMS 0x0000000707800000| PB 0x0000000707800000| Untracked 
|  27|0x0000000707a00000, 0x0000000707a00000, 0x0000000707c00000|  0%| F|  |TAMS 0x0000000707a00000| PB 0x0000000707a00000| Untracked 
|  28|0x0000000707c00000, 0x0000000707c00000, 0x0000000707e00000|  0%| F|  |TAMS 0x0000000707c00000| PB 0x0000000707c00000| Untracked 
|  29|0x0000000707e00000, 0x0000000707e00000, 0x0000000708000000|  0%| F|  |TAMS 0x0000000707e00000| PB 0x0000000707e00000| Untracked 
|  30|0x0000000708000000, 0x0000000708000000, 0x0000000708200000|  0%| F|  |TAMS 0x0000000708000000| PB 0x0000000708000000| Untracked 
|  31|0x0000000708200000, 0x0000000708200000, 0x0000000708400000|  0%| F|  |TAMS 0x0000000708200000| PB 0x0000000708200000| Untracked 
|  32|0x0000000708400000, 0x0000000708400000, 0x0000000708600000|  0%| F|  |TAMS 0x0000000708400000| PB 0x0000000708400000| Untracked 
|  33|0x0000000708600000, 0x0000000708600000, 0x0000000708800000|  0%| F|  |TAMS 0x0000000708600000| PB 0x0000000708600000| Untracked 
|  34|0x0000000708800000, 0x0000000708800000, 0x0000000708a00000|  0%| F|  |TAMS 0x0000000708800000| PB 0x0000000708800000| Untracked 
|  35|0x0000000708a00000, 0x0000000708a00000, 0x0000000708c00000|  0%| F|  |TAMS 0x0000000708a00000| PB 0x0000000708a00000| Untracked 
|  36|0x0000000708c00000, 0x0000000708c00000, 0x0000000708e00000|  0%| F|  |TAMS 0x0000000708c00000| PB 0x0000000708c00000| Untracked 
|  37|0x0000000708e00000, 0x0000000708e00000, 0x0000000709000000|  0%| F|  |TAMS 0x0000000708e00000| PB 0x0000000708e00000| Untracked 
|  38|0x0000000709000000, 0x0000000709000000, 0x0000000709200000|  0%| F|  |TAMS 0x0000000709000000| PB 0x0000000709000000| Untracked 
|  39|0x0000000709200000, 0x0000000709200000, 0x0000000709400000|  0%| F|  |TAMS 0x0000000709200000| PB 0x0000000709200000| Untracked 
|  40|0x0000000709400000, 0x0000000709400000, 0x0000000709600000|  0%| F|  |TAMS 0x0000000709400000| PB 0x0000000709400000| Untracked 
|  41|0x0000000709600000, 0x0000000709600000, 0x0000000709800000|  0%| F|  |TAMS 0x0000000709600000| PB 0x0000000709600000| Untracked 
|  42|0x0000000709800000, 0x0000000709800000, 0x0000000709a00000|  0%| F|  |TAMS 0x0000000709800000| PB 0x0000000709800000| Untracked 
|  43|0x0000000709a00000, 0x0000000709a00000, 0x0000000709c00000|  0%| F|  |TAMS 0x0000000709a00000| PB 0x0000000709a00000| Untracked 
|  44|0x0000000709c00000, 0x0000000709c00000, 0x0000000709e00000|  0%| F|  |TAMS 0x0000000709c00000| PB 0x0000000709c00000| Untracked 
|  45|0x0000000709e00000, 0x0000000709e00000, 0x000000070a000000|  0%| F|  |TAMS 0x0000000709e00000| PB 0x0000000709e00000| Untracked 
|  46|0x000000070a000000, 0x000000070a000000, 0x000000070a200000|  0%| F|  |TAMS 0x000000070a000000| PB 0x000000070a000000| Untracked 
|  47|0x000000070a200000, 0x000000070a200000, 0x000000070a400000|  0%| F|  |TAMS 0x000000070a200000| PB 0x000000070a200000| Untracked 
|  48|0x000000070a400000, 0x000000070a400000, 0x000000070a600000|  0%| F|  |TAMS 0x000000070a400000| PB 0x000000070a400000| Untracked 
|  49|0x000000070a600000, 0x000000070a600000, 0x000000070a800000|  0%| F|  |TAMS 0x000000070a600000| PB 0x000000070a600000| Untracked 
|  50|0x000000070a800000, 0x000000070a800000, 0x000000070aa00000|  0%| F|  |TAMS 0x000000070a800000| PB 0x000000070a800000| Untracked 
|  51|0x000000070aa00000, 0x000000070aa00000, 0x000000070ac00000|  0%| F|  |TAMS 0x000000070aa00000| PB 0x000000070aa00000| Untracked 
|  52|0x000000070ac00000, 0x000000070ac00000, 0x000000070ae00000|  0%| F|  |TAMS 0x000000070ac00000| PB 0x000000070ac00000| Untracked 
|  53|0x000000070ae00000, 0x000000070ae00000, 0x000000070b000000|  0%| F|  |TAMS 0x000000070ae00000| PB 0x000000070ae00000| Untracked 
|  54|0x000000070b000000, 0x000000070b000000, 0x000000070b200000|  0%| F|  |TAMS 0x000000070b000000| PB 0x000000070b000000| Untracked 
|  55|0x000000070b200000, 0x000000070b200000, 0x000000070b400000|  0%| F|  |TAMS 0x000000070b200000| PB 0x000000070b200000| Untracked 
|  56|0x000000070b400000, 0x000000070b400000, 0x000000070b600000|  0%| F|  |TAMS 0x000000070b400000| PB 0x000000070b400000| Untracked 
|  57|0x000000070b600000, 0x000000070b600000, 0x000000070b800000|  0%| F|  |TAMS 0x000000070b600000| PB 0x000000070b600000| Untracked 
|  58|0x000000070b800000, 0x000000070b800000, 0x000000070ba00000|  0%| F|  |TAMS 0x000000070b800000| PB 0x000000070b800000| Untracked 
|  59|0x000000070ba00000, 0x000000070ba00000, 0x000000070bc00000|  0%| F|  |TAMS 0x000000070ba00000| PB 0x000000070ba00000| Untracked 
|  60|0x000000070bc00000, 0x000000070bc00000, 0x000000070be00000|  0%| F|  |TAMS 0x000000070bc00000| PB 0x000000070bc00000| Untracked 
|  61|0x000000070be00000, 0x000000070be00000, 0x000000070c000000|  0%| F|  |TAMS 0x000000070be00000| PB 0x000000070be00000| Untracked 
|  62|0x000000070c000000, 0x000000070c000000, 0x000000070c200000|  0%| F|  |TAMS 0x000000070c000000| PB 0x000000070c000000| Untracked 
|  63|0x000000070c200000, 0x000000070c200000, 0x000000070c400000|  0%| F|  |TAMS 0x000000070c200000| PB 0x000000070c200000| Untracked 
|  64|0x000000070c400000, 0x000000070c400000, 0x000000070c600000|  0%| F|  |TAMS 0x000000070c400000| PB 0x000000070c400000| Untracked 
|  65|0x000000070c600000, 0x000000070c600000, 0x000000070c800000|  0%| F|  |TAMS 0x000000070c600000| PB 0x000000070c600000| Untracked 
|  66|0x000000070c800000, 0x000000070c800000, 0x000000070ca00000|  0%| F|  |TAMS 0x000000070c800000| PB 0x000000070c800000| Untracked 
|  67|0x000000070ca00000, 0x000000070ca00000, 0x000000070cc00000|  0%| F|  |TAMS 0x000000070ca00000| PB 0x000000070ca00000| Untracked 
|  68|0x000000070cc00000, 0x000000070cc00000, 0x000000070ce00000|  0%| F|  |TAMS 0x000000070cc00000| PB 0x000000070cc00000| Untracked 
|  69|0x000000070ce00000, 0x000000070ce00000, 0x000000070d000000|  0%| F|  |TAMS 0x000000070ce00000| PB 0x000000070ce00000| Untracked 
|  70|0x000000070d000000, 0x000000070d000000, 0x000000070d200000|  0%| F|  |TAMS 0x000000070d000000| PB 0x000000070d000000| Untracked 
|  71|0x000000070d200000, 0x000000070d200000, 0x000000070d400000|  0%| F|  |TAMS 0x000000070d200000| PB 0x000000070d200000| Untracked 
|  72|0x000000070d400000, 0x000000070d400000, 0x000000070d600000|  0%| F|  |TAMS 0x000000070d400000| PB 0x000000070d400000| Untracked 
|  73|0x000000070d600000, 0x000000070d600000, 0x000000070d800000|  0%| F|  |TAMS 0x000000070d600000| PB 0x000000070d600000| Untracked 
|  74|0x000000070d800000, 0x000000070d800000, 0x000000070da00000|  0%| F|  |TAMS 0x000000070d800000| PB 0x000000070d800000| Untracked 
|  75|0x000000070da00000, 0x000000070da00000, 0x000000070dc00000|  0%| F|  |TAMS 0x000000070da00000| PB 0x000000070da00000| Untracked 
|  76|0x000000070dc00000, 0x000000070dc00000, 0x000000070de00000|  0%| F|  |TAMS 0x000000070dc00000| PB 0x000000070dc00000| Untracked 
|  77|0x000000070de00000, 0x000000070de00000, 0x000000070e000000|  0%| F|  |TAMS 0x000000070de00000| PB 0x000000070de00000| Untracked 
|  78|0x000000070e000000, 0x000000070e000000, 0x000000070e200000|  0%| F|  |TAMS 0x000000070e000000| PB 0x000000070e000000| Untracked 
|  79|0x000000070e200000, 0x000000070e200000, 0x000000070e400000|  0%| F|  |TAMS 0x000000070e200000| PB 0x000000070e200000| Untracked 
|  80|0x000000070e400000, 0x000000070e400000, 0x000000070e600000|  0%| F|  |TAMS 0x000000070e400000| PB 0x000000070e400000| Untracked 
|  81|0x000000070e600000, 0x000000070e600000, 0x000000070e800000|  0%| F|  |TAMS 0x000000070e600000| PB 0x000000070e600000| Untracked 
|  82|0x000000070e800000, 0x000000070e800000, 0x000000070ea00000|  0%| F|  |TAMS 0x000000070e800000| PB 0x000000070e800000| Untracked 
|  83|0x000000070ea00000, 0x000000070ea00000, 0x000000070ec00000|  0%| F|  |TAMS 0x000000070ea00000| PB 0x000000070ea00000| Untracked 
|  84|0x000000070ec00000, 0x000000070ec00000, 0x000000070ee00000|  0%| F|  |TAMS 0x000000070ec00000| PB 0x000000070ec00000| Untracked 
|  85|0x000000070ee00000, 0x000000070ee00000, 0x000000070f000000|  0%| F|  |TAMS 0x000000070ee00000| PB 0x000000070ee00000| Untracked 
|  86|0x000000070f000000, 0x000000070f000000, 0x000000070f200000|  0%| F|  |TAMS 0x000000070f000000| PB 0x000000070f000000| Untracked 
|  87|0x000000070f200000, 0x000000070f200000, 0x000000070f400000|  0%| F|  |TAMS 0x000000070f200000| PB 0x000000070f200000| Untracked 
|  88|0x000000070f400000, 0x000000070f400000, 0x000000070f600000|  0%| F|  |TAMS 0x000000070f400000| PB 0x000000070f400000| Untracked 
|  89|0x000000070f600000, 0x000000070f600000, 0x000000070f800000|  0%| F|  |TAMS 0x000000070f600000| PB 0x000000070f600000| Untracked 
|  90|0x000000070f800000, 0x000000070f800000, 0x000000070fa00000|  0%| F|  |TAMS 0x000000070f800000| PB 0x000000070f800000| Untracked 
|  91|0x000000070fa00000, 0x000000070fa00000, 0x000000070fc00000|  0%| F|  |TAMS 0x000000070fa00000| PB 0x000000070fa00000| Untracked 
|  92|0x000000070fc00000, 0x000000070fc00000, 0x000000070fe00000|  0%| F|  |TAMS 0x000000070fc00000| PB 0x000000070fc00000| Untracked 
|  93|0x000000070fe00000, 0x000000070fe00000, 0x0000000710000000|  0%| F|  |TAMS 0x000000070fe00000| PB 0x000000070fe00000| Untracked 
|  94|0x0000000710000000, 0x0000000710000000, 0x0000000710200000|  0%| F|  |TAMS 0x0000000710000000| PB 0x0000000710000000| Untracked 
|  95|0x0000000710200000, 0x0000000710200000, 0x0000000710400000|  0%| F|  |TAMS 0x0000000710200000| PB 0x0000000710200000| Untracked 
|  96|0x0000000710400000, 0x0000000710400000, 0x0000000710600000|  0%| F|  |TAMS 0x0000000710400000| PB 0x0000000710400000| Untracked 
|  97|0x0000000710600000, 0x0000000710600000, 0x0000000710800000|  0%| F|  |TAMS 0x0000000710600000| PB 0x0000000710600000| Untracked 
|  98|0x0000000710800000, 0x0000000710800000, 0x0000000710a00000|  0%| F|  |TAMS 0x0000000710800000| PB 0x0000000710800000| Untracked 
|  99|0x0000000710a00000, 0x0000000710a00000, 0x0000000710c00000|  0%| F|  |TAMS 0x0000000710a00000| PB 0x0000000710a00000| Untracked 
| 100|0x0000000710c00000, 0x0000000710c00000, 0x0000000710e00000|  0%| F|  |TAMS 0x0000000710c00000| PB 0x0000000710c00000| Untracked 
| 101|0x0000000710e00000, 0x0000000710e00000, 0x0000000711000000|  0%| F|  |TAMS 0x0000000710e00000| PB 0x0000000710e00000| Untracked 
| 102|0x0000000711000000, 0x0000000711000000, 0x0000000711200000|  0%| F|  |TAMS 0x0000000711000000| PB 0x0000000711000000| Untracked 
| 103|0x0000000711200000, 0x0000000711200000, 0x0000000711400000|  0%| F|  |TAMS 0x0000000711200000| PB 0x0000000711200000| Untracked 
| 104|0x0000000711400000, 0x0000000711400000, 0x0000000711600000|  0%| F|  |TAMS 0x0000000711400000| PB 0x0000000711400000| Untracked 
| 105|0x0000000711600000, 0x0000000711600000, 0x0000000711800000|  0%| F|  |TAMS 0x0000000711600000| PB 0x0000000711600000| Untracked 
| 106|0x0000000711800000, 0x0000000711800000, 0x0000000711a00000|  0%| F|  |TAMS 0x0000000711800000| PB 0x0000000711800000| Untracked 
| 107|0x0000000711a00000, 0x0000000711a00000, 0x0000000711c00000|  0%| F|  |TAMS 0x0000000711a00000| PB 0x0000000711a00000| Untracked 
| 108|0x0000000711c00000, 0x0000000711c00000, 0x0000000711e00000|  0%| F|  |TAMS 0x0000000711c00000| PB 0x0000000711c00000| Untracked 
| 109|0x0000000711e00000, 0x0000000711e00000, 0x0000000712000000|  0%| F|  |TAMS 0x0000000711e00000| PB 0x0000000711e00000| Untracked 
| 110|0x0000000712000000, 0x0000000712000000, 0x0000000712200000|  0%| F|  |TAMS 0x0000000712000000| PB 0x0000000712000000| Untracked 
| 111|0x0000000712200000, 0x0000000712200000, 0x0000000712400000|  0%| F|  |TAMS 0x0000000712200000| PB 0x0000000712200000| Untracked 
| 112|0x0000000712400000, 0x0000000712400000, 0x0000000712600000|  0%| F|  |TAMS 0x0000000712400000| PB 0x0000000712400000| Untracked 
| 113|0x0000000712600000, 0x0000000712600000, 0x0000000712800000|  0%| F|  |TAMS 0x0000000712600000| PB 0x0000000712600000| Untracked 
| 114|0x0000000712800000, 0x0000000712800000, 0x0000000712a00000|  0%| F|  |TAMS 0x0000000712800000| PB 0x0000000712800000| Untracked 
| 115|0x0000000712a00000, 0x0000000712a00000, 0x0000000712c00000|  0%| F|  |TAMS 0x0000000712a00000| PB 0x0000000712a00000| Untracked 
| 116|0x0000000712c00000, 0x0000000712c00000, 0x0000000712e00000|  0%| F|  |TAMS 0x0000000712c00000| PB 0x0000000712c00000| Untracked 
| 117|0x0000000712e00000, 0x0000000712e00000, 0x0000000713000000|  0%| F|  |TAMS 0x0000000712e00000| PB 0x0000000712e00000| Untracked 
| 118|0x0000000713000000, 0x0000000713200000, 0x0000000713200000|100%| E|  |TAMS 0x0000000713000000| PB 0x0000000713000000| Complete 
| 119|0x0000000713200000, 0x0000000713400000, 0x0000000713400000|100%| E|CS|TAMS 0x0000000713200000| PB 0x0000000713200000| Complete 
| 120|0x0000000713400000, 0x0000000713600000, 0x0000000713600000|100%| E|CS|TAMS 0x0000000713400000| PB 0x0000000713400000| Complete 
| 121|0x0000000713600000, 0x0000000713800000, 0x0000000713800000|100%| E|CS|TAMS 0x0000000713600000| PB 0x0000000713600000| Complete 
| 122|0x0000000713800000, 0x0000000713a00000, 0x0000000713a00000|100%| E|CS|TAMS 0x0000000713800000| PB 0x0000000713800000| Complete 
| 123|0x0000000713a00000, 0x0000000713c00000, 0x0000000713c00000|100%| E|CS|TAMS 0x0000000713a00000| PB 0x0000000713a00000| Complete 
| 124|0x0000000713c00000, 0x0000000713e00000, 0x0000000713e00000|100%| E|CS|TAMS 0x0000000713c00000| PB 0x0000000713c00000| Complete 
| 125|0x0000000713e00000, 0x0000000714000000, 0x0000000714000000|100%| E|CS|TAMS 0x0000000713e00000| PB 0x0000000713e00000| Complete 

Card table byte_map: [0x000002d8ce410000,0x000002d8cebf0000] _byte_map_base: 0x000002d8cabee000

Marking Bits: (CMBitMap*) 0x000002d8bb80f440
 Bits: [0x000002d8cebf0000, 0x000002d8d2ae0000)

Polling page: 0x000002d8b9620000

Metaspace:

Usage:
  Non-class:     14.73 MB used.
      Class:      1.75 MB used.
       Both:     16.48 MB used.

Virtual space:
  Non-class space:       64.00 MB reserved,      14.88 MB ( 23%) committed,  1 nodes.
      Class space:        1.00 GB reserved,       1.88 MB ( <1%) committed,  1 nodes.
             Both:        1.06 GB reserved,      16.75 MB (  2%) committed. 

Chunk freelists:
   Non-Class:  784.00 KB
       Class:  14.13 MB
        Both:  14.90 MB

MaxMetaspaceSize: unlimited
CompressedClassSpaceSize: 1.00 GB
Initial GC threshold: 21.00 MB
Current GC threshold: 21.00 MB
CDS: off
 - commit_granule_bytes: 65536.
 - commit_granule_words: 8192.
 - virtual_space_node_default_size: 8388608.
 - enlarge_chunks_in_place: 1.
 - use_allocation_guard: 0.


Internal statistics:

num_allocs_failed_limit: 0.
num_arena_births: 244.
num_arena_deaths: 0.
num_vsnodes_births: 2.
num_vsnodes_deaths: 0.
num_space_committed: 268.
num_space_uncommitted: 0.
num_chunks_returned_to_freelist: 0.
num_chunks_taken_from_freelist: 447.
num_chunk_merges: 0.
num_chunk_splits: 242.
num_chunks_enlarged: 99.
num_inconsistent_stats: 0.

CodeHeap 'non-profiled nmethods': size=120000Kb used=421Kb max_used=421Kb free=119579Kb
 bounds [0x000002d8c63d0000, 0x000002d8c6640000, 0x000002d8cd900000]
CodeHeap 'profiled nmethods': size=120000Kb used=1871Kb max_used=1871Kb free=118128Kb
 bounds [0x000002d8be900000, 0x000002d8beb70000, 0x000002d8c5e30000]
CodeHeap 'non-nmethods': size=5760Kb used=1560Kb max_used=1576Kb free=4199Kb
 bounds [0x000002d8c5e30000, 0x000002d8c60a0000, 0x000002d8c63d0000]
 total_blobs=1690 nmethods=1175 adapters=420
 compilation: enabled
              stopped_count=0, restarted_count=0
 full_count=0

Compilation events (20 events):
Event: 1.730 Thread 0x000002d8d5779840 nmethod 1110 0x000002d8beab2f10 code [0x000002d8beab30c0, 0x000002d8beab3208]
Event: 1.731 Thread 0x000002d8d5779840 1111       3       java.lang.invoke.MethodHandles$Lookup::resolveOrFail (48 bytes)
Event: 1.732 Thread 0x000002d8d5779840 nmethod 1111 0x000002d8beab3310 code [0x000002d8beab3560, 0x000002d8beab3c18]
Event: 1.732 Thread 0x000002d8d5779840 1113       3       sun.security.ec.XECOperations::bitAt (23 bytes)
Event: 1.732 Thread 0x000002d8d574d020 1114       4       sun.security.util.math.intpoly.IntegerPolynomial::multByInt (30 bytes)
Event: 1.732 Thread 0x000002d8da3a8fa0 1115       4       sun.security.util.math.intpoly.IntegerPolynomial$MutableElement::setProduct (58 bytes)
Event: 1.732 Thread 0x000002d8d5779840 nmethod 1113 0x000002d8beab3f10 code [0x000002d8beab40c0, 0x000002d8beab4258]
Event: 1.732 Thread 0x000002d8d5779840 1112       3       java.lang.invoke.MethodHandles$Lookup::checkMethodName (45 bytes)
Event: 1.732 Thread 0x000002d8d5779840 nmethod 1112 0x000002d8beab4390 code [0x000002d8beab45e0, 0x000002d8beab4cc8]
Event: 1.732 Thread 0x000002d8d5779840 1116       3       sun.security.util.math.intpoly.IntegerPolynomial25519::reduce (40 bytes)
Event: 1.732 Thread 0x000002d8d5779840 nmethod 1116 0x000002d8beab5010 code [0x000002d8beab51e0, 0x000002d8beab54e0]
Event: 1.732 Thread 0x000002d8d5779840 1117       3       sun.security.util.math.intpoly.IntegerPolynomial25519::carryReduce (391 bytes)
Event: 1.732 Thread 0x000002d8d5779840 nmethod 1117 0x000002d8beab5690 code [0x000002d8beab5840, 0x000002d8beab5ca0]
Event: 1.732 Thread 0x000002d8d5779840 1118       3       java.lang.invoke.MethodHandleNatives::canBeCalledVirtual (49 bytes)
Event: 1.732 Thread 0x000002d8d5779840 nmethod 1118 0x000002d8beab5e90 code [0x000002d8beab6080, 0x000002d8beab6528]
Event: 1.733 Thread 0x000002d8d5779840 1119       3       jdk.internal.misc.Unsafe::putIntUnaligned (79 bytes)
Event: 1.733 Thread 0x000002d8d5779840 nmethod 1119 0x000002d8beab6690 code [0x000002d8beab6860, 0x000002d8beab6bf0]
Event: 1.734 Thread 0x000002d8d5779840 1120       3       jdk.internal.misc.Unsafe::putIntUnaligned (14 bytes)
Event: 1.734 Thread 0x000002d8d5779840 nmethod 1120 0x000002d8beab6d10 code [0x000002d8beab6ec0, 0x000002d8beab7100]
Event: 1.736 Thread 0x000002d8d5779840 1121       3       sun.security.provider.SHA2::implCompress0 (448 bytes)

GC Heap History (0 events):
No events

Dll operation events (2 events):
Event: 0.008 Loaded shared library C:\Program Files\Android\Android Studio\jbr\bin\java.dll
Event: 0.013 Loaded shared library C:\Program Files\Android\Android Studio\jbr\bin\zip.dll

Deoptimization events (20 events):
Event: 1.731 Thread 0x000002d8da453710 Uncommon trap: trap_request=0xffffff66 fr.pc=0x000002d8c642e0c0 relative=0x0000000000000260
Event: 1.731 Thread 0x000002d8da453710 Uncommon trap: reason=speculate_class_check action=maybe_recompile pc=0x000002d8c642e0c0 method=sun.security.util.math.intpoly.IntegerPolynomial.multByInt([JJ)V @ 26 c2
Event: 1.731 Thread 0x000002d8da453710 DEOPT PACKING pc=0x000002d8c642e0c0 sp=0x000000e666dfe110
Event: 1.731 Thread 0x000002d8da453710 DEOPT UNPACKING pc=0x000002d8c5e87da2 sp=0x000000e666dfe050 mode 2
Event: 1.731 Thread 0x000002d8da453710 Uncommon trap: trap_request=0xffffffde fr.pc=0x000002d8c6429a04 relative=0x00000000000001c4
Event: 1.731 Thread 0x000002d8da453710 Uncommon trap: reason=class_check action=maybe_recompile pc=0x000002d8c6429a04 method=sun.security.util.math.intpoly.IntegerPolynomial.multByInt([JJ)V @ 26 c2
Event: 1.731 Thread 0x000002d8da453710 DEOPT PACKING pc=0x000002d8c6429a04 sp=0x000000e666dfe080
Event: 1.731 Thread 0x000002d8da453710 DEOPT UNPACKING pc=0x000002d8c5e87da2 sp=0x000000e666dfe050 mode 2
Event: 1.731 Thread 0x000002d8da453710 Uncommon trap: trap_request=0xffffffde fr.pc=0x000002d8c6429a04 relative=0x00000000000001c4
Event: 1.731 Thread 0x000002d8da453710 Uncommon trap: reason=class_check action=maybe_recompile pc=0x000002d8c6429a04 method=sun.security.util.math.intpoly.IntegerPolynomial.multByInt([JJ)V @ 26 c2
Event: 1.731 Thread 0x000002d8da453710 DEOPT PACKING pc=0x000002d8c6429a04 sp=0x000000e666dfe080
Event: 1.731 Thread 0x000002d8da453710 DEOPT UNPACKING pc=0x000002d8c5e87da2 sp=0x000000e666dfe050 mode 2
Event: 1.731 Thread 0x000002d8da453710 Uncommon trap: trap_request=0xffffffde fr.pc=0x000002d8c6429a04 relative=0x00000000000001c4
Event: 1.731 Thread 0x000002d8da453710 Uncommon trap: reason=class_check action=maybe_recompile pc=0x000002d8c6429a04 method=sun.security.util.math.intpoly.IntegerPolynomial.multByInt([JJ)V @ 26 c2
Event: 1.731 Thread 0x000002d8da453710 DEOPT PACKING pc=0x000002d8c6429a04 sp=0x000000e666dfe080
Event: 1.731 Thread 0x000002d8da453710 DEOPT UNPACKING pc=0x000002d8c5e87da2 sp=0x000000e666dfe050 mode 2
Event: 1.731 Thread 0x000002d8da453710 Uncommon trap: trap_request=0xffffffde fr.pc=0x000002d8c6429a04 relative=0x00000000000001c4
Event: 1.731 Thread 0x000002d8da453710 Uncommon trap: reason=class_check action=maybe_recompile pc=0x000002d8c6429a04 method=sun.security.util.math.intpoly.IntegerPolynomial.multByInt([JJ)V @ 26 c2
Event: 1.731 Thread 0x000002d8da453710 DEOPT PACKING pc=0x000002d8c6429a04 sp=0x000000e666dfe080
Event: 1.731 Thread 0x000002d8da453710 DEOPT UNPACKING pc=0x000002d8c5e87da2 sp=0x000000e666dfe050 mode 2

Classes loaded (20 events):
Event: 1.734 Loading class sun/security/ssl/SSLTrafficKeyDerivation$S30TrafficKeyDerivationGenerator done
Event: 1.734 Loading class sun/security/ssl/SSLTrafficKeyDerivation$T10TrafficKeyDerivationGenerator
Event: 1.734 Loading class sun/security/ssl/SSLTrafficKeyDerivation$T10TrafficKeyDerivationGenerator done
Event: 1.734 Loading class sun/security/ssl/SSLTrafficKeyDerivation$T12TrafficKeyDerivationGenerator
Event: 1.734 Loading class sun/security/ssl/SSLTrafficKeyDerivation$T12TrafficKeyDerivationGenerator done
Event: 1.734 Loading class sun/security/ssl/SSLTrafficKeyDerivation$T13TrafficKeyDerivationGenerator
Event: 1.734 Loading class sun/security/ssl/SSLTrafficKeyDerivation$T13TrafficKeyDerivationGenerator done
Event: 1.734 Loading class sun/security/ssl/SSLTrafficKeyDerivation$1
Event: 1.734 Loading class sun/security/ssl/SSLTrafficKeyDerivation$1 done
Event: 1.734 Loading class sun/security/ssl/SSLTrafficKeyDerivation$T13TrafficKeyDerivation
Event: 1.734 Loading class sun/security/ssl/SSLTrafficKeyDerivation$T13TrafficKeyDerivation done
Event: 1.734 Loading class sun/security/ssl/SSLTrafficKeyDerivation$KeySchedule
Event: 1.734 Loading class sun/security/ssl/SSLTrafficKeyDerivation$KeySchedule done
Event: 1.735 Loading class javax/crypto/spec/IvParameterSpec
Event: 1.735 Loading class javax/crypto/spec/IvParameterSpec done
Event: 1.735 Loading class sun/security/ssl/Authenticator$TLS13Authenticator
Event: 1.735 Loading class sun/security/ssl/Authenticator$TLS13Authenticator done
Event: 1.735 Loading class sun/security/ssl/SSLCipher$T13GcmReadCipherGenerator$GcmReadCipher
Event: 1.735 Loading class sun/security/ssl/SSLCipher$T13GcmReadCipherGenerator$GcmReadCipher done
Event: 1.736 Loading class sun/security/ssl/SSLCipher$T13GcmWriteCipherGenerator$GcmWriteCipher

Classes unloaded (0 events):
No events

Classes redefined (0 events):
No events

Internal exceptions (20 events):
Event: 0.278 Thread 0x000002d8bb7af8f0 Exception <a 'java/lang/NoSuchMethodError'{0x00000007138fe870}: 'int java.lang.invoke.DirectMethodHandle$Holder.invokeStaticInit(java.lang.Object, int, int)'> (0x00000007138fe870) 
thrown [s\src\hotspot\share\interpreter\linkResolver.cpp, line 784]
Event: 0.278 Thread 0x000002d8bb7af8f0 Exception <a 'java/lang/NoSuchMethodError'{0x0000000713905e80}: 'int java.lang.invoke.DirectMethodHandle$Holder.invokeStaticInit(java.lang.Object, long, long)'> (0x0000000713905e80) 
thrown [s\src\hotspot\share\interpreter\linkResolver.cpp, line 784]
Event: 0.278 Thread 0x000002d8bb7af8f0 Exception <a 'java/lang/NoSuchMethodError'{0x000000071390c918}: 'int java.lang.invoke.DirectMethodHandle$Holder.invokeStaticInit(java.lang.Object, float, float)'> (0x000000071390c918) 
thrown [s\src\hotspot\share\interpreter\linkResolver.cpp, line 784]
Event: 0.279 Thread 0x000002d8bb7af8f0 Exception <a 'java/lang/NoSuchMethodError'{0x00000007139134d0}: 'int java.lang.invoke.DirectMethodHandle$Holder.invokeStaticInit(java.lang.Object, double, double)'> (0x00000007139134d0) 
thrown [s\src\hotspot\share\interpreter\linkResolver.cpp, line 784]
Event: 0.279 Thread 0x000002d8bb7af8f0 Exception <a 'java/lang/NoSuchMethodError'{0x0000000713917b58}: 'int java.lang.invoke.DirectMethodHandle$Holder.invokeStatic(java.lang.Object, long)'> (0x0000000713917b58) 
thrown [s\src\hotspot\share\interpreter\linkResolver.cpp, line 784]
Event: 0.282 Thread 0x000002d8bb7af8f0 Exception <a 'java/lang/NoSuchMethodError'{0x0000000713944938}: 'java.lang.Object java.lang.invoke.DelegatingMethodHandle$Holder.delegate(java.lang.Object, int, java.lang.Object, java.lang.Object)'> (0x0000000713944938) 
thrown [s\src\hotspot\share\interpreter\linkResolver.cpp, line 784]
Event: 0.283 Thread 0x000002d8bb7af8f0 Exception <a 'java/lang/NoSuchMethodError'{0x0000000713954150}: 'int java.lang.invoke.Invokers$Holder.linkToTargetMethod(java.lang.Object, java.lang.Object, java.lang.Object)'> (0x0000000713954150) 
thrown [s\src\hotspot\share\interpreter\linkResolver.cpp, line 784]
Event: 0.286 Thread 0x000002d8bb7af8f0 Exception <a 'java/lang/NoSuchMethodError'{0x0000000713983168}: 'long java.lang.invoke.DirectMethodHandle$Holder.invokeSpecial(java.lang.Object, java.lang.Object)'> (0x0000000713983168) 
thrown [s\src\hotspot\share\interpreter\linkResolver.cpp, line 784]
Event: 0.287 Thread 0x000002d8bb7af8f0 Exception <a 'java/lang/NoSuchMethodError'{0x0000000713989a38}: 'int java.lang.invoke.DirectMethodHandle$Holder.invokeStatic(java.lang.Object, java.lang.Object, java.lang.Object, java.lang.Object)'> (0x0000000713989a38) 
thrown [s\src\hotspot\share\interpreter\linkResolver.cpp, line 784]
Event: 0.287 Thread 0x000002d8bb7af8f0 Exception <a 'java/lang/NoSuchMethodError'{0x000000071398ce58}: 'java.lang.Object java.lang.invoke.Invokers$Holder.invokeExact_MT(java.lang.Object, java.lang.Object, java.lang.Object, java.lang.Object, java.lang.Object, java.lang.Object)'> (0x000000071398ce58) 
thrown [s\src\hotspot\share\interpreter\linkResolver.cpp, line 784]
Event: 0.339 Thread 0x000002d8bb7af8f0 Exception <a 'java/lang/NoSuchMethodError'{0x0000000713718078}: 'java.lang.Object java.lang.invoke.DirectMethodHandle$Holder.newInvokeSpecial(java.lang.Object, java.lang.Object, java.lang.Object, java.lang.Object, java.lang.Object)'> (0x0000000713718078) 
thrown [s\src\hotspot\share\interpreter\linkResolver.cpp, line 784]
Event: 0.359 Thread 0x000002d8bb7af8f0 Exception <a 'java/lang/NoSuchMethodError'{0x00000007134e6ae8}: 'java.lang.Object java.lang.invoke.DirectMethodHandle$Holder.invokeSpecial(java.lang.Object, java.lang.Object, java.lang.Object, java.lang.Object, int)'> (0x00000007134e6ae8) 
thrown [s\src\hotspot\share\interpreter\linkResolver.cpp, line 784]
Event: 0.359 Thread 0x000002d8bb7af8f0 Exception <a 'java/lang/NoSuchMethodError'{0x00000007134ea450}: 'java.lang.Object java.lang.invoke.Invokers$Holder.linkToTargetMethod(java.lang.Object, java.lang.Object, int, java.lang.Object)'> (0x00000007134ea450) 
thrown [s\src\hotspot\share\interpreter\linkResolver.cpp, line 784]
Event: 0.363 Thread 0x000002d8bb7af8f0 Exception <a 'java/lang/NoSuchMethodError'{0x0000000713515c90}: 'void java.lang.invoke.DirectMethodHandle$Holder.invokeSpecial(java.lang.Object, java.lang.Object, java.lang.Object)'> (0x0000000713515c90) 
thrown [s\src\hotspot\share\interpreter\linkResolver.cpp, line 784]
Event: 0.373 Thread 0x000002d8da3a21b0 Exception <a 'java/lang/NoSuchMethodError'{0x00000007137704a8}: 'void java.lang.invoke.DirectMethodHandle$Holder.invokeStatic(java.lang.Object, java.lang.Object, int)'> (0x00000007137704a8) 
thrown [s\src\hotspot\share\interpreter\linkResolver.cpp, line 784]
Event: 0.373 Thread 0x000002d8bb7af8f0 Exception <a 'java/lang/NoSuchMethodError'{0x000000071359b560}: 'void java.lang.invoke.DirectMethodHandle$Holder.invokeSpecial(java.lang.Object, java.lang.Object, java.lang.Object, java.lang.Object, java.lang.Object)'> (0x000000071359b560) 
thrown [s\src\hotspot\share\interpreter\linkResolver.cpp, line 784]
Event: 0.378 Thread 0x000002d8da3a21b0 Exception <a 'java/lang/NoSuchMethodError'{0x00000007137aa1f8}: 'void java.lang.invoke.DirectMethodHandle$Holder.invokeStatic(java.lang.Object, java.lang.Object)'> (0x00000007137aa1f8) 
thrown [s\src\hotspot\share\interpreter\linkResolver.cpp, line 784]
Event: 0.379 Thread 0x000002d8da453710 Exception <a 'java/lang/NoSuchMethodError'{0x00000007135f4960}: 'void java.lang.invoke.DirectMethodHandle$Holder.invokeInterface(java.lang.Object, java.lang.Object, java.lang.Object)'> (0x00000007135f4960) 
thrown [s\src\hotspot\share\interpreter\linkResolver.cpp, line 784]
Event: 0.383 Thread 0x000002d8da453710 Exception <a 'java/lang/NoSuchMethodError'{0x000000071323ac98}: 'void java.lang.invoke.DirectMethodHandle$Holder.invokeVirtual(java.lang.Object, java.lang.Object)'> (0x000000071323ac98) 
thrown [s\src\hotspot\share\interpreter\linkResolver.cpp, line 784]
Event: 1.727 Thread 0x000002d8da453710 Exception <a 'java/lang/NoSuchMethodError'{0x000000071303d2f0}: 'void java.lang.invoke.DirectMethodHandle$Holder.invokeInterface(java.lang.Object, java.lang.Object)'> (0x000000071303d2f0) 
thrown [s\src\hotspot\share\interpreter\linkResolver.cpp, line 784]

ZGC Phase Switch (0 events):
No events

VM Operations (9 events):
Event: 0.090 Executing VM operation: HandshakeAllThreads (Deoptimize)
Event: 0.090 Executing VM operation: HandshakeAllThreads (Deoptimize) done
Event: 0.097 Executing VM operation: HandshakeAllThreads (Deoptimize)
Event: 0.097 Executing VM operation: HandshakeAllThreads (Deoptimize) done
Event: 0.220 Executing VM operation: HandshakeAllThreads (Deoptimize)
Event: 0.220 Executing VM operation: HandshakeAllThreads (Deoptimize) done
Event: 1.231 Executing VM operation: Cleanup
Event: 1.726 Executing VM operation: Cleanup done
Event: 2.739 Executing VM operation: Cleanup

Memory protections (0 events):
No events

Nmethod flushes (0 events):
No events

Events (20 events):
Event: 0.049 Thread 0x000002d8bb7af8f0 Thread added: 0x000002d8d5709430
Event: 0.050 Thread 0x000002d8bb7af8f0 Thread added: 0x000002d8d5741420
Event: 0.051 Thread 0x000002d8bb7af8f0 Thread added: 0x000002d8d5749f90
Event: 0.051 Thread 0x000002d8bb7af8f0 Thread added: 0x000002d8d574b9d0
Event: 0.051 Thread 0x000002d8bb7af8f0 Thread added: 0x000002d8d574c030
Event: 0.051 Thread 0x000002d8bb7af8f0 Thread added: 0x000002d8d574c690
Event: 0.051 Thread 0x000002d8bb7af8f0 Thread added: 0x000002d8d574d020
Event: 0.051 Thread 0x000002d8bb7af8f0 Thread added: 0x000002d8d5779840
Event: 0.071 Thread 0x000002d8bb7af8f0 Thread added: 0x000002d8d590bab0
Event: 0.075 Thread 0x000002d8bb7af8f0 Thread added: 0x000002d8d5914be0
Event: 0.080 Loaded shared library C:\Program Files\Android\Android Studio\jbr\bin\net.dll
Event: 0.081 Loaded shared library C:\Program Files\Android\Android Studio\jbr\bin\nio.dll
Event: 0.087 Loaded shared library C:\Program Files\Android\Android Studio\jbr\bin\zip.dll
Event: 0.138 Loaded shared library C:\Program Files\Android\Android Studio\jbr\bin\jimage.dll
Event: 0.332 Loaded shared library C:\Program Files\Android\Android Studio\jbr\bin\extnet.dll
Event: 0.336 Thread 0x000002d8bb7af8f0 Thread added: 0x000002d8da3a21b0
Event: 0.377 Thread 0x000002d8da3a21b0 Thread added: 0x000002d8da453710
Event: 0.389 Thread 0x000002d8da3a21b0 Thread added: 0x000002d8da448d00
Event: 0.421 Thread 0x000002d8d5779840 Thread added: 0x000002d8da3a8fa0
Event: 0.423 Thread 0x000002d8d5779840 Thread added: 0x000002d8da423b50


Dynamic libraries:
0x00007ff72fd90000 - 0x00007ff72fd9a000 	C:\Program Files\Android\Android Studio\jbr\bin\java.exe
0x00007ff8a3620000 - 0x00007ff8a3886000 	C:\WINDOWS\SYSTEM32\ntdll.dll
0x00007ff8a24a0000 - 0x00007ff8a2569000 	C:\WINDOWS\System32\KERNEL32.DLL
0x00007ff8a0a40000 - 0x00007ff8a0e0c000 	C:\WINDOWS\System32\KERNELBASE.dll
0x00007ff8a0e40000 - 0x00007ff8a0f8b000 	C:\WINDOWS\System32\ucrtbase.dll
0x00007ff89aa90000 - 0x00007ff89aaa8000 	C:\Program Files\Android\Android Studio\jbr\bin\jli.dll
0x00007ff8a28a0000 - 0x00007ff8a2a6a000 	C:\WINDOWS\System32\USER32.dll
0x00007ff8a0e10000 - 0x00007ff8a0e37000 	C:\WINDOWS\System32\win32u.dll
0x00007ff888970000 - 0x00007ff88898b000 	C:\Program Files\Android\Android Studio\jbr\bin\VCRUNTIME140.dll
0x00007ff8a2470000 - 0x00007ff8a249b000 	C:\WINDOWS\System32\GDI32.dll
0x00007ff8a0870000 - 0x00007ff8a09a2000 	C:\WINDOWS\System32\gdi32full.dll
0x00007ff8848f0000 - 0x00007ff884b8a000 	C:\WINDOWS\WinSxS\amd64_microsoft.windows.common-controls_6595b64144ccf1df_6.0.26100.3912_none_3e07963ce335137e\COMCTL32.dll
0x00007ff8a1330000 - 0x00007ff8a13d3000 	C:\WINDOWS\System32\msvcp_win.dll
0x00007ff8a2310000 - 0x00007ff8a23b9000 	C:\WINDOWS\System32\msvcrt.dll
0x00007ff8a1520000 - 0x00007ff8a1550000 	C:\WINDOWS\System32\IMM32.DLL
0x00007ff8987d0000 - 0x00007ff8987dc000 	C:\Program Files\Android\Android Studio\jbr\bin\vcruntime140_1.dll
0x00007ff86b280000 - 0x00007ff86b30d000 	C:\Program Files\Android\Android Studio\jbr\bin\msvcp140.dll
0x00007fffff360000 - 0x00007ffffffeb000 	C:\Program Files\Android\Android Studio\jbr\bin\server\jvm.dll
0x00007ff8a13e0000 - 0x00007ff8a1492000 	C:\WINDOWS\System32\ADVAPI32.dll
0x00007ff8a1ed0000 - 0x00007ff8a1f76000 	C:\WINDOWS\System32\sechost.dll
0x00007ff8a1a00000 - 0x00007ff8a1b16000 	C:\WINDOWS\System32\RPCRT4.dll
0x00007ff8a14a0000 - 0x00007ff8a1514000 	C:\WINDOWS\System32\WS2_32.dll
0x00007ff89f400000 - 0x00007ff89f45e000 	C:\WINDOWS\SYSTEM32\POWRPROF.dll
0x00007ff8937c0000 - 0x00007ff8937f6000 	C:\WINDOWS\SYSTEM32\WINMM.dll
0x00007ff895b50000 - 0x00007ff895b5b000 	C:\WINDOWS\SYSTEM32\VERSION.dll
0x00007ff89f3e0000 - 0x00007ff89f3f4000 	C:\WINDOWS\SYSTEM32\UMPDC.dll
0x00007ff89f690000 - 0x00007ff89f6aa000 	C:\WINDOWS\SYSTEM32\kernel.appcore.dll
0x00007ff896b40000 - 0x00007ff896b4a000 	C:\Program Files\Android\Android Studio\jbr\bin\jimage.dll
0x00007ff89d9a0000 - 0x00007ff89dbe1000 	C:\WINDOWS\SYSTEM32\DBGHELP.DLL
0x00007ff8a1b20000 - 0x00007ff8a1ea4000 	C:\WINDOWS\System32\combase.dll
0x00007ff8a34e0000 - 0x00007ff8a35c0000 	C:\WINDOWS\System32\OLEAUT32.dll
0x00007ff86f8d0000 - 0x00007ff86f909000 	C:\WINDOWS\SYSTEM32\dbgcore.DLL
0x00007ff8a1290000 - 0x00007ff8a1329000 	C:\WINDOWS\System32\bcryptPrimitives.dll
0x00007ff885930000 - 0x00007ff885950000 	C:\Program Files\Android\Android Studio\jbr\bin\java.dll
0x00007ff8858e0000 - 0x00007ff8858f8000 	C:\Program Files\Android\Android Studio\jbr\bin\zip.dll
0x00007ff8a2c30000 - 0x00007ff8a335d000 	C:\WINDOWS\System32\SHELL32.dll
0x00007ff8a1110000 - 0x00007ff8a1284000 	C:\WINDOWS\System32\wintypes.dll
0x00007ff89e460000 - 0x00007ff89ecb6000 	C:\WINDOWS\SYSTEM32\windows.storage.dll
0x00007ff8a2570000 - 0x00007ff8a265f000 	C:\WINDOWS\System32\SHCORE.dll
0x00007ff8a2830000 - 0x00007ff8a2899000 	C:\WINDOWS\System32\shlwapi.dll
0x00007ff8a06c0000 - 0x00007ff8a06ef000 	C:\WINDOWS\SYSTEM32\profapi.dll
0x00007ff8968c0000 - 0x00007ff8968d0000 	C:\Program Files\Android\Android Studio\jbr\bin\net.dll
0x00007ff8973b0000 - 0x00007ff8974ce000 	C:\WINDOWS\SYSTEM32\WINHTTP.dll
0x00007ff89fc00000 - 0x00007ff89fc6a000 	C:\WINDOWS\system32\mswsock.dll
0x00007ff8858c0000 - 0x00007ff8858d6000 	C:\Program Files\Android\Android Studio\jbr\bin\nio.dll
0x00007ff89fea0000 - 0x00007ff89febc000 	C:\WINDOWS\SYSTEM32\CRYPTSP.dll
0x00007ff89f5f0000 - 0x00007ff89f62a000 	C:\WINDOWS\system32\rsaenh.dll
0x00007ff89fca0000 - 0x00007ff89fccb000 	C:\WINDOWS\SYSTEM32\USERENV.dll
0x00007ff8a0690000 - 0x00007ff8a06b6000 	C:\WINDOWS\SYSTEM32\bcrypt.dll
0x00007ff89fec0000 - 0x00007ff89fecc000 	C:\WINDOWS\SYSTEM32\CRYPTBASE.dll
0x00007ff89f0f0000 - 0x00007ff89f123000 	C:\WINDOWS\SYSTEM32\IPHLPAPI.DLL
0x00007ff8a1ec0000 - 0x00007ff8a1eca000 	C:\WINDOWS\System32\NSI.dll
0x00007ff85b370000 - 0x00007ff85b378000 	C:\WINDOWS\system32\wshunix.dll
0x00007ff88d400000 - 0x00007ff88d409000 	C:\Program Files\Android\Android Studio\jbr\bin\extnet.dll

dbghelp: loaded successfully - version: 4.0.5 - missing functions: none
symbol engine: initialized successfully - sym options: 0x614 - pdb path: .;C:\Program Files\Android\Android Studio\jbr\bin;C:\WINDOWS\SYSTEM32;C:\WINDOWS\WinSxS\amd64_microsoft.windows.common-controls_6595b64144ccf1df_6.0.26100.3912_none_3e07963ce335137e;C:\Program Files\Android\Android Studio\jbr\bin\server

VM Arguments:
java_command: externalApp.nativessh.NativeSshAskPassApp The authenticity of host 'github.com (140.82.121.3)' can't be established.
ED25519 key fingerprint is SHA256:+DiY3wvvV6TuJJhbpZisF/zLDA0zPMSvHdkr4UvCOqU.
This key is not known by any other names.
Are you sure you want to continue connecting (yes/no/[fingerprint])? 
java_class_path (initial): C:/Program Files/Android/Android Studio/lib/externalProcess-rt.jar
Launcher Type: SUN_STANDARD

[Global flags]
     intx CICompilerCount                          = 4                                         {product} {ergonomic}
     uint ConcGCThreads                            = 2                                         {product} {ergonomic}
     uint G1ConcRefinementThreads                  = 8                                         {product} {ergonomic}
   size_t G1HeapRegionSize                         = 2097152                                   {product} {ergonomic}
    uintx GCDrainStackTargetSize                   = 64                                        {product} {ergonomic}
   size_t InitialHeapSize                          = 264241152                                 {product} {ergonomic}
   size_t MarkStackSize                            = 4194304                                   {product} {ergonomic}
   size_t MaxHeapSize                              = 4223664128                                {product} {ergonomic}
   size_t MaxNewSize                               = 2533359616                                {product} {ergonomic}
   size_t MinHeapDeltaBytes                        = 2097152                                   {product} {ergonomic}
   size_t MinHeapSize                              = 8388608                                   {product} {ergonomic}
    uintx NonNMethodCodeHeapSize                   = 5839372                                {pd product} {ergonomic}
    uintx NonProfiledCodeHeapSize                  = 122909434                              {pd product} {ergonomic}
    uintx ProfiledCodeHeapSize                     = 122909434                              {pd product} {ergonomic}
    uintx ReservedCodeCacheSize                    = 251658240                              {pd product} {ergonomic}
     bool SegmentedCodeCache                       = true                                      {product} {ergonomic}
   size_t SoftMaxHeapSize                          = 4223664128                             {manageable} {ergonomic}
     bool UseCompressedOops                        = true                           {product lp64_product} {ergonomic}
     bool UseG1GC                                  = true                                      {product} {ergonomic}
     bool UseLargePagesIndividualAllocation        = false                                  {pd product} {ergonomic}

Logging:
Log output configuration:
 #0: stdout all=warning uptime,level,tags foldmultilines=false
 #1: stderr all=off uptime,level,tags foldmultilines=false

Environment Variables:
PATH=C:\Program Files\Git\mingw64\libexec\git-core;C:\Program Files\Git\mingw64\bin;C:\Program Files\Git\usr\bin;C:\Users\Administrator\bin;C:\Program Files (x86)\Common Files\Oracle\Java\javapath;C:\WINDOWS\system32;C:\WINDOWS;C:\WINDOWS\System32\Wbem;C:\WINDOWS\System32\WindowsPowerShell\v1.0;C:\WINDOWS\System32\OpenSSH;C:\Program Files\Git\cmd;C:\Program Files\dotnet;C:\ProgramData\chocolatey\bin;C:\Program Files\Cloudflare\Cloudflare WARP;C:\Users\Administrator\.local\bin;C:\Users\Administrator\AppData\Local\Microsoft\WindowsApps;C:\Users\Administrator\AppData\Local\Programs\Microsoft VS Code\bin;C:\ffmpeg;C:\Users\Administrator\ffmpeg;C:\Users\Administrator\AppData\Local\Programs\cursor\resources\app\bin
USERNAME=Administrator
DISPLAY=:0.0
LC_ALL=en_US.UTF-8
TERM=xterm-256color
TMPDIR=C:\Users\ADMINI~1\AppData\Local\Temp
OS=Windows_NT
PROCESSOR_IDENTIFIER=Intel64 Family 6 Model 140 Stepping 1, GenuineIntel
TMP=C:\Users\ADMINI~1\AppData\Local\Temp
TEMP=C:\Users\ADMINI~1\AppData\Local\Temp




Periodic native trim disabled

JNI global refs:
JNI global refs: 20, weak refs: 0

JNI global refs memory usage: 835, weak refs: 833

Process memory usage:
Resident Set Size: 85648K (0% of 16493352K total physical memory with 1168660K free physical memory)

OOME stack traces (most recent first):
Classloader memory used:
Loader bootstrap                                                                       : 15077K
Loader jdk.internal.loader.ClassLoaders$PlatformClassLoader                            : 1784K
Loader jdk.internal.loader.ClassLoaders$AppClassLoader                                 : 14832B

---------------  S Y S T E M  ---------------

OS:
 Windows 11 , 64 bit Build 26100 (10.0.26100.3912)
OS uptime: 0 days 3:54 hours

CPU: total 8 (initial active 8) (4 cores per cpu, 2 threads per core) family 6 model 140 stepping 1 microcode 0xbc, cx8, cmov, fxsr, ht, mmx, 3dnowpref, sse, sse2, sse3, ssse3, sse4.1, sse4.2, popcnt, lzcnt, tsc, tscinvbit, avx, avx2, aes, erms, clmul, bmi1, bmi2, adx, avx512f, avx512dq, avx512cd, avx512bw, avx512vl, sha, fma, vzeroupper, avx512_vpopcntdq, avx512_vpclmulqdq, avx512_vaes, avx512_vnni, clflush, clflushopt, clwb, avx512_vbmi2, avx512_vbmi, rdtscp, rdpid, fsrm, gfni, avx512_bitalg, f16c, pku, cet_ibt, cet_ss, avx512_ifma
Processor Information for the first 8 processors :
  Max Mhz: 2419, Current Mhz: 2419, Mhz Limit: 2419

Memory: 4k page, system-wide physical 16106M (1141M free)
TotalPageFile size 20202M (AvailPageFile size 7M)
current process WorkingSet (physical memory assigned to process): 83M, peak: 83M
current process commit charge ("private bytes"): 359M, peak: 360M

vm_info: OpenJDK 64-Bit Server VM (21.0.6+-13355223-b631.42) for windows-amd64 JRE (21.0.6+-13355223-b631.42), built on 2025-04-14T18:21:23Z by "builder" with MS VC++ 16.10 / 16.11 (VS2019)

END.
