#
# There is insufficient memory for the Java Runtime Environment to continue.
# Native memory allocation (malloc) failed to allocate 1202272 bytes. Error detail: Chunk::new
# Possible reasons:
#   The system is out of physical RAM or swap space
#   This process is running with CompressedOops enabled, and the Java Heap may be blocking the growth of the native heap
# Possible solutions:
#   Reduce memory load on the system
#   Increase physical memory or swap space
#   Check if swap backing store is full
#   Decrease Java heap size (-Xmx/-Xms)
#   Decrease number of Java threads
#   Decrease Java thread stack sizes (-Xss)
#   Set larger code cache with -XX:ReservedCodeCacheSize=
#   JVM is running with Zero Based Compressed Oops mode in which the Java heap is
#     placed in the first 32GB address space. The Java Heap base address is the
#     maximum limit for the native heap growth. Please use -XX:HeapBaseMinAddress
#     to set the Java Heap base and to place the Java Heap above 32GB virtual address.
# This output file may be truncated or incomplete.
#
#  Out of Memory Error (arena.cpp:168), pid=22432, tid=22804
#
# JRE version: OpenJDK Runtime Environment (21.0.6) (build 21.0.6+-13355223-b631.42)
# Java VM: OpenJDK 64-Bit Server VM (21.0.6+-13355223-b631.42, mixed mode, tiered, compressed oops, compressed class ptrs, g1 gc, windows-amd64)
# No core dump will be written. Minidumps are not enabled by default on client versions of Windows
#

---------------  S U M M A R Y ------------

Command Line: org.jetbrains.kotlin.cli.jvm.K2JVMCompiler @E:\Android\Tannithea\app\build\20250504_3054766193979575155.compiler.options

Host: 11th Gen Intel(R) Core(TM) i5-1135G7 @ 2.40GHz, 8 cores, 15G,  Windows 11 , 64 bit Build 26100 (10.0.26100.3912)
Time: Sun May  4 13:51:23 2025 Egypt Daylight Time elapsed time: 15.791700 seconds (0d 0h 0m 15s)

---------------  T H R E A D  ---------------

Current thread (0x000001bd0bf5cbc0):  JavaThread "C2 CompilerThread1" daemon [_thread_in_native, id=22804, stack(0x0000000b42d00000,0x0000000b42e00000) (1024K)]


Current CompileTask:
C2:15791 18242       4       org.jetbrains.kotlin.codegen.optimization.temporaryVals.TemporaryValsAnalyzer::analyze (1247 bytes)

Stack: [0x0000000b42d00000,0x0000000b42e00000]
Native frames: (J=compiled Java code, j=interpreted, Vv=VM code, C=native code)
V  [jvm.dll+0x6d05a9]
V  [jvm.dll+0x85ea73]
V  [jvm.dll+0x860fce]
V  [jvm.dll+0x8616b3]
V  [jvm.dll+0x27e6e6]
V  [jvm.dll+0xbff6d]
V  [jvm.dll+0xc04a3]
V  [jvm.dll+0x3b616b]
V  [jvm.dll+0x1de684]
V  [jvm.dll+0x247dd4]
V  [jvm.dll+0x247251]
V  [jvm.dll+0x1c5f04]
V  [jvm.dll+0x2569ac]
V  [jvm.dll+0x254ef6]
V  [jvm.dll+0x3f0e56]
V  [jvm.dll+0x806e48]
V  [jvm.dll+0x6cee7d]
C  [ucrtbase.dll+0x37b0]
C  [KERNEL32.DLL+0x2e8d7]
C  [ntdll.dll+0x9c5dc]


---------------  P R O C E S S  ---------------

Threads class SMR info:
_java_thread_list=0x000001bd0c5c3310, length=13, elements={
0x000001bd69a408c0, 0x000001bd0a09ac50, 0x000001bd0a09b6a0, 0x000001bd0a0b3fb0,
0x000001bd0a0b4610, 0x000001bd0a0bdba0, 0x000001bd0a0be5f0, 0x000001bd0a0c7990,
0x000001bd0a0e8430, 0x000001bd0a29a090, 0x000001bd0a2a6840, 0x000001bd0bf5cbc0,
0x000001bd0af96970
}

Java Threads: ( => current thread )
  0x000001bd69a408c0 JavaThread "main"                              [_thread_in_Java, id=23500, stack(0x0000000b41300000,0x0000000b41400000) (1024K)]
  0x000001bd0a09ac50 JavaThread "Reference Handler"          daemon [_thread_blocked, id=9848, stack(0x0000000b41b00000,0x0000000b41c00000) (1024K)]
  0x000001bd0a09b6a0 JavaThread "Finalizer"                  daemon [_thread_blocked, id=16880, stack(0x0000000b41c00000,0x0000000b41d00000) (1024K)]
  0x000001bd0a0b3fb0 JavaThread "Signal Dispatcher"          daemon [_thread_blocked, id=22728, stack(0x0000000b41d00000,0x0000000b41e00000) (1024K)]
  0x000001bd0a0b4610 JavaThread "Attach Listener"            daemon [_thread_blocked, id=19808, stack(0x0000000b41e00000,0x0000000b41f00000) (1024K)]
  0x000001bd0a0bdba0 JavaThread "Service Thread"             daemon [_thread_blocked, id=10388, stack(0x0000000b41f00000,0x0000000b42000000) (1024K)]
  0x000001bd0a0be5f0 JavaThread "Monitor Deflation Thread"   daemon [_thread_blocked, id=22648, stack(0x0000000b42000000,0x0000000b42100000) (1024K)]
  0x000001bd0a0c7990 JavaThread "C2 CompilerThread0"         daemon [_thread_in_native, id=22960, stack(0x0000000b42100000,0x0000000b42200000) (1024K)]
  0x000001bd0a0e8430 JavaThread "C1 CompilerThread0"         daemon [_thread_in_native, id=19532, stack(0x0000000b42200000,0x0000000b42300000) (1024K)]
  0x000001bd0a29a090 JavaThread "Notification Thread"        daemon [_thread_blocked, id=19520, stack(0x0000000b42300000,0x0000000b42400000) (1024K)]
  0x000001bd0a2a6840 JavaThread "Common-Cleaner"             daemon [_thread_blocked, id=18500, stack(0x0000000b42400000,0x0000000b42500000) (1024K)]
=>0x000001bd0bf5cbc0 JavaThread "C2 CompilerThread1"         daemon [_thread_in_native, id=22804, stack(0x0000000b42d00000,0x0000000b42e00000) (1024K)]
  0x000001bd0af96970 JavaThread "C2 CompilerThread2"         daemon [_thread_in_native, id=21368, stack(0x0000000b42e00000,0x0000000b42f00000) (1024K)]
Total: 13

Other Threads:
  0x000001bd0a042e10 VMThread "VM Thread"                           [id=12148, stack(0x0000000b41a00000,0x0000000b41b00000) (1024K)]
  0x000001bd7f6feb50 WatcherThread "VM Periodic Task Thread"        [id=5872, stack(0x0000000b41900000,0x0000000b41a00000) (1024K)]
  0x000001bd6bf4d9d0 WorkerThread "GC Thread#0"                     [id=15132, stack(0x0000000b41400000,0x0000000b41500000) (1024K)]
  0x000001bd0aa40fe0 WorkerThread "GC Thread#1"                     [id=1420, stack(0x0000000b42700000,0x0000000b42800000) (1024K)]
  0x000001bd0aa51460 WorkerThread "GC Thread#2"                     [id=17960, stack(0x0000000b42800000,0x0000000b42900000) (1024K)]
  0x000001bd0aa51800 WorkerThread "GC Thread#3"                     [id=16212, stack(0x0000000b42900000,0x0000000b42a00000) (1024K)]
  0x000001bd0aa51ba0 WorkerThread "GC Thread#4"                     [id=4728, stack(0x0000000b42a00000,0x0000000b42b00000) (1024K)]
  0x000001bd0aa51f40 WorkerThread "GC Thread#5"                     [id=14828, stack(0x0000000b42b00000,0x0000000b42c00000) (1024K)]
  0x000001bd0ad524d0 WorkerThread "GC Thread#6"                     [id=18820, stack(0x0000000b42500000,0x0000000b42600000) (1024K)]
  0x000001bd0ad52870 WorkerThread "GC Thread#7"                     [id=14844, stack(0x0000000b42600000,0x0000000b42700000) (1024K)]
  0x000001bd6bf9cf80 ConcurrentGCThread "G1 Main Marker"            [id=4288, stack(0x0000000b41500000,0x0000000b41600000) (1024K)]
  0x000001bd6bf9da80 WorkerThread "G1 Conc#0"                       [id=19172, stack(0x0000000b41600000,0x0000000b41700000) (1024K)]
  0x000001bd0ad52c10 WorkerThread "G1 Conc#1"                       [id=16908, stack(0x0000000b42c00000,0x0000000b42d00000) (1024K)]
  0x000001bd7f5d2300 ConcurrentGCThread "G1 Refine#0"               [id=22192, stack(0x0000000b41700000,0x0000000b41800000) (1024K)]
  0x000001bd7f5d4030 ConcurrentGCThread "G1 Service"                [id=17476, stack(0x0000000b41800000,0x0000000b41900000) (1024K)]
Total: 15

Threads with active compile tasks:
C2 CompilerThread0  15810 18574       4       org.jetbrains.kotlin.codegen.optimization.RedundantCheckCastEliminationMethodTransformer::getTypeAdjustmentForALoadInstructions (179 bytes)
C1 CompilerThread0  15810 18587       2       org.jetbrains.kotlin.codegen.inline.DefaultMethodUtilKt$$Lambda/0x000000080099c8e0::invoke (19 bytes)
C2 CompilerThread1  15810 18242       4       org.jetbrains.kotlin.codegen.optimization.temporaryVals.TemporaryValsAnalyzer::analyze (1247 bytes)
C2 CompilerThread2  15810 18565       4       org.jetbrains.kotlin.codegen.optimization.boxing.RedundantBoxingMethodTransformer::getValuesStoredOrLoadedToVariable (252 bytes)
Total: 4

VM state: not at safepoint (normal execution)

VM Mutex/Monitor currently owned by a thread: None

Heap address: 0x0000000704400000, size: 4028 MB, Compressed Oops mode: Zero based, Oop shift amount: 3

CDS archive(s) not mapped
Compressed class space mapped at: 0x0000000800000000-0x0000000840000000, reserved size: 1073741824
Narrow klass base: 0x0000000800000000, Narrow klass shift: 0, Narrow klass range: 0x40000000

GC Precious Log:
 CardTable entry size: 512
 Card Set container configuration: InlinePtr #cards 4 size 8 Array Of Cards #cards 16 size 48 Howl #buckets 8 coarsen threshold 3686 Howl Bitmap #cards 512 size 80 coarsen threshold 460 Card regions per heap region 1 cards per card region 4096
 CPUs: 8 total, 8 available
 Memory: 16106M
 Large Page Support: Disabled
 NUMA Support: Disabled
 Compressed Oops: Enabled (Zero based)
 Heap Region Size: 2M
 Heap Min Capacity: 8M
 Heap Initial Capacity: 252M
 Heap Max Capacity: 4028M
 Pre-touch: Disabled
 Parallel Workers: 8
 Concurrent Workers: 2
 Concurrent Refinement Workers: 8
 Periodic GC: Disabled

Heap:
 garbage-first heap   total 389120K, used 238253K [0x0000000704400000, 0x0000000800000000)
  region size 2048K, 21 young (43008K), 4 survivors (8192K)
 Metaspace       used 95000K, committed 95488K, reserved 1179648K
  class space    used 9563K, committed 9792K, reserved 1048576K

Heap Regions: E=young(eden), S=young(survivor), O=old, HS=humongous(starts), HC=humongous(continues), CS=collection set, F=free, TAMS=top-at-mark-start, PB=parsable bottom
|   0|0x0000000704400000, 0x0000000704600000, 0x0000000704600000|100%|HS|  |TAMS 0x0000000704400000| PB 0x0000000704400000| Complete 
|   1|0x0000000704600000, 0x0000000704800000, 0x0000000704800000|100%|HC|  |TAMS 0x0000000704600000| PB 0x0000000704600000| Complete 
|   2|0x0000000704800000, 0x0000000704a00000, 0x0000000704a00000|100%| O|  |TAMS 0x0000000704800000| PB 0x0000000704800000| Untracked 
|   3|0x0000000704a00000, 0x0000000704c00000, 0x0000000704c00000|100%| O|  |TAMS 0x0000000704a00000| PB 0x0000000704a00000| Untracked 
|   4|0x0000000704c00000, 0x0000000704e00000, 0x0000000704e00000|100%| O|  |TAMS 0x0000000704c00000| PB 0x0000000704c00000| Untracked 
|   5|0x0000000704e00000, 0x0000000705000000, 0x0000000705000000|100%| O|  |TAMS 0x0000000704e00000| PB 0x0000000704e00000| Untracked 
|   6|0x0000000705000000, 0x0000000705200000, 0x0000000705200000|100%| O|  |TAMS 0x0000000705000000| PB 0x0000000705000000| Untracked 
|   7|0x0000000705200000, 0x0000000705400000, 0x0000000705400000|100%| O|  |TAMS 0x0000000705200000| PB 0x0000000705200000| Untracked 
|   8|0x0000000705400000, 0x0000000705600000, 0x0000000705600000|100%| O|  |TAMS 0x0000000705400000| PB 0x0000000705400000| Untracked 
|   9|0x0000000705600000, 0x0000000705800000, 0x0000000705800000|100%| O|  |TAMS 0x0000000705600000| PB 0x0000000705600000| Untracked 
|  10|0x0000000705800000, 0x0000000705a00000, 0x0000000705a00000|100%| O|  |TAMS 0x0000000705800000| PB 0x0000000705800000| Untracked 
|  11|0x0000000705a00000, 0x0000000705c00000, 0x0000000705c00000|100%| O|  |TAMS 0x0000000705a00000| PB 0x0000000705a00000| Untracked 
|  12|0x0000000705c00000, 0x0000000705e00000, 0x0000000705e00000|100%| O|  |TAMS 0x0000000705c00000| PB 0x0000000705c00000| Untracked 
|  13|0x0000000705e00000, 0x0000000706000000, 0x0000000706000000|100%| O|  |TAMS 0x0000000705e00000| PB 0x0000000705e00000| Untracked 
|  14|0x0000000706000000, 0x0000000706200000, 0x0000000706200000|100%| O|  |TAMS 0x0000000706000000| PB 0x0000000706000000| Untracked 
|  15|0x0000000706200000, 0x0000000706400000, 0x0000000706400000|100%| O|  |TAMS 0x0000000706200000| PB 0x0000000706200000| Untracked 
|  16|0x0000000706400000, 0x0000000706600000, 0x0000000706600000|100%| O|  |TAMS 0x0000000706400000| PB 0x0000000706400000| Untracked 
|  17|0x0000000706600000, 0x0000000706800000, 0x0000000706800000|100%| O|  |TAMS 0x0000000706600000| PB 0x0000000706600000| Untracked 
|  18|0x0000000706800000, 0x0000000706a00000, 0x0000000706a00000|100%| O|  |TAMS 0x0000000706800000| PB 0x0000000706800000| Untracked 
|  19|0x0000000706a00000, 0x0000000706c00000, 0x0000000706c00000|100%| O|  |TAMS 0x0000000706a00000| PB 0x0000000706a00000| Untracked 
|  20|0x0000000706c00000, 0x0000000706e00000, 0x0000000706e00000|100%| O|  |TAMS 0x0000000706c00000| PB 0x0000000706c00000| Untracked 
|  21|0x0000000706e00000, 0x0000000707000000, 0x0000000707000000|100%| O|  |TAMS 0x0000000706e00000| PB 0x0000000706e00000| Untracked 
|  22|0x0000000707000000, 0x0000000707200000, 0x0000000707200000|100%| O|  |TAMS 0x0000000707000000| PB 0x0000000707000000| Untracked 
|  23|0x0000000707200000, 0x0000000707400000, 0x0000000707400000|100%| O|  |TAMS 0x0000000707200000| PB 0x0000000707200000| Untracked 
|  24|0x0000000707400000, 0x0000000707600000, 0x0000000707600000|100%| O|  |TAMS 0x0000000707400000| PB 0x0000000707400000| Untracked 
|  25|0x0000000707600000, 0x0000000707800000, 0x0000000707800000|100%| O|Cm|TAMS 0x0000000707600000| PB 0x0000000707600000| Complete 
|  26|0x0000000707800000, 0x0000000707a00000, 0x0000000707a00000|100%| O|  |TAMS 0x0000000707800000| PB 0x0000000707800000| Untracked 
|  27|0x0000000707a00000, 0x0000000707c00000, 0x0000000707c00000|100%| O|  |TAMS 0x0000000707a00000| PB 0x0000000707a00000| Untracked 
|  28|0x0000000707c00000, 0x0000000707e00000, 0x0000000707e00000|100%| O|  |TAMS 0x0000000707c00000| PB 0x0000000707c00000| Untracked 
|  29|0x0000000707e00000, 0x0000000708000000, 0x0000000708000000|100%| O|  |TAMS 0x0000000707e00000| PB 0x0000000707e00000| Untracked 
|  30|0x0000000708000000, 0x0000000708200000, 0x0000000708200000|100%| O|  |TAMS 0x0000000708000000| PB 0x0000000708000000| Untracked 
|  31|0x0000000708200000, 0x0000000708400000, 0x0000000708400000|100%| O|  |TAMS 0x0000000708200000| PB 0x0000000708200000| Untracked 
|  32|0x0000000708400000, 0x0000000708600000, 0x0000000708600000|100%| O|  |TAMS 0x0000000708400000| PB 0x0000000708400000| Untracked 
|  33|0x0000000708600000, 0x0000000708800000, 0x0000000708800000|100%| O|  |TAMS 0x0000000708600000| PB 0x0000000708600000| Untracked 
|  34|0x0000000708800000, 0x0000000708a00000, 0x0000000708a00000|100%| O|  |TAMS 0x0000000708800000| PB 0x0000000708800000| Untracked 
|  35|0x0000000708a00000, 0x0000000708c00000, 0x0000000708c00000|100%| O|  |TAMS 0x0000000708a00000| PB 0x0000000708a00000| Untracked 
|  36|0x0000000708c00000, 0x0000000708e00000, 0x0000000708e00000|100%| O|  |TAMS 0x0000000708c00000| PB 0x0000000708c00000| Untracked 
|  37|0x0000000708e00000, 0x0000000709000000, 0x0000000709000000|100%| O|  |TAMS 0x0000000708e00000| PB 0x0000000708e00000| Untracked 
|  38|0x0000000709000000, 0x0000000709200000, 0x0000000709200000|100%| O|  |TAMS 0x0000000709000000| PB 0x0000000709000000| Untracked 
|  39|0x0000000709200000, 0x0000000709400000, 0x0000000709400000|100%| O|  |TAMS 0x0000000709200000| PB 0x0000000709200000| Untracked 
|  40|0x0000000709400000, 0x0000000709600000, 0x0000000709600000|100%| O|  |TAMS 0x0000000709400000| PB 0x0000000709400000| Untracked 
|  41|0x0000000709600000, 0x0000000709800000, 0x0000000709800000|100%| O|  |TAMS 0x0000000709600000| PB 0x0000000709600000| Untracked 
|  42|0x0000000709800000, 0x0000000709a00000, 0x0000000709a00000|100%| O|  |TAMS 0x0000000709800000| PB 0x0000000709800000| Untracked 
|  43|0x0000000709a00000, 0x0000000709c00000, 0x0000000709c00000|100%| O|  |TAMS 0x0000000709a00000| PB 0x0000000709a00000| Untracked 
|  44|0x0000000709c00000, 0x0000000709e00000, 0x0000000709e00000|100%| O|  |TAMS 0x0000000709c00000| PB 0x0000000709c00000| Untracked 
|  45|0x0000000709e00000, 0x000000070a000000, 0x000000070a000000|100%| O|  |TAMS 0x0000000709e00000| PB 0x0000000709e00000| Untracked 
|  46|0x000000070a000000, 0x000000070a200000, 0x000000070a200000|100%| O|  |TAMS 0x000000070a000000| PB 0x000000070a000000| Untracked 
|  47|0x000000070a200000, 0x000000070a400000, 0x000000070a400000|100%| O|  |TAMS 0x000000070a200000| PB 0x000000070a200000| Untracked 
|  48|0x000000070a400000, 0x000000070a600000, 0x000000070a600000|100%| O|Cm|TAMS 0x000000070a400000| PB 0x000000070a400000| Complete 
|  49|0x000000070a600000, 0x000000070a800000, 0x000000070a800000|100%| O|  |TAMS 0x000000070a600000| PB 0x000000070a600000| Untracked 
|  50|0x000000070a800000, 0x000000070aa00000, 0x000000070aa00000|100%| O|  |TAMS 0x000000070a800000| PB 0x000000070a800000| Untracked 
|  51|0x000000070aa00000, 0x000000070ac00000, 0x000000070ac00000|100%| O|  |TAMS 0x000000070aa00000| PB 0x000000070aa00000| Untracked 
|  52|0x000000070ac00000, 0x000000070ae00000, 0x000000070ae00000|100%| O|  |TAMS 0x000000070ac00000| PB 0x000000070ac00000| Untracked 
|  53|0x000000070ae00000, 0x000000070b000000, 0x000000070b000000|100%| O|  |TAMS 0x000000070ae00000| PB 0x000000070ae00000| Untracked 
|  54|0x000000070b000000, 0x000000070b200000, 0x000000070b200000|100%| O|  |TAMS 0x000000070b000000| PB 0x000000070b000000| Untracked 
|  55|0x000000070b200000, 0x000000070b400000, 0x000000070b400000|100%| O|  |TAMS 0x000000070b200000| PB 0x000000070b200000| Untracked 
|  56|0x000000070b400000, 0x000000070b600000, 0x000000070b600000|100%| O|  |TAMS 0x000000070b400000| PB 0x000000070b400000| Untracked 
|  57|0x000000070b600000, 0x000000070b800000, 0x000000070b800000|100%| O|  |TAMS 0x000000070b600000| PB 0x000000070b600000| Untracked 
|  58|0x000000070b800000, 0x000000070ba00000, 0x000000070ba00000|100%| O|  |TAMS 0x000000070b800000| PB 0x000000070b800000| Untracked 
|  59|0x000000070ba00000, 0x000000070bc00000, 0x000000070bc00000|100%| O|  |TAMS 0x000000070ba00000| PB 0x000000070ba00000| Untracked 
|  60|0x000000070bc00000, 0x000000070be00000, 0x000000070be00000|100%| O|  |TAMS 0x000000070bc00000| PB 0x000000070bc00000| Untracked 
|  61|0x000000070be00000, 0x000000070c000000, 0x000000070c000000|100%| O|  |TAMS 0x000000070be00000| PB 0x000000070be00000| Untracked 
|  62|0x000000070c000000, 0x000000070c200000, 0x000000070c200000|100%| O|  |TAMS 0x000000070c000000| PB 0x000000070c000000| Untracked 
|  63|0x000000070c200000, 0x000000070c400000, 0x000000070c400000|100%| O|  |TAMS 0x000000070c200000| PB 0x000000070c200000| Untracked 
|  64|0x000000070c400000, 0x000000070c600000, 0x000000070c600000|100%| O|  |TAMS 0x000000070c400000| PB 0x000000070c400000| Untracked 
|  65|0x000000070c600000, 0x000000070c800000, 0x000000070c800000|100%| O|  |TAMS 0x000000070c600000| PB 0x000000070c600000| Untracked 
|  66|0x000000070c800000, 0x000000070ca00000, 0x000000070ca00000|100%| O|  |TAMS 0x000000070c800000| PB 0x000000070c800000| Untracked 
|  67|0x000000070ca00000, 0x000000070cc00000, 0x000000070cc00000|100%| O|  |TAMS 0x000000070ca00000| PB 0x000000070ca00000| Untracked 
|  68|0x000000070cc00000, 0x000000070ce00000, 0x000000070ce00000|100%| O|  |TAMS 0x000000070cc00000| PB 0x000000070cc00000| Untracked 
|  69|0x000000070ce00000, 0x000000070d000000, 0x000000070d000000|100%| O|  |TAMS 0x000000070ce00000| PB 0x000000070ce00000| Untracked 
|  70|0x000000070d000000, 0x000000070d200000, 0x000000070d200000|100%| O|  |TAMS 0x000000070d000000| PB 0x000000070d000000| Untracked 
|  71|0x000000070d200000, 0x000000070d400000, 0x000000070d400000|100%| O|  |TAMS 0x000000070d200000| PB 0x000000070d200000| Untracked 
|  72|0x000000070d400000, 0x000000070d600000, 0x000000070d600000|100%| O|  |TAMS 0x000000070d400000| PB 0x000000070d400000| Untracked 
|  73|0x000000070d600000, 0x000000070d800000, 0x000000070d800000|100%| O|  |TAMS 0x000000070d600000| PB 0x000000070d600000| Untracked 
|  74|0x000000070d800000, 0x000000070da00000, 0x000000070da00000|100%| O|  |TAMS 0x000000070d800000| PB 0x000000070d800000| Untracked 
|  75|0x000000070da00000, 0x000000070dc00000, 0x000000070dc00000|100%| O|  |TAMS 0x000000070da00000| PB 0x000000070da00000| Untracked 
|  76|0x000000070dc00000, 0x000000070de00000, 0x000000070de00000|100%| O|  |TAMS 0x000000070dc00000| PB 0x000000070dc00000| Untracked 
|  77|0x000000070de00000, 0x000000070e000000, 0x000000070e000000|100%| O|  |TAMS 0x000000070de00000| PB 0x000000070de00000| Untracked 
|  78|0x000000070e000000, 0x000000070e200000, 0x000000070e200000|100%| O|Cm|TAMS 0x000000070e000000| PB 0x000000070e000000| Complete 
|  79|0x000000070e200000, 0x000000070e400000, 0x000000070e400000|100%| O|  |TAMS 0x000000070e200000| PB 0x000000070e200000| Untracked 
|  80|0x000000070e400000, 0x000000070e600000, 0x000000070e600000|100%| O|  |TAMS 0x000000070e400000| PB 0x000000070e400000| Untracked 
|  81|0x000000070e600000, 0x000000070e800000, 0x000000070e800000|100%| O|  |TAMS 0x000000070e600000| PB 0x000000070e600000| Untracked 
|  82|0x000000070e800000, 0x000000070ea00000, 0x000000070ea00000|100%| O|  |TAMS 0x000000070e800000| PB 0x000000070e800000| Untracked 
|  83|0x000000070ea00000, 0x000000070ec00000, 0x000000070ec00000|100%| O|  |TAMS 0x000000070ea00000| PB 0x000000070ea00000| Untracked 
|  84|0x000000070ec00000, 0x000000070ee00000, 0x000000070ee00000|100%| O|  |TAMS 0x000000070ec00000| PB 0x000000070ec00000| Untracked 
|  85|0x000000070ee00000, 0x000000070f000000, 0x000000070f000000|100%| O|  |TAMS 0x000000070ee00000| PB 0x000000070ee00000| Untracked 
|  86|0x000000070f000000, 0x000000070f200000, 0x000000070f200000|100%| O|  |TAMS 0x000000070f000000| PB 0x000000070f000000| Untracked 
|  87|0x000000070f200000, 0x000000070f400000, 0x000000070f400000|100%| O|  |TAMS 0x000000070f200000| PB 0x000000070f200000| Untracked 
|  88|0x000000070f400000, 0x000000070f600000, 0x000000070f600000|100%| O|  |TAMS 0x000000070f400000| PB 0x000000070f400000| Untracked 
|  89|0x000000070f600000, 0x000000070f800000, 0x000000070f800000|100%| O|  |TAMS 0x000000070f600000| PB 0x000000070f600000| Untracked 
|  90|0x000000070f800000, 0x000000070fa00000, 0x000000070fa00000|100%| O|  |TAMS 0x000000070f800000| PB 0x000000070f800000| Untracked 
|  91|0x000000070fa00000, 0x000000070fc00000, 0x000000070fc00000|100%| O|  |TAMS 0x000000070fa00000| PB 0x000000070fa00000| Untracked 
|  92|0x000000070fc00000, 0x000000070fe00000, 0x000000070fe00000|100%| O|  |TAMS 0x000000070fc00000| PB 0x000000070fc00000| Untracked 
|  93|0x000000070fe00000, 0x000000070fe00000, 0x0000000710000000|  0%| F|  |TAMS 0x000000070fe00000| PB 0x000000070fe00000| Untracked 
|  94|0x0000000710000000, 0x0000000710000000, 0x0000000710200000|  0%| F|  |TAMS 0x0000000710000000| PB 0x0000000710000000| Untracked 
|  95|0x0000000710200000, 0x0000000710200000, 0x0000000710400000|  0%| F|  |TAMS 0x0000000710200000| PB 0x0000000710200000| Untracked 
|  96|0x0000000710400000, 0x0000000710400000, 0x0000000710600000|  0%| F|  |TAMS 0x0000000710400000| PB 0x0000000710400000| Untracked 
|  97|0x0000000710600000, 0x0000000710600000, 0x0000000710800000|  0%| F|  |TAMS 0x0000000710600000| PB 0x0000000710600000| Untracked 
|  98|0x0000000710800000, 0x0000000710800000, 0x0000000710a00000|  0%| F|  |TAMS 0x0000000710800000| PB 0x0000000710800000| Untracked 
|  99|0x0000000710a00000, 0x0000000710a00000, 0x0000000710c00000|  0%| F|  |TAMS 0x0000000710a00000| PB 0x0000000710a00000| Untracked 
| 100|0x0000000710c00000, 0x0000000710c00000, 0x0000000710e00000|  0%| F|  |TAMS 0x0000000710c00000| PB 0x0000000710c00000| Untracked 
| 101|0x0000000710e00000, 0x0000000710e00000, 0x0000000711000000|  0%| F|  |TAMS 0x0000000710e00000| PB 0x0000000710e00000| Untracked 
| 102|0x0000000711000000, 0x0000000711000000, 0x0000000711200000|  0%| F|  |TAMS 0x0000000711000000| PB 0x0000000711000000| Untracked 
| 103|0x0000000711200000, 0x0000000711200000, 0x0000000711400000|  0%| F|  |TAMS 0x0000000711200000| PB 0x0000000711200000| Untracked 
| 104|0x0000000711400000, 0x0000000711400000, 0x0000000711600000|  0%| F|  |TAMS 0x0000000711400000| PB 0x0000000711400000| Untracked 
| 105|0x0000000711600000, 0x0000000711600000, 0x0000000711800000|  0%| F|  |TAMS 0x0000000711600000| PB 0x0000000711600000| Untracked 
| 106|0x0000000711800000, 0x0000000711800000, 0x0000000711a00000|  0%| F|  |TAMS 0x0000000711800000| PB 0x0000000711800000| Untracked 
| 107|0x0000000711a00000, 0x0000000711a00000, 0x0000000711c00000|  0%| F|  |TAMS 0x0000000711a00000| PB 0x0000000711a00000| Untracked 
| 108|0x0000000711c00000, 0x0000000711c00000, 0x0000000711e00000|  0%| F|  |TAMS 0x0000000711c00000| PB 0x0000000711c00000| Untracked 
| 109|0x0000000711e00000, 0x0000000711e00000, 0x0000000712000000|  0%| F|  |TAMS 0x0000000711e00000| PB 0x0000000711e00000| Untracked 
| 110|0x0000000712000000, 0x0000000712000000, 0x0000000712200000|  0%| F|  |TAMS 0x0000000712000000| PB 0x0000000712000000| Untracked 
| 111|0x0000000712200000, 0x0000000712200000, 0x0000000712400000|  0%| F|  |TAMS 0x0000000712200000| PB 0x0000000712200000| Untracked 
| 112|0x0000000712400000, 0x0000000712400000, 0x0000000712600000|  0%| F|  |TAMS 0x0000000712400000| PB 0x0000000712400000| Untracked 
| 113|0x0000000712600000, 0x0000000712600000, 0x0000000712800000|  0%| F|  |TAMS 0x0000000712600000| PB 0x0000000712600000| Untracked 
| 114|0x0000000712800000, 0x0000000712800000, 0x0000000712a00000|  0%| F|  |TAMS 0x0000000712800000| PB 0x0000000712800000| Untracked 
| 115|0x0000000712a00000, 0x0000000712a00000, 0x0000000712c00000|  0%| F|  |TAMS 0x0000000712a00000| PB 0x0000000712a00000| Untracked 
| 116|0x0000000712c00000, 0x0000000712c00000, 0x0000000712e00000|  0%| F|  |TAMS 0x0000000712c00000| PB 0x0000000712c00000| Untracked 
| 117|0x0000000712e00000, 0x0000000712e00000, 0x0000000713000000|  0%| F|  |TAMS 0x0000000712e00000| PB 0x0000000712e00000| Untracked 
| 118|0x0000000713000000, 0x0000000713000000, 0x0000000713200000|  0%| F|  |TAMS 0x0000000713000000| PB 0x0000000713000000| Untracked 
| 119|0x0000000713200000, 0x0000000713200000, 0x0000000713400000|  0%| F|  |TAMS 0x0000000713200000| PB 0x0000000713200000| Untracked 
| 120|0x0000000713400000, 0x0000000713400000, 0x0000000713600000|  0%| F|  |TAMS 0x0000000713400000| PB 0x0000000713400000| Untracked 
| 121|0x0000000713600000, 0x0000000713600000, 0x0000000713800000|  0%| F|  |TAMS 0x0000000713600000| PB 0x0000000713600000| Untracked 
| 122|0x0000000713800000, 0x0000000713800000, 0x0000000713a00000|  0%| F|  |TAMS 0x0000000713800000| PB 0x0000000713800000| Untracked 
| 123|0x0000000713a00000, 0x0000000713a00000, 0x0000000713c00000|  0%| F|  |TAMS 0x0000000713a00000| PB 0x0000000713a00000| Untracked 
| 124|0x0000000713c00000, 0x0000000713c00000, 0x0000000713e00000|  0%| F|  |TAMS 0x0000000713c00000| PB 0x0000000713c00000| Untracked 
| 125|0x0000000713e00000, 0x0000000713e00000, 0x0000000714000000|  0%| F|  |TAMS 0x0000000713e00000| PB 0x0000000713e00000| Untracked 
| 126|0x0000000714000000, 0x0000000714000000, 0x0000000714200000|  0%| F|  |TAMS 0x0000000714000000| PB 0x0000000714000000| Untracked 
| 127|0x0000000714200000, 0x0000000714200000, 0x0000000714400000|  0%| F|  |TAMS 0x0000000714200000| PB 0x0000000714200000| Untracked 
| 128|0x0000000714400000, 0x0000000714400000, 0x0000000714600000|  0%| F|  |TAMS 0x0000000714400000| PB 0x0000000714400000| Untracked 
| 129|0x0000000714600000, 0x0000000714600000, 0x0000000714800000|  0%| F|  |TAMS 0x0000000714600000| PB 0x0000000714600000| Untracked 
| 130|0x0000000714800000, 0x0000000714800000, 0x0000000714a00000|  0%| F|  |TAMS 0x0000000714800000| PB 0x0000000714800000| Untracked 
| 131|0x0000000714a00000, 0x0000000714a00000, 0x0000000714c00000|  0%| F|  |TAMS 0x0000000714a00000| PB 0x0000000714a00000| Untracked 
| 132|0x0000000714c00000, 0x0000000714c00000, 0x0000000714e00000|  0%| F|  |TAMS 0x0000000714c00000| PB 0x0000000714c00000| Untracked 
| 133|0x0000000714e00000, 0x0000000714e00000, 0x0000000715000000|  0%| F|  |TAMS 0x0000000714e00000| PB 0x0000000714e00000| Untracked 
| 134|0x0000000715000000, 0x0000000715000000, 0x0000000715200000|  0%| F|  |TAMS 0x0000000715000000| PB 0x0000000715000000| Untracked 
| 135|0x0000000715200000, 0x0000000715200000, 0x0000000715400000|  0%| F|  |TAMS 0x0000000715200000| PB 0x0000000715200000| Untracked 
| 136|0x0000000715400000, 0x0000000715400000, 0x0000000715600000|  0%| F|  |TAMS 0x0000000715400000| PB 0x0000000715400000| Untracked 
| 137|0x0000000715600000, 0x0000000715600000, 0x0000000715800000|  0%| F|  |TAMS 0x0000000715600000| PB 0x0000000715600000| Untracked 
| 138|0x0000000715800000, 0x0000000715800000, 0x0000000715a00000|  0%| F|  |TAMS 0x0000000715800000| PB 0x0000000715800000| Untracked 
| 139|0x0000000715a00000, 0x0000000715a00000, 0x0000000715c00000|  0%| F|  |TAMS 0x0000000715a00000| PB 0x0000000715a00000| Untracked 
| 140|0x0000000715c00000, 0x0000000715c00000, 0x0000000715e00000|  0%| F|  |TAMS 0x0000000715c00000| PB 0x0000000715c00000| Untracked 
| 141|0x0000000715e00000, 0x0000000715e00000, 0x0000000716000000|  0%| F|  |TAMS 0x0000000715e00000| PB 0x0000000715e00000| Untracked 
| 142|0x0000000716000000, 0x0000000716000000, 0x0000000716200000|  0%| F|  |TAMS 0x0000000716000000| PB 0x0000000716000000| Untracked 
| 143|0x0000000716200000, 0x0000000716200000, 0x0000000716400000|  0%| F|  |TAMS 0x0000000716200000| PB 0x0000000716200000| Untracked 
| 144|0x0000000716400000, 0x0000000716400000, 0x0000000716600000|  0%| F|  |TAMS 0x0000000716400000| PB 0x0000000716400000| Untracked 
| 145|0x0000000716600000, 0x0000000716600000, 0x0000000716800000|  0%| F|  |TAMS 0x0000000716600000| PB 0x0000000716600000| Untracked 
| 146|0x0000000716800000, 0x0000000716800000, 0x0000000716a00000|  0%| F|  |TAMS 0x0000000716800000| PB 0x0000000716800000| Untracked 
| 147|0x0000000716a00000, 0x0000000716aab4d0, 0x0000000716c00000| 33%| S|CS|TAMS 0x0000000716a00000| PB 0x0000000716a00000| Complete 
| 148|0x0000000716c00000, 0x0000000716e00000, 0x0000000716e00000|100%| S|CS|TAMS 0x0000000716c00000| PB 0x0000000716c00000| Complete 
| 149|0x0000000716e00000, 0x0000000717000000, 0x0000000717000000|100%| S|CS|TAMS 0x0000000716e00000| PB 0x0000000716e00000| Complete 
| 150|0x0000000717000000, 0x0000000717200000, 0x0000000717200000|100%| S|CS|TAMS 0x0000000717000000| PB 0x0000000717000000| Complete 
| 151|0x0000000717200000, 0x0000000717200000, 0x0000000717400000|  0%| F|  |TAMS 0x0000000717200000| PB 0x0000000717200000| Untracked 
| 152|0x0000000717400000, 0x0000000717400000, 0x0000000717600000|  0%| F|  |TAMS 0x0000000717400000| PB 0x0000000717400000| Untracked 
| 153|0x0000000717600000, 0x0000000717600000, 0x0000000717800000|  0%| F|  |TAMS 0x0000000717600000| PB 0x0000000717600000| Untracked 
| 154|0x0000000717800000, 0x0000000717800000, 0x0000000717a00000|  0%| F|  |TAMS 0x0000000717800000| PB 0x0000000717800000| Untracked 
| 155|0x0000000717a00000, 0x0000000717a00000, 0x0000000717c00000|  0%| F|  |TAMS 0x0000000717a00000| PB 0x0000000717a00000| Untracked 
| 156|0x0000000717c00000, 0x0000000717c00000, 0x0000000717e00000|  0%| F|  |TAMS 0x0000000717c00000| PB 0x0000000717c00000| Untracked 
| 157|0x0000000717e00000, 0x0000000717e00000, 0x0000000718000000|  0%| F|  |TAMS 0x0000000717e00000| PB 0x0000000717e00000| Untracked 
| 158|0x0000000718000000, 0x0000000718000000, 0x0000000718200000|  0%| F|  |TAMS 0x0000000718000000| PB 0x0000000718000000| Untracked 
| 159|0x0000000718200000, 0x0000000718200000, 0x0000000718400000|  0%| F|  |TAMS 0x0000000718200000| PB 0x0000000718200000| Untracked 
| 160|0x0000000718400000, 0x0000000718400000, 0x0000000718600000|  0%| F|  |TAMS 0x0000000718400000| PB 0x0000000718400000| Untracked 
| 161|0x0000000718600000, 0x0000000718600000, 0x0000000718800000|  0%| F|  |TAMS 0x0000000718600000| PB 0x0000000718600000| Untracked 
| 162|0x0000000718800000, 0x0000000718800000, 0x0000000718a00000|  0%| F|  |TAMS 0x0000000718800000| PB 0x0000000718800000| Untracked 
| 163|0x0000000718a00000, 0x0000000718a00000, 0x0000000718c00000|  0%| F|  |TAMS 0x0000000718a00000| PB 0x0000000718a00000| Untracked 
| 164|0x0000000718c00000, 0x0000000718c00000, 0x0000000718e00000|  0%| F|  |TAMS 0x0000000718c00000| PB 0x0000000718c00000| Untracked 
| 165|0x0000000718e00000, 0x0000000718e00000, 0x0000000719000000|  0%| F|  |TAMS 0x0000000718e00000| PB 0x0000000718e00000| Untracked 
| 166|0x0000000719000000, 0x0000000719000000, 0x0000000719200000|  0%| F|  |TAMS 0x0000000719000000| PB 0x0000000719000000| Untracked 
| 167|0x0000000719200000, 0x0000000719200000, 0x0000000719400000|  0%| F|  |TAMS 0x0000000719200000| PB 0x0000000719200000| Untracked 
| 168|0x0000000719400000, 0x0000000719400000, 0x0000000719600000|  0%| F|  |TAMS 0x0000000719400000| PB 0x0000000719400000| Untracked 
| 169|0x0000000719600000, 0x0000000719800000, 0x0000000719800000|100%| E|  |TAMS 0x0000000719600000| PB 0x0000000719600000| Complete 
| 170|0x0000000719800000, 0x0000000719a00000, 0x0000000719a00000|100%| E|CS|TAMS 0x0000000719800000| PB 0x0000000719800000| Complete 
| 171|0x0000000719a00000, 0x0000000719c00000, 0x0000000719c00000|100%| E|CS|TAMS 0x0000000719a00000| PB 0x0000000719a00000| Complete 
| 172|0x0000000719c00000, 0x0000000719e00000, 0x0000000719e00000|100%| E|CS|TAMS 0x0000000719c00000| PB 0x0000000719c00000| Complete 
| 173|0x0000000719e00000, 0x000000071a000000, 0x000000071a000000|100%| E|CS|TAMS 0x0000000719e00000| PB 0x0000000719e00000| Complete 
| 174|0x000000071a000000, 0x000000071a200000, 0x000000071a200000|100%| E|CS|TAMS 0x000000071a000000| PB 0x000000071a000000| Complete 
| 175|0x000000071a200000, 0x000000071a400000, 0x000000071a400000|100%| E|CS|TAMS 0x000000071a200000| PB 0x000000071a200000| Complete 
| 176|0x000000071a400000, 0x000000071a600000, 0x000000071a600000|100%| E|CS|TAMS 0x000000071a400000| PB 0x000000071a400000| Complete 
| 177|0x000000071a600000, 0x000000071a800000, 0x000000071a800000|100%| E|CS|TAMS 0x000000071a600000| PB 0x000000071a600000| Complete 
| 178|0x000000071a800000, 0x000000071aa00000, 0x000000071aa00000|100%| E|CS|TAMS 0x000000071a800000| PB 0x000000071a800000| Complete 
| 179|0x000000071aa00000, 0x000000071ac00000, 0x000000071ac00000|100%| E|CS|TAMS 0x000000071aa00000| PB 0x000000071aa00000| Complete 
| 180|0x000000071ac00000, 0x000000071ae00000, 0x000000071ae00000|100%| E|CS|TAMS 0x000000071ac00000| PB 0x000000071ac00000| Complete 
| 181|0x000000071ae00000, 0x000000071b000000, 0x000000071b000000|100%| E|CS|TAMS 0x000000071ae00000| PB 0x000000071ae00000| Complete 
| 182|0x000000071b000000, 0x000000071b200000, 0x000000071b200000|100%| E|CS|TAMS 0x000000071b000000| PB 0x000000071b000000| Complete 
| 183|0x000000071b200000, 0x000000071b400000, 0x000000071b400000|100%| E|CS|TAMS 0x000000071b200000| PB 0x000000071b200000| Complete 
| 184|0x000000071b400000, 0x000000071b600000, 0x000000071b600000|100%| E|CS|TAMS 0x000000071b400000| PB 0x000000071b400000| Complete 
| 185|0x000000071b600000, 0x000000071b800000, 0x000000071b800000|100%| E|CS|TAMS 0x000000071b600000| PB 0x000000071b600000| Complete 
|2010|0x00000007ff800000, 0x00000007ffa00000, 0x00000007ffa00000|100%| O|  |TAMS 0x00000007ff800000| PB 0x00000007ff800000| Untracked 
|2011|0x00000007ffa00000, 0x00000007ffc00000, 0x00000007ffc00000|100%| O|  |TAMS 0x00000007ffa00000| PB 0x00000007ffa00000| Untracked 
|2012|0x00000007ffc00000, 0x00000007ffe00000, 0x00000007ffe00000|100%| O|  |TAMS 0x00000007ffc00000| PB 0x00000007ffc00000| Untracked 
|2013|0x00000007ffe00000, 0x0000000800000000, 0x0000000800000000|100%| O|  |TAMS 0x00000007ffe00000| PB 0x00000007ffe00000| Untracked 

Card table byte_map: [0x000001bd7eb50000,0x000001bd7f330000] _byte_map_base: 0x000001bd7b32e000

Marking Bits: (CMBitMap*) 0x000001bd6bf4e0d0
 Bits: [0x000001bd00000000, 0x000001bd03ef0000)

Polling page: 0x000001bd69c50000

Metaspace:

Usage:
  Non-class:     83.43 MB used.
      Class:      9.34 MB used.
       Both:     92.77 MB used.

Virtual space:
  Non-class space:      128.00 MB reserved,      83.69 MB ( 65%) committed,  2 nodes.
      Class space:        1.00 GB reserved,       9.56 MB ( <1%) committed,  1 nodes.
             Both:        1.12 GB reserved,      93.25 MB (  8%) committed. 

Chunk freelists:
   Non-Class:  12.16 MB
       Class:  6.35 MB
        Both:  18.50 MB

MaxMetaspaceSize: unlimited
CompressedClassSpaceSize: 1.00 GB
Initial GC threshold: 21.00 MB
Current GC threshold: 155.31 MB
CDS: off
 - commit_granule_bytes: 65536.
 - commit_granule_words: 8192.
 - virtual_space_node_default_size: 8388608.
 - enlarge_chunks_in_place: 1.
 - use_allocation_guard: 0.


Internal statistics:

num_allocs_failed_limit: 6.
num_arena_births: 610.
num_arena_deaths: 0.
num_vsnodes_births: 3.
num_vsnodes_deaths: 0.
num_space_committed: 1489.
num_space_uncommitted: 0.
num_chunks_returned_to_freelist: 6.
num_chunks_taken_from_freelist: 3724.
num_chunk_merges: 6.
num_chunk_splits: 2980.
num_chunks_enlarged: 2621.
num_inconsistent_stats: 0.

CodeHeap 'non-profiled nmethods': size=120000Kb used=10441Kb max_used=11752Kb free=109558Kb
 bounds [0x000001bd76b10000, 0x000001bd77690000, 0x000001bd7e040000]
CodeHeap 'profiled nmethods': size=120000Kb used=58349Kb max_used=64559Kb free=61650Kb
 bounds [0x000001bd6f040000, 0x000001bd72f50000, 0x000001bd76570000]
CodeHeap 'non-nmethods': size=5760Kb used=2105Kb max_used=2172Kb free=3654Kb
 bounds [0x000001bd76570000, 0x000001bd767e0000, 0x000001bd76b10000]
 total_blobs=16887 nmethods=16039 adapters=748
 compilation: enabled
              stopped_count=0, restarted_count=0
 full_count=0

Compilation events (20 events):
Event: 15.600 Thread 0x000001bd0a0e8430 18510       3       org.jetbrains.kotlin.codegen.CommonVariableAsmNameManglingUtils::isValidCharacter (25 bytes)
Event: 15.600 Thread 0x000001bd0a0e8430 nmethod 18510 0x000001bd72f3ce10 code [0x000001bd72f3cfc0, 0x000001bd72f3d188]
Event: 15.601 Thread 0x000001bd0a0e8430 18511       3       org.jetbrains.kotlin.codegen.inline.DefaultMethodUtilKt$$Lambda/0x000000080099cb18::test (9 bytes)
Event: 15.602 Thread 0x000001bd0a0e8430 nmethod 18511 0x000001bd72f3d210 code [0x000001bd72f3d460, 0x000001bd72f3dc78]
Event: 15.602 Thread 0x000001bd0a0e8430 18512       3       org.jetbrains.kotlin.codegen.inline.DefaultMethodUtilKt::expandMaskConditionsAndUpdateVariableNodes$lambda$10 (21 bytes)
Event: 15.602 Thread 0x000001bd0a0e8430 nmethod 18512 0x000001bd72f3df90 code [0x000001bd72f3e1c0, 0x000001bd72f3e940]
Event: 15.603 Thread 0x000001bd0a0e8430 18514   !   3       org.jetbrains.kotlin.codegen.inline.MethodInliner::preprocessNodeBeforeInline (293 bytes)
Event: 15.606 Thread 0x000001bd0a0e8430 nmethod 18514 0x000001bd72f3ec10 code [0x000001bd72f3f1a0, 0x000001bd72f41bf0]
Event: 15.606 Thread 0x000001bd0a0e8430 18516       3       org.jetbrains.kotlin.codegen.inline.MethodInliner::markObsoleteInstruction (339 bytes)
Event: 15.610 Thread 0x000001bd0a0e8430 nmethod 18516 0x000001bd72f42f10 code [0x000001bd72f43680, 0x000001bd72f48540]
Event: 15.611 Thread 0x000001bd0a0e8430 18515       3       org.jetbrains.org.objectweb.asm.tree.analysis.BasicInterpreter::binaryOperation (14 bytes)
Event: 15.611 Thread 0x000001bd0a0e8430 nmethod 18515 0x000001bd72f49c90 code [0x000001bd72f49e60, 0x000001bd72f4a210]
Event: 15.611 Thread 0x000001bd0a0e8430 18517       1       org.jetbrains.kotlin.fir.descriptors.FirModuleDescriptor::getBuiltIns (5 bytes)
Event: 15.611 Thread 0x000001bd0a0e8430 nmethod 18517 0x000001bd77689e10 code [0x000001bd77689fa0, 0x000001bd7768a070]
Event: 15.616 Thread 0x000001bd0a0e8430 18519       3       org.jetbrains.kotlin.codegen.AssertCodegenUtilKt::isCheckAssertionsStatus (50 bytes)
Event: 15.617 Thread 0x000001bd0a0e8430 nmethod 18519 0x000001bd72f4a310 code [0x000001bd72f4a580, 0x000001bd72f4aee8]
Event: 15.619 Thread 0x000001bd0a0e8430 18520       3       org.jetbrains.kotlin.types.DelegatingSimpleType::getConstructor (8 bytes)
Event: 15.619 Thread 0x000001bd0a0e8430 nmethod 18520 0x000001bd72f4b210 code [0x000001bd72f4b3e0, 0x000001bd72f4b670]
Event: 15.619 Thread 0x000001bd0a0e8430 18521       3       org.jetbrains.kotlin.codegen.inline.GlobalInlineContext::getTypesUsedInInlineFunctions (19 bytes)
Event: 15.620 Thread 0x000001bd0a0e8430 nmethod 18521 0x000001bd72f4b790 code [0x000001bd72f4b940, 0x000001bd72f4bc28]

GC Heap History (20 events):
Event: 5.266 GC heap before
{Heap before GC invocations=14 (full 0):
 garbage-first heap   total 155648K, used 127709K [0x0000000704400000, 0x0000000800000000)
  region size 2048K, 28 young (57344K), 4 survivors (8192K)
 Metaspace       used 56355K, committed 56704K, reserved 1114112K
  class space    used 6368K, committed 6528K, reserved 1048576K
}
Event: 5.281 GC heap after
{Heap after GC invocations=15 (full 0):
 garbage-first heap   total 188416K, used 90112K [0x0000000704400000, 0x0000000800000000)
  region size 2048K, 4 young (8192K), 4 survivors (8192K)
 Metaspace       used 56355K, committed 56704K, reserved 1114112K
  class space    used 6368K, committed 6528K, reserved 1048576K
}
Event: 5.760 GC heap before
{Heap before GC invocations=15 (full 0):
 garbage-first heap   total 188416K, used 153600K [0x0000000704400000, 0x0000000800000000)
  region size 2048K, 35 young (71680K), 4 survivors (8192K)
 Metaspace       used 57026K, committed 57408K, reserved 1114112K
  class space    used 6415K, committed 6592K, reserved 1048576K
}
Event: 5.769 GC heap after
{Heap after GC invocations=16 (full 0):
 garbage-first heap   total 188416K, used 105472K [0x0000000704400000, 0x0000000800000000)
  region size 2048K, 5 young (10240K), 5 survivors (10240K)
 Metaspace       used 57026K, committed 57408K, reserved 1114112K
  class space    used 6415K, committed 6592K, reserved 1048576K
}
Event: 6.339 GC heap before
{Heap before GC invocations=16 (full 0):
 garbage-first heap   total 188416K, used 156672K [0x0000000704400000, 0x0000000800000000)
  region size 2048K, 30 young (61440K), 5 survivors (10240K)
 Metaspace       used 57678K, committed 57984K, reserved 1114112K
  class space    used 6463K, committed 6592K, reserved 1048576K
}
Event: 6.354 GC heap after
{Heap after GC invocations=17 (full 0):
 garbage-first heap   total 188416K, used 116736K [0x0000000704400000, 0x0000000800000000)
  region size 2048K, 4 young (8192K), 4 survivors (8192K)
 Metaspace       used 57678K, committed 57984K, reserved 1114112K
  class space    used 6463K, committed 6592K, reserved 1048576K
}
Event: 6.512 GC heap before
{Heap before GC invocations=17 (full 0):
 garbage-first heap   total 194560K, used 161792K [0x0000000704400000, 0x0000000800000000)
  region size 2048K, 26 young (53248K), 4 survivors (8192K)
 Metaspace       used 57678K, committed 57984K, reserved 1114112K
  class space    used 6463K, committed 6592K, reserved 1048576K
}
Event: 6.523 GC heap after
{Heap after GC invocations=18 (full 0):
 garbage-first heap   total 194560K, used 128142K [0x0000000704400000, 0x0000000800000000)
  region size 2048K, 4 young (8192K), 4 survivors (8192K)
 Metaspace       used 57678K, committed 57984K, reserved 1114112K
  class space    used 6463K, committed 6592K, reserved 1048576K
}
Event: 6.613 GC heap before
{Heap before GC invocations=19 (full 0):
 garbage-first heap   total 194560K, used 169102K [0x0000000704400000, 0x0000000800000000)
  region size 2048K, 24 young (49152K), 4 survivors (8192K)
 Metaspace       used 57678K, committed 57984K, reserved 1114112K
  class space    used 6463K, committed 6592K, reserved 1048576K
}
Event: 6.620 GC heap after
{Heap after GC invocations=20 (full 0):
 garbage-first heap   total 194560K, used 138278K [0x0000000704400000, 0x0000000800000000)
  region size 2048K, 3 young (6144K), 3 survivors (6144K)
 Metaspace       used 57678K, committed 57984K, reserved 1114112K
  class space    used 6463K, committed 6592K, reserved 1048576K
}
Event: 6.967 GC heap before
{Heap before GC invocations=20 (full 0):
 garbage-first heap   total 194560K, used 173094K [0x0000000704400000, 0x0000000800000000)
  region size 2048K, 20 young (40960K), 3 survivors (6144K)
 Metaspace       used 57932K, committed 58240K, reserved 1114112K
  class space    used 6480K, committed 6656K, reserved 1048576K
}
Event: 6.977 GC heap after
{Heap after GC invocations=21 (full 0):
 garbage-first heap   total 389120K, used 144941K [0x0000000704400000, 0x0000000800000000)
  region size 2048K, 3 young (6144K), 3 survivors (6144K)
 Metaspace       used 57932K, committed 58240K, reserved 1114112K
  class space    used 6480K, committed 6656K, reserved 1048576K
}
Event: 9.527 GC heap before
{Heap before GC invocations=21 (full 0):
 garbage-first heap   total 389120K, used 306733K [0x0000000704400000, 0x0000000800000000)
  region size 2048K, 83 young (169984K), 3 survivors (6144K)
 Metaspace       used 64215K, committed 64576K, reserved 1114112K
  class space    used 6932K, committed 7104K, reserved 1048576K
}
Event: 9.546 GC heap after
{Heap after GC invocations=22 (full 0):
 garbage-first heap   total 389120K, used 167874K [0x0000000704400000, 0x0000000800000000)
  region size 2048K, 11 young (22528K), 11 survivors (22528K)
 Metaspace       used 64215K, committed 64576K, reserved 1114112K
  class space    used 6932K, committed 7104K, reserved 1048576K
}
Event: 11.552 GC heap before
{Heap before GC invocations=22 (full 0):
 garbage-first heap   total 389120K, used 266178K [0x0000000704400000, 0x0000000800000000)
  region size 2048K, 60 young (122880K), 11 survivors (22528K)
 Metaspace       used 75053K, committed 75456K, reserved 1179648K
  class space    used 7878K, committed 8064K, reserved 1048576K
}
Event: 11.577 GC heap after
{Heap after GC invocations=23 (full 0):
 garbage-first heap   total 389120K, used 186150K [0x0000000704400000, 0x0000000800000000)
  region size 2048K, 8 young (16384K), 8 survivors (16384K)
 Metaspace       used 75053K, committed 75456K, reserved 1179648K
  class space    used 7878K, committed 8064K, reserved 1048576K
}
Event: 14.345 GC heap before
{Heap before GC invocations=24 (full 0):
 garbage-first heap   total 389120K, used 319270K [0x0000000704400000, 0x0000000800000000)
  region size 2048K, 73 young (149504K), 8 survivors (16384K)
 Metaspace       used 91086K, committed 91584K, reserved 1179648K
  class space    used 9289K, committed 9536K, reserved 1048576K
}
Event: 14.362 GC heap after
{Heap after GC invocations=25 (full 0):
 garbage-first heap   total 389120K, used 199882K [0x0000000704400000, 0x0000000800000000)
  region size 2048K, 8 young (16384K), 8 survivors (16384K)
 Metaspace       used 91086K, committed 91584K, reserved 1179648K
  class space    used 9289K, committed 9536K, reserved 1048576K
}
Event: 15.432 GC heap before
{Heap before GC invocations=25 (full 0):
 garbage-first heap   total 389120K, used 269514K [0x0000000704400000, 0x0000000800000000)
  region size 2048K, 43 young (88064K), 8 survivors (16384K)
 Metaspace       used 94852K, committed 95360K, reserved 1179648K
  class space    used 9562K, committed 9792K, reserved 1048576K
}
Event: 15.444 GC heap after
{Heap after GC invocations=26 (full 0):
 garbage-first heap   total 389120K, used 205485K [0x0000000704400000, 0x0000000800000000)
  region size 2048K, 4 young (8192K), 4 survivors (8192K)
 Metaspace       used 94852K, committed 95360K, reserved 1179648K
  class space    used 9562K, committed 9792K, reserved 1048576K
}

Dll operation events (3 events):
Event: 0.006 Loaded shared library C:\Program Files\Android\Android Studio\jbr\bin\java.dll
Event: 0.010 Loaded shared library C:\Program Files\Android\Android Studio\jbr\bin\zip.dll
Event: 0.977 Loaded shared library C:\Program Files\Android\Android Studio\jbr\bin\verify.dll

Deoptimization events (20 events):
Event: 15.411 Thread 0x000001bd69a408c0 DEOPT PACKING pc=0x000001bd729efc69 sp=0x0000000b413fbbd0
Event: 15.411 Thread 0x000001bd69a408c0 DEOPT UNPACKING pc=0x000001bd765c88e2 sp=0x0000000b413fb240 mode 0
Event: 15.458 Thread 0x000001bd69a408c0 DEOPT PACKING pc=0x000001bd729efc69 sp=0x0000000b413f83d0
Event: 15.458 Thread 0x000001bd69a408c0 DEOPT UNPACKING pc=0x000001bd765c88e2 sp=0x0000000b413f7a40 mode 0
Event: 15.476 Thread 0x000001bd69a408c0 DEOPT PACKING pc=0x000001bd729efc69 sp=0x0000000b413f9c70
Event: 15.476 Thread 0x000001bd69a408c0 DEOPT UNPACKING pc=0x000001bd765c88e2 sp=0x0000000b413f92e0 mode 0
Event: 15.501 Thread 0x000001bd69a408c0 DEOPT PACKING pc=0x000001bd729efc69 sp=0x0000000b413fb580
Event: 15.501 Thread 0x000001bd69a408c0 DEOPT UNPACKING pc=0x000001bd765c88e2 sp=0x0000000b413fabf0 mode 0
Event: 15.536 Thread 0x000001bd69a408c0 DEOPT PACKING pc=0x000001bd729efc69 sp=0x0000000b413fbce0
Event: 15.536 Thread 0x000001bd69a408c0 DEOPT UNPACKING pc=0x000001bd765c88e2 sp=0x0000000b413fb350 mode 0
Event: 15.545 Thread 0x000001bd69a408c0 Uncommon trap: trap_request=0xffffff45 fr.pc=0x000001bd77670008 relative=0x0000000000000068
Event: 15.545 Thread 0x000001bd69a408c0 Uncommon trap: reason=unstable_if action=reinterpret pc=0x000001bd77670008 method=org.jetbrains.kotlin.codegen.optimization.boxing.BoxingInterpreterKt.isInlineClassBoxing(Lorg/jetbrains/org/objectweb/asm/tree/AbstractInsnNode;Lorg/jetbrains/kotlin/codegen
Event: 15.545 Thread 0x000001bd69a408c0 DEOPT PACKING pc=0x000001bd77670008 sp=0x0000000b413fcf00
Event: 15.545 Thread 0x000001bd69a408c0 DEOPT UNPACKING pc=0x000001bd765c7da2 sp=0x0000000b413fce68 mode 2
Event: 15.550 Thread 0x000001bd69a408c0 DEOPT PACKING pc=0x000001bd729efc69 sp=0x0000000b413fd380
Event: 15.550 Thread 0x000001bd69a408c0 DEOPT UNPACKING pc=0x000001bd765c88e2 sp=0x0000000b413fc9f0 mode 0
Event: 15.577 Thread 0x000001bd69a408c0 DEOPT PACKING pc=0x000001bd729efc69 sp=0x0000000b413fd380
Event: 15.577 Thread 0x000001bd69a408c0 DEOPT UNPACKING pc=0x000001bd765c88e2 sp=0x0000000b413fc9f0 mode 0
Event: 15.612 Thread 0x000001bd69a408c0 DEOPT PACKING pc=0x000001bd729efc69 sp=0x0000000b413fa5e0
Event: 15.612 Thread 0x000001bd69a408c0 DEOPT UNPACKING pc=0x000001bd765c88e2 sp=0x0000000b413f9c50 mode 0

Classes loaded (20 events):
Event: 13.348 Loading class sun/security/jca/GetInstance$Instance
Event: 13.348 Loading class sun/security/jca/GetInstance$Instance done
Event: 13.348 Loading class java/security/MessageDigest$Delegate
Event: 13.348 Loading class sun/security/util/MessageDigestSpi2
Event: 13.348 Loading class sun/security/util/MessageDigestSpi2 done
Event: 13.348 Loading class java/security/MessageDigest$Delegate done
Event: 13.348 Loading class java/security/MessageDigest$Delegate$CloneableDelegate
Event: 13.348 Loading class java/security/MessageDigest$Delegate$CloneableDelegate done
Event: 13.348 Loading class sun/security/provider/ByteArrayAccess
Event: 13.348 Loading class sun/security/provider/ByteArrayAccess done
Event: 13.348 Loading class sun/security/provider/ByteArrayAccess$LE
Event: 13.348 Loading class sun/security/provider/ByteArrayAccess$LE done
Event: 13.348 Loading class java/util/Base64
Event: 13.349 Loading class java/util/Base64 done
Event: 13.349 Loading class java/util/Base64$Encoder
Event: 13.349 Loading class java/util/Base64$Encoder done
Event: 14.093 Loading class java/lang/TypeNotPresentException
Event: 14.093 Loading class java/lang/TypeNotPresentException done
Event: 14.240 Loading class java/util/Vector$Itr
Event: 14.240 Loading class java/util/Vector$Itr done

Classes unloaded (0 events):
No events

Classes redefined (0 events):
No events

Internal exceptions (20 events):
Event: 12.965 Thread 0x000001bd69a408c0 Implicit null exception at 0x000001bd77395e8e to 0x000001bd77396658
Event: 13.310 Thread 0x000001bd69a408c0 Exception <a 'java/lang/NoSuchMethodError'{0x0000000716157b98}: 'java.lang.Object java.lang.invoke.DirectMethodHandle$Holder.invokeStatic(java.lang.Object, java.lang.Object, java.lang.Object, java.lang.Object, int, java.lang.Object)'> (0x0000000716157b98) 
thrown [s\src\hotspot\share\interpreter\linkResolver.cpp, line 784]
Event: 13.492 Thread 0x000001bd69a408c0 Exception <a 'java/lang/NoSuchMethodError'{0x0000000715a4f390}: 'java.lang.Object java.lang.invoke.DirectMethodHandle$Holder.newInvokeSpecial(java.lang.Object, java.lang.Object, int, java.lang.Object)'> (0x0000000715a4f390) 
thrown [s\src\hotspot\share\interpreter\linkResolver.cpp, line 784]
Event: 13.492 Thread 0x000001bd69a408c0 Exception <a 'java/lang/NoSuchMethodError'{0x0000000715a53cf0}: 'java.lang.Object java.lang.invoke.DirectMethodHandle$Holder.invokeSpecial(java.lang.Object, java.lang.Object, java.lang.Object, int, java.lang.Object)'> (0x0000000715a53cf0) 
thrown [s\src\hotspot\share\interpreter\linkResolver.cpp, line 784]
Event: 13.492 Thread 0x000001bd69a408c0 Exception <a 'java/lang/NoSuchMethodError'{0x0000000715a58180}: 'java.lang.Object java.lang.invoke.Invokers$Holder.linkToTargetMethod(java.lang.Object, int, java.lang.Object, java.lang.Object)'> (0x0000000715a58180) 
thrown [s\src\hotspot\share\interpreter\linkResolver.cpp, line 784]
Event: 13.661 Thread 0x000001bd69a408c0 Exception <a 'java/lang/NoSuchMethodError'{0x00000007157ebb88}: 'java.lang.Object java.lang.invoke.DirectMethodHandle$Holder.invokeStatic(java.lang.Object, java.lang.Object, java.lang.Object, java.lang.Object, java.lang.Object, java.lang.Object, java.lang.Object, int, java.lang.Object, java.lang.Object)'> (0x00000007157ebb88) 
thrown [s\src\hotspot\share\interpreter\linkResolver.cpp, line 784]
Event: 14.158 Thread 0x000001bd69a408c0 Exception <a 'java/lang/NoSuchMethodError'{0x0000000712f4c910}: 'java.lang.Object java.lang.invoke.DirectMethodHandle$Holder.invokeStatic(java.lang.Object, int, int)'> (0x0000000712f4c910) 
thrown [s\src\hotspot\share\interpreter\linkResolver.cpp, line 784]
Event: 14.221 Thread 0x000001bd69a408c0 Exception <a 'java/lang/NoSuchMethodError'{0x0000000712a95260}: 'java.lang.Object java.lang.invoke.DirectMethodHandle$Holder.newInvokeSpecial(java.lang.Object, java.lang.Object, java.lang.Object, java.lang.Object, java.lang.Object, int, java.lang.Object)'> (0x0000000712a95260) 
thrown [s\src\hotspot\share\interpreter\linkResolver.cpp, line 784]
Event: 14.221 Thread 0x000001bd69a408c0 Exception <a 'java/lang/NoSuchMethodError'{0x0000000712a99450}: 'java.lang.Object java.lang.invoke.DirectMethodHandle$Holder.invokeSpecial(java.lang.Object, java.lang.Object, java.lang.Object, java.lang.Object, java.lang.Object, java.lang.Object, int, java.lang.Object)'> (0x0000000712a99450) 
thrown [s\src\hotspot\share\interpreter\linkResolver.cpp, line 784]
Event: 14.221 Thread 0x000001bd69a408c0 Exception <a 'java/lang/NoSuchMethodError'{0x0000000712a9cbc0}: 'java.lang.Object java.lang.invoke.Invokers$Holder.linkToTargetMethod(java.lang.Object, java.lang.Object, java.lang.Object, java.lang.Object, int, java.lang.Object, java.lang.Object)'> (0x0000000712a9cbc0) 
thrown [s\src\hotspot\share\interpreter\linkResolver.cpp, line 784]
Event: 14.496 Thread 0x000001bd69a408c0 Exception <a 'java/lang/NoSuchMethodError'{0x000000071b006920}: 'java.lang.Object java.lang.invoke.DirectMethodHandle$Holder.newInvokeSpecial(java.lang.Object, java.lang.Object, java.lang.Object, java.lang.Object, int, java.lang.Object)'> (0x000000071b006920) 
thrown [s\src\hotspot\share\interpreter\linkResolver.cpp, line 784]
Event: 14.496 Thread 0x000001bd69a408c0 Exception <a 'java/lang/NoSuchMethodError'{0x000000071b00b150}: 'java.lang.Object java.lang.invoke.DirectMethodHandle$Holder.invokeSpecial(java.lang.Object, java.lang.Object, java.lang.Object, java.lang.Object, java.lang.Object, int, java.lang.Object)'> (0x000000071b00b150) 
thrown [s\src\hotspot\share\interpreter\linkResolver.cpp, line 784]
Event: 14.496 Thread 0x000001bd69a408c0 Exception <a 'java/lang/NoSuchMethodError'{0x000000071b00f288}: 'java.lang.Object java.lang.invoke.Invokers$Holder.linkToTargetMethod(java.lang.Object, java.lang.Object, java.lang.Object, int, java.lang.Object, java.lang.Object)'> (0x000000071b00f288) 
thrown [s\src\hotspot\share\interpreter\linkResolver.cpp, line 784]
Event: 14.505 Thread 0x000001bd69a408c0 Exception <a 'java/lang/NoSuchMethodError'{0x000000071b06a348}: 'java.lang.Object java.lang.invoke.DirectMethodHandle$Holder.newInvokeSpecial(java.lang.Object, java.lang.Object, java.lang.Object, int, java.lang.Object)'> (0x000000071b06a348) 
thrown [s\src\hotspot\share\interpreter\linkResolver.cpp, line 784]
Event: 14.505 Thread 0x000001bd69a408c0 Exception <a 'java/lang/NoSuchMethodError'{0x000000071b06e7a0}: 'java.lang.Object java.lang.invoke.DirectMethodHandle$Holder.invokeSpecial(java.lang.Object, java.lang.Object, java.lang.Object, java.lang.Object, int, java.lang.Object)'> (0x000000071b06e7a0) 
thrown [s\src\hotspot\share\interpreter\linkResolver.cpp, line 784]
Event: 14.505 Thread 0x000001bd69a408c0 Exception <a 'java/lang/NoSuchMethodError'{0x000000071b072298}: 'java.lang.Object java.lang.invoke.Invokers$Holder.linkToTargetMethod(java.lang.Object, java.lang.Object, int, java.lang.Object, java.lang.Object)'> (0x000000071b072298) 
thrown [s\src\hotspot\share\interpreter\linkResolver.cpp, line 784]
Event: 14.598 Thread 0x000001bd69a408c0 Exception <a 'java/lang/NoSuchMethodError'{0x000000071acb2a78}: 'java.lang.Object java.lang.invoke.DirectMethodHandle$Holder.invokeStatic(java.lang.Object, java.lang.Object, java.lang.Object, java.lang.Object, java.lang.Object, int)'> (0x000000071acb2a78) 
thrown [s\src\hotspot\share\interpreter\linkResolver.cpp, line 784]
Event: 15.052 Thread 0x000001bd69a408c0 Exception <a 'java/lang/NoSuchMethodError'{0x0000000719145848}: 'java.lang.Object java.lang.invoke.DirectMethodHandle$Holder.newInvokeSpecial(java.lang.Object, int, int, java.lang.Object)'> (0x0000000719145848) 
thrown [s\src\hotspot\share\interpreter\linkResolver.cpp, line 784]
Event: 15.052 Thread 0x000001bd69a408c0 Exception <a 'java/lang/NoSuchMethodError'{0x0000000719149d78}: 'java.lang.Object java.lang.invoke.DirectMethodHandle$Holder.invokeSpecial(java.lang.Object, java.lang.Object, int, int, java.lang.Object)'> (0x0000000719149d78) 
thrown [s\src\hotspot\share\interpreter\linkResolver.cpp, line 784]
Event: 15.053 Thread 0x000001bd69a408c0 Exception <a 'java/lang/NoSuchMethodError'{0x0000000719157198}: 'java.lang.Object java.lang.invoke.DirectMethodHandle$Holder.invokeStatic(java.lang.Object, java.lang.Object, int, int, java.lang.Object)'> (0x0000000719157198) 
thrown [s\src\hotspot\share\interpreter\linkResolver.cpp, line 784]

ZGC Phase Switch (0 events):
No events

VM Operations (20 events):
Event: 14.583 Executing VM operation: HandshakeAllThreads (Deoptimize) done
Event: 14.660 Executing VM operation: ICBufferFull
Event: 14.660 Executing VM operation: ICBufferFull done
Event: 14.743 Executing VM operation: ICBufferFull
Event: 14.744 Executing VM operation: ICBufferFull done
Event: 14.888 Executing VM operation: ICBufferFull
Event: 14.888 Executing VM operation: ICBufferFull done
Event: 14.952 Executing VM operation: ICBufferFull
Event: 14.953 Executing VM operation: ICBufferFull done
Event: 15.066 Executing VM operation: ICBufferFull
Event: 15.066 Executing VM operation: ICBufferFull done
Event: 15.185 Executing VM operation: ICBufferFull
Event: 15.185 Executing VM operation: ICBufferFull done
Event: 15.226 Executing VM operation: HandshakeAllThreads (Deoptimize)
Event: 15.226 Executing VM operation: HandshakeAllThreads (Deoptimize) done
Event: 15.311 Executing VM operation: ICBufferFull
Event: 15.311 Executing VM operation: ICBufferFull done
Event: 15.432 Executing VM operation: G1TryInitiateConcMark (CodeCache GC Threshold)
Event: 15.444 Executing VM operation: G1TryInitiateConcMark (CodeCache GC Threshold) done
Event: 15.649 Executing VM operation: G1PauseRemark

Memory protections (0 events):
No events

Nmethod flushes (20 events):
Event: 11.744 Thread 0x000001bd0a042e10 flushing  nmethod 0x000001bd6fb3c810
Event: 11.744 Thread 0x000001bd0a042e10 flushing  nmethod 0x000001bd6fb46990
Event: 11.744 Thread 0x000001bd0a042e10 flushing  nmethod 0x000001bd6fb47510
Event: 11.744 Thread 0x000001bd0a042e10 flushing  nmethod 0x000001bd6fb4b310
Event: 11.744 Thread 0x000001bd0a042e10 flushing  nmethod 0x000001bd6fc59710
Event: 11.744 Thread 0x000001bd0a042e10 flushing  nmethod 0x000001bd6fd15290
Event: 11.744 Thread 0x000001bd0a042e10 flushing  nmethod 0x000001bd6fd2c510
Event: 11.744 Thread 0x000001bd0a042e10 flushing  nmethod 0x000001bd6fdb2290
Event: 11.744 Thread 0x000001bd0a042e10 flushing  nmethod 0x000001bd6fe28410
Event: 11.744 Thread 0x000001bd0a042e10 flushing  nmethod 0x000001bd6fe32710
Event: 11.744 Thread 0x000001bd0a042e10 flushing  nmethod 0x000001bd6fe35610
Event: 11.744 Thread 0x000001bd0a042e10 flushing  nmethod 0x000001bd6fee6b10
Event: 11.744 Thread 0x000001bd0a042e10 flushing  nmethod 0x000001bd6fee9b10
Event: 11.744 Thread 0x000001bd0a042e10 flushing  nmethod 0x000001bd6feeb310
Event: 11.744 Thread 0x000001bd0a042e10 flushing  nmethod 0x000001bd6feedc10
Event: 11.744 Thread 0x000001bd0a042e10 flushing  nmethod 0x000001bd7010a810
Event: 11.744 Thread 0x000001bd0a042e10 flushing  nmethod 0x000001bd70114b10
Event: 11.744 Thread 0x000001bd0a042e10 flushing  nmethod 0x000001bd701a2f90
Event: 11.744 Thread 0x000001bd0a042e10 flushing  nmethod 0x000001bd7039f210
Event: 11.744 Thread 0x000001bd0a042e10 flushing  nmethod 0x000001bd70576410

Events (20 events):
Event: 0.042 Thread 0x000001bd69a408c0 Thread added: 0x000001bd0a0c7990
Event: 0.042 Thread 0x000001bd69a408c0 Thread added: 0x000001bd0a0e8430
Event: 0.073 Thread 0x000001bd69a408c0 Thread added: 0x000001bd0a29a090
Event: 0.076 Thread 0x000001bd69a408c0 Thread added: 0x000001bd0a2a6840
Event: 0.082 Loaded shared library C:\Program Files\Android\Android Studio\jbr\bin\net.dll
Event: 0.083 Loaded shared library C:\Program Files\Android\Android Studio\jbr\bin\nio.dll
Event: 0.095 Thread 0x000001bd0a0c7990 Thread added: 0x000001bd0a322700
Event: 0.095 Thread 0x000001bd0a0c7990 Thread added: 0x000001bd0a322da0
Event: 0.102 Loaded shared library C:\Program Files\Android\Android Studio\jbr\bin\zip.dll
Event: 0.130 Loaded shared library C:\Program Files\Android\Android Studio\jbr\bin\jimage.dll
Event: 0.677 Thread 0x000001bd0a322da0 Thread exited: 0x000001bd0a322da0
Event: 0.680 Thread 0x000001bd0a322700 Thread exited: 0x000001bd0a322700
Event: 1.031 Thread 0x000001bd0a0c7990 Thread added: 0x000001bd0af96a80
Event: 1.038 Thread 0x000001bd0a0e8430 Thread added: 0x000001bd0af54340
Event: 1.806 Thread 0x000001bd0af54340 Thread exited: 0x000001bd0af54340
Event: 1.981 Thread 0x000001bd0a0e8430 Thread added: 0x000001bd0bf5cbc0
Event: 2.570 Thread 0x000001bd0bf5cbc0 Thread exited: 0x000001bd0bf5cbc0
Event: 2.603 Thread 0x000001bd0af96a80 Thread exited: 0x000001bd0af96a80
Event: 2.841 Thread 0x000001bd0a0e8430 Thread added: 0x000001bd0bf5cbc0
Event: 2.845 Thread 0x000001bd0a0e8430 Thread added: 0x000001bd0af96970


Dynamic libraries:
0x00007ff72fd90000 - 0x00007ff72fd9a000 	C:\Program Files\Android\Android Studio\jbr\bin\java.exe
0x00007ff8a3620000 - 0x00007ff8a3886000 	C:\WINDOWS\SYSTEM32\ntdll.dll
0x00007ff8a24a0000 - 0x00007ff8a2569000 	C:\WINDOWS\System32\KERNEL32.DLL
0x00007ff8a0a40000 - 0x00007ff8a0e0c000 	C:\WINDOWS\System32\KERNELBASE.dll
0x00007ff8a0e40000 - 0x00007ff8a0f8b000 	C:\WINDOWS\System32\ucrtbase.dll
0x00007ff89aa90000 - 0x00007ff89aaa8000 	C:\Program Files\Android\Android Studio\jbr\bin\jli.dll
0x00007ff888970000 - 0x00007ff88898b000 	C:\Program Files\Android\Android Studio\jbr\bin\VCRUNTIME140.dll
0x00007ff8a28a0000 - 0x00007ff8a2a6a000 	C:\WINDOWS\System32\USER32.dll
0x00007ff8a0e10000 - 0x00007ff8a0e37000 	C:\WINDOWS\System32\win32u.dll
0x00007ff8848f0000 - 0x00007ff884b8a000 	C:\WINDOWS\WinSxS\amd64_microsoft.windows.common-controls_6595b64144ccf1df_6.0.26100.3912_none_3e07963ce335137e\COMCTL32.dll
0x00007ff8a2470000 - 0x00007ff8a249b000 	C:\WINDOWS\System32\GDI32.dll
0x00007ff8a2310000 - 0x00007ff8a23b9000 	C:\WINDOWS\System32\msvcrt.dll
0x00007ff8a0870000 - 0x00007ff8a09a2000 	C:\WINDOWS\System32\gdi32full.dll
0x00007ff8a1330000 - 0x00007ff8a13d3000 	C:\WINDOWS\System32\msvcp_win.dll
0x00007ff8a1520000 - 0x00007ff8a1550000 	C:\WINDOWS\System32\IMM32.DLL
0x00007ff8987d0000 - 0x00007ff8987dc000 	C:\Program Files\Android\Android Studio\jbr\bin\vcruntime140_1.dll
0x00007ff86b280000 - 0x00007ff86b30d000 	C:\Program Files\Android\Android Studio\jbr\bin\msvcp140.dll
0x00007fffff360000 - 0x00007ffffffeb000 	C:\Program Files\Android\Android Studio\jbr\bin\server\jvm.dll
0x00007ff8a13e0000 - 0x00007ff8a1492000 	C:\WINDOWS\System32\ADVAPI32.dll
0x00007ff8a1ed0000 - 0x00007ff8a1f76000 	C:\WINDOWS\System32\sechost.dll
0x00007ff8a1a00000 - 0x00007ff8a1b16000 	C:\WINDOWS\System32\RPCRT4.dll
0x00007ff8a14a0000 - 0x00007ff8a1514000 	C:\WINDOWS\System32\WS2_32.dll
0x00007ff89f400000 - 0x00007ff89f45e000 	C:\WINDOWS\SYSTEM32\POWRPROF.dll
0x00007ff895b50000 - 0x00007ff895b5b000 	C:\WINDOWS\SYSTEM32\VERSION.dll
0x00007ff8937c0000 - 0x00007ff8937f6000 	C:\WINDOWS\SYSTEM32\WINMM.dll
0x00007ff89f3e0000 - 0x00007ff89f3f4000 	C:\WINDOWS\SYSTEM32\UMPDC.dll
0x00007ff89f690000 - 0x00007ff89f6aa000 	C:\WINDOWS\SYSTEM32\kernel.appcore.dll
0x00007ff896b40000 - 0x00007ff896b4a000 	C:\Program Files\Android\Android Studio\jbr\bin\jimage.dll
0x00007ff89d9a0000 - 0x00007ff89dbe1000 	C:\WINDOWS\SYSTEM32\DBGHELP.DLL
0x00007ff8a1b20000 - 0x00007ff8a1ea4000 	C:\WINDOWS\System32\combase.dll
0x00007ff8a34e0000 - 0x00007ff8a35c0000 	C:\WINDOWS\System32\OLEAUT32.dll
0x00007ff86f8d0000 - 0x00007ff86f909000 	C:\WINDOWS\SYSTEM32\dbgcore.DLL
0x00007ff8a1290000 - 0x00007ff8a1329000 	C:\WINDOWS\System32\bcryptPrimitives.dll
0x00007ff885930000 - 0x00007ff885950000 	C:\Program Files\Android\Android Studio\jbr\bin\java.dll
0x00007ff8858e0000 - 0x00007ff8858f8000 	C:\Program Files\Android\Android Studio\jbr\bin\zip.dll
0x00007ff8a2c30000 - 0x00007ff8a335d000 	C:\WINDOWS\System32\SHELL32.dll
0x00007ff8a1110000 - 0x00007ff8a1284000 	C:\WINDOWS\System32\wintypes.dll
0x00007ff89e460000 - 0x00007ff89ecb6000 	C:\WINDOWS\SYSTEM32\windows.storage.dll
0x00007ff8a2570000 - 0x00007ff8a265f000 	C:\WINDOWS\System32\SHCORE.dll
0x00007ff8a2830000 - 0x00007ff8a2899000 	C:\WINDOWS\System32\shlwapi.dll
0x00007ff8a06c0000 - 0x00007ff8a06ef000 	C:\WINDOWS\SYSTEM32\profapi.dll
0x00007ff8968c0000 - 0x00007ff8968d0000 	C:\Program Files\Android\Android Studio\jbr\bin\net.dll
0x00007ff8973b0000 - 0x00007ff8974ce000 	C:\WINDOWS\SYSTEM32\WINHTTP.dll
0x00007ff89fc00000 - 0x00007ff89fc6a000 	C:\WINDOWS\system32\mswsock.dll
0x00007ff8858c0000 - 0x00007ff8858d6000 	C:\Program Files\Android\Android Studio\jbr\bin\nio.dll
0x00007ff895dc0000 - 0x00007ff895dd0000 	C:\Program Files\Android\Android Studio\jbr\bin\verify.dll

dbghelp: loaded successfully - version: 4.0.5 - missing functions: none
symbol engine: initialized successfully - sym options: 0x614 - pdb path: .;C:\Program Files\Android\Android Studio\jbr\bin;C:\WINDOWS\SYSTEM32;C:\WINDOWS\WinSxS\amd64_microsoft.windows.common-controls_6595b64144ccf1df_6.0.26100.3912_none_3e07963ce335137e;C:\Program Files\Android\Android Studio\jbr\bin\server

VM Arguments:
java_command: org.jetbrains.kotlin.cli.jvm.K2JVMCompiler @E:\Android\Tannithea\app\build\20250504_3054766193979575155.compiler.options
java_class_path (initial): C:\Users\Administrator\.gradle\caches\modules-2\files-2.1\org.jetbrains.kotlin\kotlin-compiler-embeddable\2.0.0\1de310de3446414381282ffc46c3ed3919a4d1da\kotlin-compiler-embeddable-2.0.0.jar;C:\Users\Administrator\.gradle\caches\modules-2\files-2.1\org.jetbrains.kotlin\kotlin-stdlib\2.0.0\b48df2c4aede9586cc931ead433bc02d6fd7879e\kotlin-stdlib-2.0.0.jar;C:\Users\Administrator\.gradle\caches\modules-2\files-2.1\org.jetbrains.kotlin\kotlin-script-runtime\2.0.0\fdc27dd047d592fa41d2dfa21e7621287a361612\kotlin-script-runtime-2.0.0.jar;C:\Users\Administrator\.gradle\caches\modules-2\files-2.1\org.jetbrains.kotlin\kotlin-reflect\1.6.10\1cbe9c92c12a94eea200d23c2bbaedaf3daf5132\kotlin-reflect-1.6.10.jar;C:\Users\Administrator\.gradle\caches\modules-2\files-2.1\org.jetbrains.kotlin\kotlin-daemon-embeddable\2.0.0\b39c612768614c4428c96ee9c65477181fffe9d\kotlin-daemon-embeddable-2.0.0.jar;C:\Users\Administrator\.gradle\caches\modules-2\files-2.1\org.jetbrains.intellij.deps\trove4j\1.0.20200330\3afb14d5f9ceb459d724e907a21145e8ff394f02\trove4j-1.0.20200330.jar;C:\Users\Administrator\.gradle\caches\modules-2\files-2.1\org.jetbrains\annotations\13.0\919f0dfe192fb4e063e7dacadee7f8bb9a2672a9\annotations-13.0.jar
Launcher Type: SUN_STANDARD

[Global flags]
     intx CICompilerCount                          = 4                                         {product} {ergonomic}
     uint ConcGCThreads                            = 2                                         {product} {ergonomic}
     uint G1ConcRefinementThreads                  = 8                                         {product} {ergonomic}
   size_t G1HeapRegionSize                         = 2097152                                   {product} {ergonomic}
    uintx GCDrainStackTargetSize                   = 64                                        {product} {ergonomic}
   size_t InitialHeapSize                          = 264241152                                 {product} {ergonomic}
   size_t MarkStackSize                            = 4194304                                   {product} {ergonomic}
   size_t MaxHeapSize                              = 4223664128                                {product} {ergonomic}
   size_t MaxNewSize                               = 2533359616                                {product} {ergonomic}
   size_t MinHeapDeltaBytes                        = 2097152                                   {product} {ergonomic}
   size_t MinHeapSize                              = 8388608                                   {product} {ergonomic}
    uintx NonNMethodCodeHeapSize                   = 5839372                                {pd product} {ergonomic}
    uintx NonProfiledCodeHeapSize                  = 122909434                              {pd product} {ergonomic}
    uintx ProfiledCodeHeapSize                     = 122909434                              {pd product} {ergonomic}
    uintx ReservedCodeCacheSize                    = 251658240                              {pd product} {ergonomic}
     bool SegmentedCodeCache                       = true                                      {product} {ergonomic}
   size_t SoftMaxHeapSize                          = 4223664128                             {manageable} {ergonomic}
     bool UseCompressedOops                        = true                           {product lp64_product} {ergonomic}
     bool UseG1GC                                  = true                                      {product} {ergonomic}
     bool UseLargePagesIndividualAllocation        = false                                  {pd product} {ergonomic}

Logging:
Log output configuration:
 #0: stdout all=warning uptime,level,tags foldmultilines=false
 #1: stderr all=off uptime,level,tags foldmultilines=false

Environment Variables:
PATH=C:\Program Files (x86)\Common Files\Oracle\Java\javapath;C:\WINDOWS\system32;C:\WINDOWS;C:\WINDOWS\System32\Wbem;C:\WINDOWS\System32\WindowsPowerShell\v1.0\;C:\WINDOWS\System32\OpenSSH\;C:\Program Files\Git\cmd;C:\Program Files\dotnet\;C:\ProgramData\chocolatey\bin;C:\Program Files\Cloudflare\Cloudflare WARP\;C:\Users\Administrator\.local\bin;C:\Users\Administrator\AppData\Local\Microsoft\WindowsApps;C:\Users\Administrator\AppData\Local\Programs\Microsoft VS Code\bin;C:\ffmpeg;C:\Users\Administrator\ffmpeg;C:\Users\Administrator\AppData\Local\Programs\cursor\resources\app\bin
USERNAME=Administrator
OS=Windows_NT
PROCESSOR_IDENTIFIER=Intel64 Family 6 Model 140 Stepping 1, GenuineIntel
TMP=C:\Users\ADMINI~1\AppData\Local\Temp
TEMP=C:\Users\ADMINI~1\AppData\Local\Temp




Periodic native trim disabled

JNI global refs:
JNI global refs: 13, weak refs: 18

JNI global refs memory usage: 835, weak refs: 833

Process memory usage:
Resident Set Size: 718324K (4% of 16493352K total physical memory with 1644256K free physical memory)

OOME stack traces (most recent first):
Classloader memory used:
Loader jdk.internal.loader.ClassLoaders$AppClassLoader                                 : 80389K
Loader bootstrap                                                                       : 11960K
Loader java.net.URLClassLoader                                                         : 2649K

---------------  S Y S T E M  ---------------

OS:
 Windows 11 , 64 bit Build 26100 (10.0.26100.3912)
OS uptime: 0 days 3:40 hours

CPU: total 8 (initial active 8) (4 cores per cpu, 2 threads per core) family 6 model 140 stepping 1 microcode 0xbc, cx8, cmov, fxsr, ht, mmx, 3dnowpref, sse, sse2, sse3, ssse3, sse4.1, sse4.2, popcnt, lzcnt, tsc, tscinvbit, avx, avx2, aes, erms, clmul, bmi1, bmi2, adx, avx512f, avx512dq, avx512cd, avx512bw, avx512vl, sha, fma, vzeroupper, avx512_vpopcntdq, avx512_vpclmulqdq, avx512_vaes, avx512_vnni, clflush, clflushopt, clwb, avx512_vbmi2, avx512_vbmi, rdtscp, rdpid, fsrm, gfni, avx512_bitalg, f16c, pku, cet_ibt, cet_ss, avx512_ifma
Processor Information for the first 8 processors :
  Max Mhz: 2419, Current Mhz: 2419, Mhz Limit: 2419

Memory: 4k page, system-wide physical 16106M (1605M free)
TotalPageFile size 20202M (AvailPageFile size 11M)
current process WorkingSet (physical memory assigned to process): 701M, peak: 708M
current process commit charge ("private bytes"): 730M, peak: 737M

vm_info: OpenJDK 64-Bit Server VM (21.0.6+-13355223-b631.42) for windows-amd64 JRE (21.0.6+-13355223-b631.42), built on 2025-04-14T18:21:23Z by "builder" with MS VC++ 16.10 / 16.11 (VS2019)

END.
